/home/grads/abv5402/cse530-labfiles/scale-sim-v2/configs/config_1_os.cfg
Topology file: /home/grads/abv5402/cse530-labfiles/scale-sim-v2/topologies/conv_nets/abhiramnet.csv
abhiramnet
====================================================
******************* SCALE SIM **********************
====================================================
Array Size: 	128x128
SRAM IFMAP (kB): 	6144
SRAM Filter (kB): 	6144
SRAM OFMAP (kB): 	2048
Dataflow: 	Output Stationary
CSV file path: 	/home/grads/abv5402/cse530-labfiles/scale-sim-v2/topologies/conv_nets/abhiramnet.csv
Working in ESTIMATE BANDWIDTH mode.
====================================================

Running Layer 0
Compute cycles: 27537
Stall cycles: 0
Overall utilization: 2.40%
Mapping efficiency: 25.00%
Average IFMAP DRAM BW: 7.975 words/cycle
Average Filter DRAM BW: 0.137 words/cycle
Average OFMAP DRAM BW: 128.000 words/cycle
Saving traces: Done!

Running Layer 1
Compute cycles: 51489
Stall cycles: 0
Overall utilization: 0.41%
Mapping efficiency: 0.78%
Average IFMAP DRAM BW: 9.115 words/cycle
Average Filter DRAM BW: 0.046 words/cycle
Average OFMAP DRAM BW: 127.368 words/cycle
Saving traces: Done!

Running Layer 2
Compute cycles: 41499
Stall cycles: 0
Overall utilization: 51.01%
Mapping efficiency: 73.50%
Average IFMAP DRAM BW: 9.816 words/cycle
Average Filter DRAM BW: 8.789 words/cycle
Average OFMAP DRAM BW: 128.000 words/cycle
Saving traces: Done!

Running Layer 3
Compute cycles: 7949
Stall cycles: 0
Overall utilization: 19.73%
Mapping efficiency: 98.00%
Average IFMAP DRAM BW: 7.975 words/cycle
Average Filter DRAM BW: 1.302 words/cycle
Average OFMAP DRAM BW: 128.000 words/cycle
Saving traces: Done!

Running Layer 4
Compute cycles: 7949
Stall cycles: 0
Overall utilization: 19.73%
Mapping efficiency: 98.00%
Average IFMAP DRAM BW: 7.975 words/cycle
Average Filter DRAM BW: 1.302 words/cycle
Average OFMAP DRAM BW: 128.000 words/cycle
Saving traces: Done!

Running Layer 5
Compute cycles: 64675
Stall cycles: 0
Overall utilization: 60.87%
Mapping efficiency: 74.29%
Average IFMAP DRAM BW: 9.115 words/cycle
Average Filter DRAM BW: 8.789 words/cycle
Average OFMAP DRAM BW: 128.000 words/cycle
Saving traces: Done!

Running Layer 6
Compute cycles: 9549
Stall cycles: 0
Overall utilization: 32.84%
Mapping efficiency: 98.00%
Average IFMAP DRAM BW: 9.115 words/cycle
Average Filter DRAM BW: 2.604 words/cycle
Average OFMAP DRAM BW: 128.000 words/cycle
Saving traces: Done!

Running Layer 7
Compute cycles: 9549
Stall cycles: 0
Overall utilization: 32.84%
Mapping efficiency: 98.00%
Average IFMAP DRAM BW: 9.115 words/cycle
Average Filter DRAM BW: 2.604 words/cycle
Average OFMAP DRAM BW: 128.000 words/cycle
Saving traces: Done!

Running Layer 8
Compute cycles: 9841
Stall cycles: 0
Overall utilization: 0.56%
Mapping efficiency: 0.68%
Average IFMAP DRAM BW: 9.115 words/cycle
Average Filter DRAM BW: 0.183 words/cycle
Average OFMAP DRAM BW: 112.000 words/cycle
Saving traces: Done!

Running Layer 9
Compute cycles: 7139
Stall cycles: 0
Overall utilization: 43.93%
Mapping efficiency: 87.50%
Average IFMAP DRAM BW: 7.975 words/cycle
Average Filter DRAM BW: 5.208 words/cycle
Average OFMAP DRAM BW: 128.000 words/cycle
Saving traces: Done!

Running Layer 10
Compute cycles: 30695
Stall cycles: 0
Overall utilization: 59.46%
Mapping efficiency: 66.02%
Average IFMAP DRAM BW: 7.975 words/cycle
Average Filter DRAM BW: 8.789 words/cycle
Average OFMAP DRAM BW: 128.000 words/cycle
Saving traces: Done!

Running Layer 11
Compute cycles: 7139
Stall cycles: 0
Overall utilization: 43.93%
Mapping efficiency: 87.50%
Average IFMAP DRAM BW: 7.975 words/cycle
Average Filter DRAM BW: 5.208 words/cycle
Average OFMAP DRAM BW: 128.000 words/cycle
Saving traces: Done!

Running Layer 12
Compute cycles: 7139
Stall cycles: 0
Overall utilization: 43.93%
Mapping efficiency: 87.50%
Average IFMAP DRAM BW: 7.975 words/cycle
Average Filter DRAM BW: 5.208 words/cycle
Average OFMAP DRAM BW: 128.000 words/cycle
Saving traces: Done!

Running Layer 13
Compute cycles: 5347
Stall cycles: 0
Overall utilization: 29.32%
Mapping efficiency: 87.50%
Average IFMAP DRAM BW: 7.975 words/cycle
Average Filter DRAM BW: 5.208 words/cycle
Average OFMAP DRAM BW: 128.000 words/cycle
Saving traces: Done!

Running Layer 14
Compute cycles: 30695
Stall cycles: 0
Overall utilization: 79.28%
Mapping efficiency: 88.02%
Average IFMAP DRAM BW: 7.975 words/cycle
Average Filter DRAM BW: 9.375 words/cycle
Average OFMAP DRAM BW: 128.000 words/cycle
Saving traces: Done!

Running Layer 15
Compute cycles: 7139
Stall cycles: 0
Overall utilization: 43.93%
Mapping efficiency: 87.50%
Average IFMAP DRAM BW: 7.975 words/cycle
Average Filter DRAM BW: 5.208 words/cycle
Average OFMAP DRAM BW: 128.000 words/cycle
Saving traces: Done!

Running Layer 16
Compute cycles: 30695
Stall cycles: 0
Overall utilization: 79.28%
Mapping efficiency: 88.02%
Average IFMAP DRAM BW: 7.975 words/cycle
Average Filter DRAM BW: 9.375 words/cycle
Average OFMAP DRAM BW: 128.000 words/cycle
Saving traces: Done!

Running Layer 17
Compute cycles: 7139
Stall cycles: 0
Overall utilization: 43.93%
Mapping efficiency: 87.50%
Average IFMAP DRAM BW: 7.975 words/cycle
Average Filter DRAM BW: 5.208 words/cycle
Average OFMAP DRAM BW: 128.000 words/cycle
Saving traces: Done!

Running Layer 18
Compute cycles: 7139
Stall cycles: 0
Overall utilization: 43.93%
Mapping efficiency: 87.50%
Average IFMAP DRAM BW: 7.975 words/cycle
Average Filter DRAM BW: 5.208 words/cycle
Average OFMAP DRAM BW: 128.000 words/cycle
Saving traces: Done!

Running Layer 19
Compute cycles: 30695
Stall cycles: 0
Overall utilization: 79.28%
Mapping efficiency: 88.02%
Average IFMAP DRAM BW: 7.975 words/cycle
Average Filter DRAM BW: 9.375 words/cycle
Average OFMAP DRAM BW: 128.000 words/cycle
Saving traces: Done!

Running Layer 20
Compute cycles: 7139
Stall cycles: 0
Overall utilization: 43.93%
Mapping efficiency: 87.50%
Average IFMAP DRAM BW: 7.975 words/cycle
Average Filter DRAM BW: 5.208 words/cycle
Average OFMAP DRAM BW: 128.000 words/cycle
Saving traces: Done!

Running Layer 21
Compute cycles: 10231
Stall cycles: 0
Overall utilization: 51.73%
Mapping efficiency: 57.42%
Average IFMAP DRAM BW: 7.975 words/cycle
Average Filter DRAM BW: 8.789 words/cycle
Average OFMAP DRAM BW: 128.000 words/cycle
Saving traces: Done!

Running Layer 22
Compute cycles: 4079
Stall cycles: 0
Overall utilization: 38.44%
Mapping efficiency: 76.56%
Average IFMAP DRAM BW: 7.975 words/cycle
Average Filter DRAM BW: 6.944 words/cycle
Average OFMAP DRAM BW: 128.000 words/cycle
Saving traces: Done!

Running Layer 23
Compute cycles: 9723
Stall cycles: 0
Overall utilization: 39.99%
Mapping efficiency: 42.19%
Average IFMAP DRAM BW: 7.975 words/cycle
Average Filter DRAM BW: 8.789 words/cycle
Average OFMAP DRAM BW: 128.000 words/cycle
Saving traces: Done!

Running Layer 24
Compute cycles: 9723
Stall cycles: 0
Overall utilization: 39.99%
Mapping efficiency: 42.19%
Average IFMAP DRAM BW: 7.975 words/cycle
Average Filter DRAM BW: 8.789 words/cycle
Average OFMAP DRAM BW: 128.000 words/cycle
Saving traces: Done!

Running Layer 25
Compute cycles: 6127
Stall cycles: 0
Overall utilization: 51.18%
Mapping efficiency: 76.56%
Average IFMAP DRAM BW: 7.975 words/cycle
Average Filter DRAM BW: 8.333 words/cycle
Average OFMAP DRAM BW: 128.000 words/cycle
Saving traces: Done!

Running Layer 26
Compute cycles: 9723
Stall cycles: 0
Overall utilization: 26.66%
Mapping efficiency: 28.12%
Average IFMAP DRAM BW: 7.975 words/cycle
Average Filter DRAM BW: 9.375 words/cycle
Average OFMAP DRAM BW: 128.000 words/cycle
Saving traces: Done!

Running Layer 27
Compute cycles: 9723
Stall cycles: 0
Overall utilization: 26.66%
Mapping efficiency: 28.12%
Average IFMAP DRAM BW: 7.975 words/cycle
Average Filter DRAM BW: 9.375 words/cycle
Average OFMAP DRAM BW: 128.000 words/cycle
Saving traces: Done!

Running Layer 28
Compute cycles: 9723
Stall cycles: 0
Overall utilization: 26.66%
Mapping efficiency: 28.12%
Average IFMAP DRAM BW: 7.975 words/cycle
Average Filter DRAM BW: 9.375 words/cycle
Average OFMAP DRAM BW: 128.000 words/cycle
Saving traces: Done!

Running Layer 29
Compute cycles: 6127
Stall cycles: 0
Overall utilization: 51.18%
Mapping efficiency: 76.56%
Average IFMAP DRAM BW: 7.975 words/cycle
Average Filter DRAM BW: 8.333 words/cycle
Average OFMAP DRAM BW: 128.000 words/cycle
Saving traces: Done!

Running Layer 30
Compute cycles: 9723
Stall cycles: 0
Overall utilization: 27.21%
Mapping efficiency: 28.71%
Average IFMAP DRAM BW: 7.975 words/cycle
Average Filter DRAM BW: 9.375 words/cycle
Average OFMAP DRAM BW: 127.135 words/cycle
Saving traces: Done!

Running Layer 31
Compute cycles: 9469
Stall cycles: 0
Overall utilization: 0.05%
Mapping efficiency: 0.05%
Average IFMAP DRAM BW: 7.975 words/cycle
Average Filter DRAM BW: 1.465 words/cycle
Average OFMAP DRAM BW: 9.000 words/cycle
Saving traces: Done!
************ SCALE SIM Run Complete ****************
