/home/grads/abv5402/cse530-labfiles/scale-sim-v2/configs/config_1_ws.cfg
Topology file: /home/grads/abv5402/cse530-labfiles/scale-sim-v2/topologies/conv_nets/abhiramnet.csv
abhiramnet
====================================================
******************* SCALE SIM **********************
====================================================
Array Size: 	128x128
SRAM IFMAP (kB): 	6144
SRAM Filter (kB): 	6144
SRAM OFMAP (kB): 	2048
Dataflow: 	Weight Stationary
CSV file path: 	/home/grads/abv5402/cse530-labfiles/scale-sim-v2/topologies/conv_nets/abhiramnet.csv
Working in ESTIMATE BANDWIDTH mode.
====================================================

Running Layer 0
Compute cycles: 12925
Stall cycles: 0
Overall utilization: 5.12%
Mapping efficiency: 5.27%
Average IFMAP DRAM BW: 7.975 words/cycle
Average Filter DRAM BW: 0.137 words/cycle
Average OFMAP DRAM BW: 128.000 words/cycle
Saving traces: Done!

Running Layer 1
Compute cycles: 37445
Stall cycles: 0
Overall utilization: 0.57%
Mapping efficiency: 0.59%
Average IFMAP DRAM BW: 9.115 words/cycle
Average Filter DRAM BW: 0.046 words/cycle
Average OFMAP DRAM BW: 127.817 words/cycle
Saving traces: Done!

Running Layer 2
Compute cycles: 17589
Stall cycles: 0
Overall utilization: 0.63%
Mapping efficiency: 0.70%
Average IFMAP DRAM BW: 9.816 words/cycle
Average Filter DRAM BW: 0.092 words/cycle
Average OFMAP DRAM BW: 127.480 words/cycle
Saving traces: Done!

Running Layer 3
Compute cycles: 3517
Stall cycles: 0
Overall utilization: 44.58%
Mapping efficiency: 50.00%
Average IFMAP DRAM BW: 7.975 words/cycle
Average Filter DRAM BW: 1.302 words/cycle
Average OFMAP DRAM BW: 128.000 words/cycle
Saving traces: Done!

Running Layer 4
Compute cycles: 3517
Stall cycles: 0
Overall utilization: 44.58%
Mapping efficiency: 50.00%
Average IFMAP DRAM BW: 7.975 words/cycle
Average Filter DRAM BW: 1.302 words/cycle
Average OFMAP DRAM BW: 128.000 words/cycle
Saving traces: Done!

Running Layer 5
Compute cycles: 29681
Stall cycles: 0
Overall utilization: 0.69%
Mapping efficiency: 0.78%
Average IFMAP DRAM BW: 9.115 words/cycle
Average Filter DRAM BW: 0.183 words/cycle
Average OFMAP DRAM BW: 127.398 words/cycle
Saving traces: Done!

Running Layer 6
Compute cycles: 3517
Stall cycles: 0
Overall utilization: 89.17%
Mapping efficiency: 100.00%
Average IFMAP DRAM BW: 9.115 words/cycle
Average Filter DRAM BW: 2.604 words/cycle
Average OFMAP DRAM BW: 128.000 words/cycle
Saving traces: Done!

Running Layer 7
Compute cycles: 3517
Stall cycles: 0
Overall utilization: 89.17%
Mapping efficiency: 100.00%
Average IFMAP DRAM BW: 9.115 words/cycle
Average Filter DRAM BW: 2.604 words/cycle
Average OFMAP DRAM BW: 128.000 words/cycle
Saving traces: Done!

Running Layer 8
Compute cycles: 10493
Stall cycles: 0
Overall utilization: 0.53%
Mapping efficiency: 0.78%
Average IFMAP DRAM BW: 9.115 words/cycle
Average Filter DRAM BW: 0.183 words/cycle
Average OFMAP DRAM BW: 126.000 words/cycle
Saving traces: Done!

Running Layer 9
Compute cycles: 4663
Stall cycles: 0
Overall utilization: 67.25%
Mapping efficiency: 100.00%
Average IFMAP DRAM BW: 7.975 words/cycle
Average Filter DRAM BW: 5.208 words/cycle
Average OFMAP DRAM BW: 128.000 words/cycle
Saving traces: Done!

Running Layer 10
Compute cycles: 19043
Stall cycles: 0
Overall utilization: 15.97%
Mapping efficiency: 25.00%
Average IFMAP DRAM BW: 7.975 words/cycle
Average Filter DRAM BW: 5.859 words/cycle
Average OFMAP DRAM BW: 128.000 words/cycle
Saving traces: Done!

Running Layer 11
Compute cycles: 4663
Stall cycles: 0
Overall utilization: 67.25%
Mapping efficiency: 100.00%
Average IFMAP DRAM BW: 7.975 words/cycle
Average Filter DRAM BW: 5.208 words/cycle
Average OFMAP DRAM BW: 128.000 words/cycle
Saving traces: Done!

Running Layer 12
Compute cycles: 4663
Stall cycles: 0
Overall utilization: 67.25%
Mapping efficiency: 100.00%
Average IFMAP DRAM BW: 7.975 words/cycle
Average Filter DRAM BW: 5.208 words/cycle
Average OFMAP DRAM BW: 128.000 words/cycle
Saving traces: Done!

Running Layer 13
Compute cycles: 2331
Stall cycles: 0
Overall utilization: 67.27%
Mapping efficiency: 100.00%
Average IFMAP DRAM BW: 7.975 words/cycle
Average Filter DRAM BW: 5.208 words/cycle
Average OFMAP DRAM BW: 128.000 words/cycle
Saving traces: Done!

Running Layer 14
Compute cycles: 19043
Stall cycles: 0
Overall utilization: 0.50%
Mapping efficiency: 0.78%
Average IFMAP DRAM BW: 7.975 words/cycle
Average Filter DRAM BW: 0.366 words/cycle
Average OFMAP DRAM BW: 126.750 words/cycle
Saving traces: Done!

Running Layer 15
Compute cycles: 4663
Stall cycles: 0
Overall utilization: 67.25%
Mapping efficiency: 100.00%
Average IFMAP DRAM BW: 7.975 words/cycle
Average Filter DRAM BW: 5.208 words/cycle
Average OFMAP DRAM BW: 128.000 words/cycle
Saving traces: Done!

Running Layer 16
Compute cycles: 19043
Stall cycles: 0
Overall utilization: 0.50%
Mapping efficiency: 0.78%
Average IFMAP DRAM BW: 7.975 words/cycle
Average Filter DRAM BW: 0.366 words/cycle
Average OFMAP DRAM BW: 126.750 words/cycle
Saving traces: Done!

Running Layer 17
Compute cycles: 4663
Stall cycles: 0
Overall utilization: 67.25%
Mapping efficiency: 100.00%
Average IFMAP DRAM BW: 7.975 words/cycle
Average Filter DRAM BW: 5.208 words/cycle
Average OFMAP DRAM BW: 128.000 words/cycle
Saving traces: Done!

Running Layer 18
Compute cycles: 4663
Stall cycles: 0
Overall utilization: 67.25%
Mapping efficiency: 100.00%
Average IFMAP DRAM BW: 7.975 words/cycle
Average Filter DRAM BW: 5.208 words/cycle
Average OFMAP DRAM BW: 128.000 words/cycle
Saving traces: Done!

Running Layer 19
Compute cycles: 19043
Stall cycles: 0
Overall utilization: 0.50%
Mapping efficiency: 0.78%
Average IFMAP DRAM BW: 7.975 words/cycle
Average Filter DRAM BW: 0.366 words/cycle
Average OFMAP DRAM BW: 126.750 words/cycle
Saving traces: Done!

Running Layer 20
Compute cycles: 4663
Stall cycles: 0
Overall utilization: 67.25%
Mapping efficiency: 100.00%
Average IFMAP DRAM BW: 7.975 words/cycle
Average Filter DRAM BW: 5.208 words/cycle
Average OFMAP DRAM BW: 128.000 words/cycle
Saving traces: Done!

Running Layer 21
Compute cycles: 10403
Stall cycles: 0
Overall utilization: 0.26%
Mapping efficiency: 0.78%
Average IFMAP DRAM BW: 7.975 words/cycle
Average Filter DRAM BW: 0.366 words/cycle
Average OFMAP DRAM BW: 126.000 words/cycle
Saving traces: Done!

Running Layer 22
Compute cycles: 4623
Stall cycles: 0
Overall utilization: 33.92%
Mapping efficiency: 100.00%
Average IFMAP DRAM BW: 7.975 words/cycle
Average Filter DRAM BW: 6.944 words/cycle
Average OFMAP DRAM BW: 128.000 words/cycle
Saving traces: Done!

Running Layer 23
Compute cycles: 18935
Stall cycles: 0
Overall utilization: 0.21%
Mapping efficiency: 0.78%
Average IFMAP DRAM BW: 7.975 words/cycle
Average Filter DRAM BW: 0.732 words/cycle
Average OFMAP DRAM BW: 126.439 words/cycle
Saving traces: Done!

Running Layer 24
Compute cycles: 18935
Stall cycles: 0
Overall utilization: 0.21%
Mapping efficiency: 0.78%
Average IFMAP DRAM BW: 7.975 words/cycle
Average Filter DRAM BW: 0.732 words/cycle
Average OFMAP DRAM BW: 126.439 words/cycle
Saving traces: Done!

Running Layer 25
Compute cycles: 9247
Stall cycles: 0
Overall utilization: 33.91%
Mapping efficiency: 100.00%
Average IFMAP DRAM BW: 7.975 words/cycle
Average Filter DRAM BW: 8.333 words/cycle
Average OFMAP DRAM BW: 128.000 words/cycle
Saving traces: Done!

Running Layer 26
Compute cycles: 18935
Stall cycles: 0
Overall utilization: 0.21%
Mapping efficiency: 0.78%
Average IFMAP DRAM BW: 7.975 words/cycle
Average Filter DRAM BW: 0.732 words/cycle
Average OFMAP DRAM BW: 126.439 words/cycle
Saving traces: Done!

Running Layer 27
Compute cycles: 18935
Stall cycles: 0
Overall utilization: 0.21%
Mapping efficiency: 0.78%
Average IFMAP DRAM BW: 7.975 words/cycle
Average Filter DRAM BW: 0.732 words/cycle
Average OFMAP DRAM BW: 126.439 words/cycle
Saving traces: Done!

Running Layer 28
Compute cycles: 18935
Stall cycles: 0
Overall utilization: 0.21%
Mapping efficiency: 0.78%
Average IFMAP DRAM BW: 7.975 words/cycle
Average Filter DRAM BW: 0.732 words/cycle
Average OFMAP DRAM BW: 126.439 words/cycle
Saving traces: Done!

Running Layer 29
Compute cycles: 9247
Stall cycles: 0
Overall utilization: 33.91%
Mapping efficiency: 100.00%
Average IFMAP DRAM BW: 7.975 words/cycle
Average Filter DRAM BW: 8.333 words/cycle
Average OFMAP DRAM BW: 128.000 words/cycle
Saving traces: Done!

Running Layer 30
Compute cycles: 15515
Stall cycles: 0
Overall utilization: 0.09%
Mapping efficiency: 0.78%
Average IFMAP DRAM BW: 7.975 words/cycle
Average Filter DRAM BW: 0.732 words/cycle
Average OFMAP DRAM BW: 126.000 words/cycle
Saving traces: Done!

Running Layer 31
Compute cycles: 28151
Stall cycles: 0
Overall utilization: 0.02%
Mapping efficiency: 0.78%
Average IFMAP DRAM BW: 7.975 words/cycle
Average Filter DRAM BW: 1.465 words/cycle
Average OFMAP DRAM BW: 108.000 words/cycle
Saving traces: Done!
************ SCALE SIM Run Complete ****************
