/home/grads/abv5402/cse530-labfiles/scale-sim-v2/configs/config_4_ws.cfg
Topology file: /home/grads/abv5402/cse530-labfiles/scale-sim-v2/topologies/conv_nets/abhiramnet.csv
abhiramnet
====================================================
******************* SCALE SIM **********************
====================================================
Array Size: 	16x16
SRAM IFMAP (kB): 	6144
SRAM Filter (kB): 	6144
SRAM OFMAP (kB): 	2048
Dataflow: 	Weight Stationary
CSV file path: 	/home/grads/abv5402/cse530-labfiles/scale-sim-v2/topologies/conv_nets/abhiramnet.csv
Working in ESTIMATE BANDWIDTH mode.
====================================================

Running Layer 0
Compute cycles: 50359
Stall cycles: 0
Overall utilization: 84.07%
Mapping efficiency: 84.38%
Average IFMAP DRAM BW: 7.975 words/cycle
Average Filter DRAM BW: 0.137 words/cycle
Average OFMAP DRAM BW: 16.000 words/cycle
Saving traces: Done!

Running Layer 1
Compute cycles: 218627
Stall cycles: 0
Overall utilization: 6.23%
Mapping efficiency: 6.25%
Average IFMAP DRAM BW: 9.115 words/cycle
Average Filter DRAM BW: 0.046 words/cycle
Average OFMAP DRAM BW: 15.999 words/cycle
Saving traces: Done!

Running Layer 2
Compute cycles: 1374623
Stall cycles: 0
Overall utilization: 98.55%
Mapping efficiency: 100.00%
Average IFMAP DRAM BW: 9.816 words/cycle
Average Filter DRAM BW: 8.789 words/cycle
Average OFMAP DRAM BW: 16.031 words/cycle
Saving traces: Done!

Running Layer 3
Compute cycles: 101823
Stall cycles: 0
Overall utilization: 98.56%
Mapping efficiency: 100.00%
Average IFMAP DRAM BW: 7.975 words/cycle
Average Filter DRAM BW: 1.302 words/cycle
Average OFMAP DRAM BW: 22.890 words/cycle
Saving traces: Done!

Running Layer 4
Compute cycles: 101823
Stall cycles: 0
Overall utilization: 98.56%
Mapping efficiency: 100.00%
Average IFMAP DRAM BW: 7.975 words/cycle
Average Filter DRAM BW: 1.302 words/cycle
Average OFMAP DRAM BW: 22.890 words/cycle
Saving traces: Done!

Running Layer 5
Compute cycles: 2559167
Stall cycles: 0
Overall utilization: 98.45%
Mapping efficiency: 100.00%
Average IFMAP DRAM BW: 9.115 words/cycle
Average Filter DRAM BW: 8.789 words/cycle
Average OFMAP DRAM BW: 15.986 words/cycle
Saving traces: Done!

Running Layer 6
Compute cycles: 203647
Stall cycles: 0
Overall utilization: 98.55%
Mapping efficiency: 100.00%
Average IFMAP DRAM BW: 9.115 words/cycle
Average Filter DRAM BW: 2.604 words/cycle
Average OFMAP DRAM BW: 22.735 words/cycle
Saving traces: Done!

Running Layer 7
Compute cycles: 203647
Stall cycles: 0
Overall utilization: 98.55%
Mapping efficiency: 100.00%
Average IFMAP DRAM BW: 9.115 words/cycle
Average Filter DRAM BW: 2.604 words/cycle
Average OFMAP DRAM BW: 22.735 words/cycle
Saving traces: Done!

Running Layer 8
Compute cycles: 59759
Stall cycles: 0
Overall utilization: 5.90%
Mapping efficiency: 6.25%
Average IFMAP DRAM BW: 9.115 words/cycle
Average Filter DRAM BW: 0.183 words/cycle
Average OFMAP DRAM BW: 16.000 words/cycle
Saving traces: Done!

Running Layer 9
Compute cycles: 212479
Stall cycles: 0
Overall utilization: 94.46%
Mapping efficiency: 100.00%
Average IFMAP DRAM BW: 7.975 words/cycle
Average Filter DRAM BW: 5.208 words/cycle
Average OFMAP DRAM BW: 21.818 words/cycle
Saving traces: Done!

Running Layer 10
