/home/grads/abv5402/cse530-labfiles/scale-sim-v2/configs/config_3_ws.cfg
Topology file: /home/grads/abv5402/cse530-labfiles/scale-sim-v2/topologies/conv_nets/abhiramnet.csv
abhiramnet
====================================================
******************* SCALE SIM **********************
====================================================
Array Size: 	32x32
SRAM IFMAP (kB): 	6144
SRAM Filter (kB): 	6144
SRAM OFMAP (kB): 	2048
Dataflow: 	Weight Stationary
CSV file path: 	/home/grads/abv5402/cse530-labfiles/scale-sim-v2/topologies/conv_nets/abhiramnet.csv
Working in ESTIMATE BANDWIDTH mode.
====================================================

Running Layer 0
Compute cycles: 12637
Stall cycles: 0
Overall utilization: 83.75%
Mapping efficiency: 84.38%
Average IFMAP DRAM BW: 7.975 words/cycle
Average Filter DRAM BW: 0.137 words/cycle
Average OFMAP DRAM BW: 32.000 words/cycle
Saving traces: Done!

Running Layer 1
Compute cycles: 109745
Stall cycles: 0
Overall utilization: 3.10%
Mapping efficiency: 3.12%
Average IFMAP DRAM BW: 9.115 words/cycle
Average Filter DRAM BW: 0.046 words/cycle
Average OFMAP DRAM BW: 31.992 words/cycle
Saving traces: Done!

Running Layer 2
Compute cycles: 348839
Stall cycles: 0
Overall utilization: 97.09%
Mapping efficiency: 100.00%
Average IFMAP DRAM BW: 9.816 words/cycle
Average Filter DRAM BW: 8.789 words/cycle
Average OFMAP DRAM BW: 33.239 words/cycle
Saving traces: Done!

Running Layer 3
Compute cycles: 25839
Stall cycles: 0
Overall utilization: 97.09%
Mapping efficiency: 100.00%
Average IFMAP DRAM BW: 7.975 words/cycle
Average Filter DRAM BW: 1.302 words/cycle
Average OFMAP DRAM BW: 32.000 words/cycle
Saving traces: Done!

Running Layer 4
Compute cycles: 25839
Stall cycles: 0
Overall utilization: 97.09%
Mapping efficiency: 100.00%
Average IFMAP DRAM BW: 7.975 words/cycle
Average Filter DRAM BW: 1.302 words/cycle
Average OFMAP DRAM BW: 32.000 words/cycle
Saving traces: Done!

Running Layer 5
Compute cycles: 650159
Stall cycles: 0
Overall utilization: 96.88%
Mapping efficiency: 100.00%
Average IFMAP DRAM BW: 9.115 words/cycle
Average Filter DRAM BW: 8.789 words/cycle
Average OFMAP DRAM BW: 32.324 words/cycle
Saving traces: Done!

Running Layer 6
Compute cycles: 51679
Stall cycles: 0
Overall utilization: 97.09%
Mapping efficiency: 100.00%
Average IFMAP DRAM BW: 9.115 words/cycle
Average Filter DRAM BW: 2.604 words/cycle
Average OFMAP DRAM BW: 45.484 words/cycle
Saving traces: Done!

Running Layer 7
Compute cycles: 51679
Stall cycles: 0
Overall utilization: 97.09%
Mapping efficiency: 100.00%
Average IFMAP DRAM BW: 9.115 words/cycle
Average Filter DRAM BW: 2.604 words/cycle
Average OFMAP DRAM BW: 45.484 words/cycle
Saving traces: Done!

Running Layer 8
Compute cycles: 31607
Stall cycles: 0
Overall utilization: 2.79%
Mapping efficiency: 3.12%
Average IFMAP DRAM BW: 9.115 words/cycle
Average Filter DRAM BW: 0.183 words/cycle
Average OFMAP DRAM BW: 32.000 words/cycle
Saving traces: Done!

Running Layer 9
Compute cycles: 56191
Stall cycles: 0
Overall utilization: 89.30%
Mapping efficiency: 100.00%
Average IFMAP DRAM BW: 7.975 words/cycle
Average Filter DRAM BW: 5.208 words/cycle
Average OFMAP DRAM BW: 43.514 words/cycle
Saving traces: Done!

Running Layer 10
Compute cycles: 332639
Stall cycles: 0
Overall utilization: 87.79%
Mapping efficiency: 100.00%
Average IFMAP DRAM BW: 7.975 words/cycle
Average Filter DRAM BW: 8.789 words/cycle
Average OFMAP DRAM BW: 28.739 words/cycle
Saving traces: Done!

Running Layer 11
Compute cycles: 56191
Stall cycles: 0
Overall utilization: 89.30%
Mapping efficiency: 100.00%
Average IFMAP DRAM BW: 7.975 words/cycle
Average Filter DRAM BW: 5.208 words/cycle
Average OFMAP DRAM BW: 43.514 words/cycle
Saving traces: Done!

Running Layer 12
Compute cycles: 56191
Stall cycles: 0
Overall utilization: 89.30%
Mapping efficiency: 100.00%
Average IFMAP DRAM BW: 7.975 words/cycle
Average Filter DRAM BW: 5.208 words/cycle
Average OFMAP DRAM BW: 43.514 words/cycle
Saving traces: Done!

Running Layer 13
Compute cycles: 28095
Stall cycles: 0
Overall utilization: 89.30%
Mapping efficiency: 100.00%
Average IFMAP DRAM BW: 7.975 words/cycle
Average Filter DRAM BW: 5.208 words/cycle
Average OFMAP DRAM BW: 32.000 words/cycle
Saving traces: Done!

Running Layer 14
Compute cycles: 443519
Stall cycles: 0
Overall utilization: 87.79%
Mapping efficiency: 100.00%
Average IFMAP DRAM BW: 7.975 words/cycle
Average Filter DRAM BW: 9.375 words/cycle
Average OFMAP DRAM BW: 28.638 words/cycle
Saving traces: Done!

Running Layer 15
Compute cycles: 56191
Stall cycles: 0
Overall utilization: 89.30%
Mapping efficiency: 100.00%
Average IFMAP DRAM BW: 7.975 words/cycle
Average Filter DRAM BW: 5.208 words/cycle
Average OFMAP DRAM BW: 43.514 words/cycle
Saving traces: Done!

Running Layer 16
Compute cycles: 443519
Stall cycles: 0
Overall utilization: 87.79%
Mapping efficiency: 100.00%
Average IFMAP DRAM BW: 7.975 words/cycle
Average Filter DRAM BW: 9.375 words/cycle
Average OFMAP DRAM BW: 28.638 words/cycle
Saving traces: Done!

Running Layer 17
Compute cycles: 56191
Stall cycles: 0
Overall utilization: 89.30%
Mapping efficiency: 100.00%
Average IFMAP DRAM BW: 7.975 words/cycle
Average Filter DRAM BW: 5.208 words/cycle
Average OFMAP DRAM BW: 43.514 words/cycle
Saving traces: Done!

Running Layer 18
Compute cycles: 56191
Stall cycles: 0
Overall utilization: 89.30%
Mapping efficiency: 100.00%
Average IFMAP DRAM BW: 7.975 words/cycle
Average Filter DRAM BW: 5.208 words/cycle
Average OFMAP DRAM BW: 43.514 words/cycle
Saving traces: Done!

Running Layer 19
Compute cycles: 443519
Stall cycles: 0
Overall utilization: 87.79%
Mapping efficiency: 100.00%
Average IFMAP DRAM BW: 7.975 words/cycle
Average Filter DRAM BW: 9.375 words/cycle
Average OFMAP DRAM BW: 28.638 words/cycle
Saving traces: Done!

Running Layer 20
Compute cycles: 56191
Stall cycles: 0
Overall utilization: 89.30%
Mapping efficiency: 100.00%
Average IFMAP DRAM BW: 7.975 words/cycle
Average Filter DRAM BW: 5.208 words/cycle
Average OFMAP DRAM BW: 43.514 words/cycle
Saving traces: Done!

Running Layer 21
Compute cycles: 125279
Stall cycles: 0
Overall utilization: 67.59%
Mapping efficiency: 100.00%
Average IFMAP DRAM BW: 7.975 words/cycle
Average Filter DRAM BW: 8.789 words/cycle
Average OFMAP DRAM BW: 28.262 words/cycle
Saving traces: Done!

Running Layer 22
Compute cycles: 37119
Stall cycles: 0
Overall utilization: 67.59%
Mapping efficiency: 100.00%
Average IFMAP DRAM BW: 7.975 words/cycle
Average Filter DRAM BW: 6.944 words/cycle
Average OFMAP DRAM BW: 32.000 words/cycle
Saving traces: Done!

Running Layer 23
Compute cycles: 102815
Stall cycles: 0
Overall utilization: 60.50%
Mapping efficiency: 100.00%
Average IFMAP DRAM BW: 7.975 words/cycle
Average Filter DRAM BW: 8.789 words/cycle
Average OFMAP DRAM BW: 25.498 words/cycle
Saving traces: Done!

Running Layer 24
Compute cycles: 102815
Stall cycles: 0
Overall utilization: 60.50%
Mapping efficiency: 100.00%
Average IFMAP DRAM BW: 7.975 words/cycle
Average Filter DRAM BW: 8.789 words/cycle
Average OFMAP DRAM BW: 25.498 words/cycle
Saving traces: Done!

Running Layer 25
Compute cycles: 74239
Stall cycles: 0
Overall utilization: 67.59%
Mapping efficiency: 100.00%
Average IFMAP DRAM BW: 7.975 words/cycle
Average Filter DRAM BW: 8.333 words/cycle
Average OFMAP DRAM BW: 37.251 words/cycle
Saving traces: Done!

Running Layer 26
Compute cycles: 68543
Stall cycles: 0
Overall utilization: 60.51%
Mapping efficiency: 100.00%
Average IFMAP DRAM BW: 7.975 words/cycle
Average Filter DRAM BW: 9.375 words/cycle
Average OFMAP DRAM BW: 57.541 words/cycle
Saving traces: Done!

Running Layer 27
Compute cycles: 68543
Stall cycles: 0
Overall utilization: 60.51%
Mapping efficiency: 100.00%
Average IFMAP DRAM BW: 7.975 words/cycle
Average Filter DRAM BW: 9.375 words/cycle
Average OFMAP DRAM BW: 57.541 words/cycle
Saving traces: Done!

Running Layer 28
Compute cycles: 68543
Stall cycles: 0
Overall utilization: 60.51%
Mapping efficiency: 100.00%
Average IFMAP DRAM BW: 7.975 words/cycle
Average Filter DRAM BW: 9.375 words/cycle
Average OFMAP DRAM BW: 57.541 words/cycle
Saving traces: Done!

Running Layer 29
Compute cycles: 74239
Stall cycles: 0
Overall utilization: 67.59%
Mapping efficiency: 100.00%
Average IFMAP DRAM BW: 7.975 words/cycle
Average Filter DRAM BW: 8.333 words/cycle
Average OFMAP DRAM BW: 37.251 words/cycle
Saving traces: Done!

Running Layer 30
Compute cycles: 123551
Stall cycles: 0
Overall utilization: 34.27%
Mapping efficiency: 100.00%
Average IFMAP DRAM BW: 7.975 words/cycle
Average Filter DRAM BW: 9.375 words/cycle
Average OFMAP DRAM BW: 36.145 words/cycle
Saving traces: Done!

Running Layer 31
Compute cycles: 29663
Stall cycles: 0
Overall utilization: 0.27%
Mapping efficiency: 3.12%
Average IFMAP DRAM BW: 7.975 words/cycle
Average Filter DRAM BW: 1.465 words/cycle
Average OFMAP DRAM BW: 32.000 words/cycle
Saving traces: Done!
************ SCALE SIM Run Complete ****************
