/home/grads/abv5402/cse530-labfiles/scale-sim-v2/configs/config_3_os.cfg
Topology file: /home/grads/abv5402/cse530-labfiles/scale-sim-v2/topologies/conv_nets/abhiramnet.csv
abhiramnet
====================================================
******************* SCALE SIM **********************
====================================================
Array Size: 	32x32
SRAM IFMAP (kB): 	6144
SRAM Filter (kB): 	6144
SRAM OFMAP (kB): 	2048
Dataflow: 	Output Stationary
CSV file path: 	/home/grads/abv5402/cse530-labfiles/scale-sim-v2/topologies/conv_nets/abhiramnet.csv
Working in ESTIMATE BANDWIDTH mode.
====================================================

Running Layer 0
Compute cycles: 34887
Stall cycles: 0
Overall utilization: 30.34%
Mapping efficiency: 100.00%
Average IFMAP DRAM BW: 7.975 words/cycle
Average Filter DRAM BW: 0.137 words/cycle
Average OFMAP DRAM BW: 32.000 words/cycle
Saving traces: Done!

Running Layer 1
Compute cycles: 132649
Stall cycles: 0
Overall utilization: 2.57%
Mapping efficiency: 3.12%
Average IFMAP DRAM BW: 9.115 words/cycle
Average Filter DRAM BW: 0.046 words/cycle
Average OFMAP DRAM BW: 31.926 words/cycle
Saving traces: Done!

Running Layer 2
Compute cycles: 62523
Stall cycles: 0
Overall utilization: 2.82%
Mapping efficiency: 3.12%
Average IFMAP DRAM BW: 9.816 words/cycle
Average Filter DRAM BW: 0.092 words/cycle
Average OFMAP DRAM BW: 32.000 words/cycle
Saving traces: Done!

Running Layer 3
Compute cycles: 49391
Stall cycles: 0
Overall utilization: 50.79%
Mapping efficiency: 100.00%
Average IFMAP DRAM BW: 7.975 words/cycle
Average Filter DRAM BW: 1.302 words/cycle
Average OFMAP DRAM BW: 32.000 words/cycle
Saving traces: Done!

Running Layer 4
Compute cycles: 49391
Stall cycles: 0
Overall utilization: 50.79%
Mapping efficiency: 100.00%
Average IFMAP DRAM BW: 7.975 words/cycle
Average Filter DRAM BW: 1.302 words/cycle
Average OFMAP DRAM BW: 32.000 words/cycle
Saving traces: Done!

Running Layer 5
Compute cycles: 111687
Stall cycles: 0
Overall utilization: 2.94%
Mapping efficiency: 3.10%
Average IFMAP DRAM BW: 9.115 words/cycle
Average Filter DRAM BW: 0.183 words/cycle
Average OFMAP DRAM BW: 31.696 words/cycle
Saving traces: Done!

Running Layer 6
Compute cycles: 74479
Stall cycles: 0
Overall utilization: 67.37%
Mapping efficiency: 100.00%
Average IFMAP DRAM BW: 9.115 words/cycle
Average Filter DRAM BW: 2.604 words/cycle
Average OFMAP DRAM BW: 32.000 words/cycle
Saving traces: Done!

Running Layer 7
Compute cycles: 74479
Stall cycles: 0
Overall utilization: 67.37%
Mapping efficiency: 100.00%
Average IFMAP DRAM BW: 9.115 words/cycle
Average Filter DRAM BW: 2.604 words/cycle
Average OFMAP DRAM BW: 32.000 words/cycle
Saving traces: Done!

Running Layer 8
Compute cycles: 30349
Stall cycles: 0
Overall utilization: 2.91%
Mapping efficiency: 3.06%
Average IFMAP DRAM BW: 9.115 words/cycle
Average Filter DRAM BW: 0.183 words/cycle
Average OFMAP DRAM BW: 31.360 words/cycle
Saving traces: Done!

Running Layer 9
Compute cycles: 63599
Stall cycles: 0
Overall utilization: 78.89%
Mapping efficiency: 98.00%
Average IFMAP DRAM BW: 7.975 words/cycle
Average Filter DRAM BW: 5.208 words/cycle
Average OFMAP DRAM BW: 32.000 words/cycle
Saving traces: Done!

Running Layer 10
Compute cycles: 52051
Stall cycles: 0
Overall utilization: 93.51%
Mapping efficiency: 96.02%
Average IFMAP DRAM BW: 7.975 words/cycle
Average Filter DRAM BW: 5.859 words/cycle
Average OFMAP DRAM BW: 32.000 words/cycle
Saving traces: Done!

Running Layer 11
Compute cycles: 63599
Stall cycles: 0
Overall utilization: 78.89%
Mapping efficiency: 98.00%
Average IFMAP DRAM BW: 7.975 words/cycle
Average Filter DRAM BW: 5.208 words/cycle
Average OFMAP DRAM BW: 32.000 words/cycle
Saving traces: Done!

Running Layer 12
Compute cycles: 63599
Stall cycles: 0
Overall utilization: 78.89%
Mapping efficiency: 98.00%
Average IFMAP DRAM BW: 7.975 words/cycle
Average Filter DRAM BW: 5.208 words/cycle
Average OFMAP DRAM BW: 32.000 words/cycle
Saving traces: Done!

Running Layer 13
Compute cycles: 37999
Stall cycles: 0
Overall utilization: 66.02%
Mapping efficiency: 98.00%
Average IFMAP DRAM BW: 7.975 words/cycle
Average Filter DRAM BW: 5.208 words/cycle
Average OFMAP DRAM BW: 32.000 words/cycle
Saving traces: Done!

Running Layer 14
Compute cycles: 52051
Stall cycles: 0
Overall utilization: 2.92%
Mapping efficiency: 3.00%
Average IFMAP DRAM BW: 7.975 words/cycle
Average Filter DRAM BW: 0.366 words/cycle
Average OFMAP DRAM BW: 30.727 words/cycle
Saving traces: Done!

Running Layer 15
Compute cycles: 63599
Stall cycles: 0
Overall utilization: 78.89%
Mapping efficiency: 98.00%
Average IFMAP DRAM BW: 7.975 words/cycle
Average Filter DRAM BW: 5.208 words/cycle
Average OFMAP DRAM BW: 32.000 words/cycle
Saving traces: Done!

Running Layer 16
Compute cycles: 52051
Stall cycles: 0
Overall utilization: 2.92%
Mapping efficiency: 3.00%
Average IFMAP DRAM BW: 7.975 words/cycle
Average Filter DRAM BW: 0.366 words/cycle
Average OFMAP DRAM BW: 30.727 words/cycle
Saving traces: Done!

Running Layer 17
Compute cycles: 63599
Stall cycles: 0
Overall utilization: 78.89%
Mapping efficiency: 98.00%
Average IFMAP DRAM BW: 7.975 words/cycle
Average Filter DRAM BW: 5.208 words/cycle
Average OFMAP DRAM BW: 32.000 words/cycle
Saving traces: Done!

Running Layer 18
Compute cycles: 63599
Stall cycles: 0
Overall utilization: 78.89%
Mapping efficiency: 98.00%
Average IFMAP DRAM BW: 7.975 words/cycle
Average Filter DRAM BW: 5.208 words/cycle
Average OFMAP DRAM BW: 32.000 words/cycle
Saving traces: Done!

Running Layer 19
Compute cycles: 52051
Stall cycles: 0
Overall utilization: 2.92%
Mapping efficiency: 3.00%
Average IFMAP DRAM BW: 7.975 words/cycle
Average Filter DRAM BW: 0.366 words/cycle
Average OFMAP DRAM BW: 30.727 words/cycle
Saving traces: Done!

Running Layer 20
Compute cycles: 63599
Stall cycles: 0
Overall utilization: 78.89%
Mapping efficiency: 98.00%
Average IFMAP DRAM BW: 7.975 words/cycle
Average Filter DRAM BW: 5.208 words/cycle
Average OFMAP DRAM BW: 32.000 words/cycle
Saving traces: Done!

Running Layer 21
Compute cycles: 16561
Stall cycles: 0
Overall utilization: 2.66%
Mapping efficiency: 2.73%
Average IFMAP DRAM BW: 7.975 words/cycle
Average Filter DRAM BW: 0.366 words/cycle
Average OFMAP DRAM BW: 28.000 words/cycle
Saving traces: Done!

Running Layer 22
Compute cycles: 35615
Stall cycles: 0
Overall utilization: 70.44%
Mapping efficiency: 87.50%
Average IFMAP DRAM BW: 7.975 words/cycle
Average Filter DRAM BW: 6.944 words/cycle
Average OFMAP DRAM BW: 32.000 words/cycle
Saving traces: Done!

Running Layer 23
Compute cycles: 23349
Stall cycles: 0
Overall utilization: 2.78%
Mapping efficiency: 2.81%
Average IFMAP DRAM BW: 7.975 words/cycle
Average Filter DRAM BW: 0.732 words/cycle
Average OFMAP DRAM BW: 28.800 words/cycle
Saving traces: Done!

Running Layer 24
Compute cycles: 23349
Stall cycles: 0
Overall utilization: 2.78%
Mapping efficiency: 2.81%
Average IFMAP DRAM BW: 7.975 words/cycle
Average Filter DRAM BW: 0.732 words/cycle
Average OFMAP DRAM BW: 28.800 words/cycle
Saving traces: Done!

Running Layer 25
Compute cycles: 64287
Stall cycles: 0
Overall utilization: 78.05%
Mapping efficiency: 87.50%
Average IFMAP DRAM BW: 7.975 words/cycle
Average Filter DRAM BW: 8.333 words/cycle
Average OFMAP DRAM BW: 32.000 words/cycle
Saving traces: Done!

Running Layer 26
Compute cycles: 23349
Stall cycles: 0
Overall utilization: 2.78%
Mapping efficiency: 2.81%
Average IFMAP DRAM BW: 7.975 words/cycle
Average Filter DRAM BW: 0.732 words/cycle
Average OFMAP DRAM BW: 28.800 words/cycle
Saving traces: Done!

Running Layer 27
Compute cycles: 23349
Stall cycles: 0
Overall utilization: 2.78%
Mapping efficiency: 2.81%
Average IFMAP DRAM BW: 7.975 words/cycle
Average Filter DRAM BW: 0.732 words/cycle
Average OFMAP DRAM BW: 28.800 words/cycle
Saving traces: Done!

Running Layer 28
Compute cycles: 23349
Stall cycles: 0
Overall utilization: 2.78%
Mapping efficiency: 2.81%
Average IFMAP DRAM BW: 7.975 words/cycle
Average Filter DRAM BW: 0.732 words/cycle
Average OFMAP DRAM BW: 28.800 words/cycle
Saving traces: Done!

Running Layer 29
Compute cycles: 64287
Stall cycles: 0
Overall utilization: 78.05%
Mapping efficiency: 87.50%
Average IFMAP DRAM BW: 7.975 words/cycle
Average Filter DRAM BW: 8.333 words/cycle
Average OFMAP DRAM BW: 32.000 words/cycle
Saving traces: Done!

Running Layer 30
Compute cycles: 9339
Stall cycles: 0
Overall utilization: 2.36%
Mapping efficiency: 2.39%
Average IFMAP DRAM BW: 7.975 words/cycle
Average Filter DRAM BW: 0.732 words/cycle
Average OFMAP DRAM BW: 24.500 words/cycle
Saving traces: Done!

Running Layer 31
Compute cycles: 9277
Stall cycles: 0
Overall utilization: 0.87%
Mapping efficiency: 0.88%
Average IFMAP DRAM BW: 7.975 words/cycle
Average Filter DRAM BW: 1.465 words/cycle
Average OFMAP DRAM BW: 9.000 words/cycle
Saving traces: Done!
************ SCALE SIM Run Complete ****************
