/home/grads/abv5402/cse530-labfiles/scale-sim-v2/configs/config_4_ws.cfg
Topology file: /home/grads/abv5402/cse530-labfiles/scale-sim-v2/topologies/conv_nets/alexnet_full.csv
alexnet_full
====================================================
******************* SCALE SIM **********************
====================================================
Array Size: 	16x16
SRAM IFMAP (kB): 	6144
SRAM Filter (kB): 	6144
SRAM OFMAP (kB): 	2048
Dataflow: 	Weight Stationary
CSV file path: 	/home/grads/abv5402/cse530-labfiles/scale-sim-v2/topologies/conv_nets/alexnet_full.csv
Working in ESTIMATE BANDWIDTH mode.
====================================================

Running Layer 0
Compute cycles: 423797
Stall cycles: 0
Overall utilization: 97.16%
Mapping efficiency: 98.64%
Average IFMAP DRAM BW: 7.975 words/cycle
Average Filter DRAM BW: 5.538 words/cycle
Average OFMAP DRAM BW: 17.508 words/cycle
Saving traces: Done!

Running Layer 1
