/home/grads/abv5402/cse530-labfiles/scale-sim-v2/configs/config_4_is.cfg
Topology file: /home/grads/abv5402/cse530-labfiles/scale-sim-v2/topologies/conv_nets/Googlenet.csv
Googlenet
====================================================
******************* SCALE SIM **********************
====================================================
Array Size: 	16x16
SRAM IFMAP (kB): 	6144
SRAM Filter (kB): 	6144
SRAM OFMAP (kB): 	2048
Dataflow: 	Input Stationary
CSV file path: 	/home/grads/abv5402/cse530-labfiles/scale-sim-v2/topologies/conv_nets/Googlenet.csv
Working in ESTIMATE BANDWIDTH mode.
====================================================

Running Layer 0
Compute cycles: 832699
Stall cycles: 0
Overall utilization: 53.40%
Mapping efficiency: 91.78%
Average IFMAP DRAM BW: 7.975 words/cycle
Average Filter DRAM BW: 1.495 words/cycle
Average OFMAP DRAM BW: 10.391 words/cycle
Saving traces: Done!

Running Layer 1
Compute cycles: 86239
Stall cycles: 0
Overall utilization: 58.18%
Mapping efficiency: 100.00%
Average IFMAP DRAM BW: 7.975 words/cycle
Average Filter DRAM BW: 0.651 words/cycle
Average OFMAP DRAM BW: 16.000 words/cycle
Saving traces: Done!

Running Layer 2
Compute cycles: 1567943
Stall cycles: 0
Overall utilization: 80.34%
Mapping efficiency: 99.59%
Average IFMAP DRAM BW: 7.975 words/cycle
Average Filter DRAM BW: 8.789 words/cycle
Average OFMAP DRAM BW: 13.426 words/cycle
Saving traces: Done!

Running Layer 3
Compute cycles: 64679
Stall cycles: 0
Overall utilization: 58.18%
Mapping efficiency: 100.00%
Average IFMAP DRAM BW: 7.975 words/cycle
Average Filter DRAM BW: 1.953 words/cycle
Average OFMAP DRAM BW: 16.000 words/cycle
Saving traces: Done!

Running Layer 4
Compute cycles: 83495
Stall cycles: 0
Overall utilization: 67.61%
Mapping efficiency: 100.00%
Average IFMAP DRAM BW: 7.975 words/cycle
Average Filter DRAM BW: 2.929 words/cycle
Average OFMAP DRAM BW: 16.000 words/cycle
Saving traces: Done!

Running Layer 5
Compute cycles: 404027
Stall cycles: 0
Overall utilization: 72.28%
Mapping efficiency: 98.26%
Average IFMAP DRAM BW: 5.981 words/cycle
Average Filter DRAM BW: 8.789 words/cycle
Average OFMAP DRAM BW: 13.552 words/cycle
Saving traces: Done!

Running Layer 6
Compute cycles: 36455
Stall cycles: 0
Overall utilization: 25.81%
Mapping efficiency: 100.00%
Average IFMAP DRAM BW: 7.975 words/cycle
Average Filter DRAM BW: 0.488 words/cycle
Average OFMAP DRAM BW: 16.000 words/cycle
Saving traces: Done!

Running Layer 7
Compute cycles: 70199
Stall cycles: 0
Overall utilization: 41.03%
Mapping efficiency: 100.00%
Average IFMAP DRAM BW: 1.994 words/cycle
Average Filter DRAM BW: 2.034 words/cycle
Average OFMAP DRAM BW: 16.000 words/cycle
Saving traces: Done!

Running Layer 8
Compute cycles: 45863
Stall cycles: 0
Overall utilization: 41.03%
Mapping efficiency: 100.00%
Average IFMAP DRAM BW: 7.975 words/cycle
Average Filter DRAM BW: 0.976 words/cycle
Average OFMAP DRAM BW: 16.000 words/cycle
Saving traces: Done!

Running Layer 9
Compute cycles: 136415
Stall cycles: 0
Overall utilization: 73.56%
Mapping efficiency: 100.00%
Average IFMAP DRAM BW: 7.975 words/cycle
Average Filter DRAM BW: 5.208 words/cycle
Average OFMAP DRAM BW: 19.554 words/cycle
Saving traces: Done!

Running Layer 10
Compute cycles: 136415
Stall cycles: 0
Overall utilization: 73.56%
Mapping efficiency: 100.00%
Average IFMAP DRAM BW: 7.975 words/cycle
Average Filter DRAM BW: 5.208 words/cycle
Average OFMAP DRAM BW: 19.554 words/cycle
Saving traces: Done!

Running Layer 11
Compute cycles: 736847
Stall cycles: 0
Overall utilization: 79.27%
Mapping efficiency: 98.26%
Average IFMAP DRAM BW: 7.975 words/cycle
Average Filter DRAM BW: 8.789 words/cycle
Average OFMAP DRAM BW: 13.063 words/cycle
Saving traces: Done!

Running Layer 12
Compute cycles: 61151
Stall cycles: 0
Overall utilization: 41.03%
Mapping efficiency: 100.00%
Average IFMAP DRAM BW: 7.975 words/cycle
Average Filter DRAM BW: 1.302 words/cycle
Average OFMAP DRAM BW: 16.000 words/cycle
Saving traces: Done!

Running Layer 13
Compute cycles: 255599
Stall cycles: 0
Overall utilization: 67.61%
Mapping efficiency: 100.00%
Average IFMAP DRAM BW: 3.987 words/cycle
Average Filter DRAM BW: 6.103 words/cycle
Average OFMAP DRAM BW: 13.798 words/cycle
Saving traces: Done!

Running Layer 14
Compute cycles: 86239
Stall cycles: 0
Overall utilization: 58.18%
Mapping efficiency: 100.00%
Average IFMAP DRAM BW: 7.975 words/cycle
Average Filter DRAM BW: 2.604 words/cycle
Average OFMAP DRAM BW: 16.000 words/cycle
Saving traces: Done!

Running Layer 15
Compute cycles: 92819
Stall cycles: 0
Overall utilization: 76.02%
Mapping efficiency: 94.23%
Average IFMAP DRAM BW: 7.477 words/cycle
Average Filter DRAM BW: 7.324 words/cycle
Average OFMAP DRAM BW: 68.076 words/cycle
Saving traces: Done!

Running Layer 16
Compute cycles: 55379
Stall cycles: 0
Overall utilization: 63.71%
Mapping efficiency: 94.23%
Average IFMAP DRAM BW: 7.477 words/cycle
Average Filter DRAM BW: 7.324 words/cycle
Average OFMAP DRAM BW: 16.000 words/cycle
Saving traces: Done!

Running Layer 17
Compute cycles: 123443
Stall cycles: 0
Overall utilization: 81.89%
Mapping efficiency: 100.00%
Average IFMAP DRAM BW: 2.990 words/cycle
Average Filter DRAM BW: 9.521 words/cycle
Average OFMAP DRAM BW: 20.491 words/cycle
Saving traces: Done!

Running Layer 18
Compute cycles: 24179
Stall cycles: 0
Overall utilization: 24.32%
Mapping efficiency: 94.23%
Average IFMAP DRAM BW: 7.477 words/cycle
Average Filter DRAM BW: 1.221 words/cycle
Average OFMAP DRAM BW: 16.000 words/cycle
Saving traces: Done!

Running Layer 19
Compute cycles: 16449
Stall cycles: 0
Overall utilization: 45.60%
Mapping efficiency: 89.29%
Average IFMAP DRAM BW: 0.498 words/cycle
Average Filter DRAM BW: 3.051 words/cycle
Average OFMAP DRAM BW: 16.000 words/cycle
Saving traces: Done!

Running Layer 20
Compute cycles: 42899
Stall cycles: 0
Overall utilization: 54.83%
Mapping efficiency: 94.23%
Average IFMAP DRAM BW: 7.477 words/cycle
Average Filter DRAM BW: 4.882 words/cycle
Average OFMAP DRAM BW: 16.000 words/cycle
Saving traces: Done!

Running Layer 21
Compute cycles: 85695
Stall cycles: 0
Overall utilization: 73.19%
Mapping efficiency: 94.23%
Average IFMAP DRAM BW: 7.975 words/cycle
Average Filter DRAM BW: 6.510 words/cycle
Average OFMAP DRAM BW: 16.000 words/cycle
Saving traces: Done!

Running Layer 22
Compute cycles: 65727
Stall cycles: 0
Overall utilization: 66.80%
Mapping efficiency: 94.23%
Average IFMAP DRAM BW: 7.975 words/cycle
Average Filter DRAM BW: 9.114 words/cycle
Average OFMAP DRAM BW: 16.000 words/cycle
Saving traces: Done!

Running Layer 23
Compute cycles: 153089
Stall cycles: 0
Overall utilization: 82.96%
Mapping efficiency: 100.00%
Average IFMAP DRAM BW: 3.489 words/cycle
Average Filter DRAM BW: 8.972 words/cycle
Average OFMAP DRAM BW: 14.991 words/cycle
Saving traces: Done!

Running Layer 24
Compute cycles: 29119
Stall cycles: 0
Overall utilization: 32.31%
Mapping efficiency: 94.23%
Average IFMAP DRAM BW: 7.975 words/cycle
Average Filter DRAM BW: 1.953 words/cycle
Average OFMAP DRAM BW: 16.000 words/cycle
Saving traces: Done!

Running Layer 25
Compute cycles: 29259
Stall cycles: 0
Overall utilization: 51.27%
Mapping efficiency: 88.11%
Average IFMAP DRAM BW: 0.748 words/cycle
Average Filter DRAM BW: 6.103 words/cycle
Average OFMAP DRAM BW: 16.000 words/cycle
Saving traces: Done!

Running Layer 26
Compute cycles: 45759
Stall cycles: 0
Overall utilization: 54.83%
Mapping efficiency: 94.23%
Average IFMAP DRAM BW: 7.975 words/cycle
Average Filter DRAM BW: 5.208 words/cycle
Average OFMAP DRAM BW: 16.000 words/cycle
Saving traces: Done!

Running Layer 27
Compute cycles: 72383
Stall cycles: 0
Overall utilization: 69.32%
Mapping efficiency: 94.23%
Average IFMAP DRAM BW: 7.975 words/cycle
Average Filter DRAM BW: 5.208 words/cycle
Average OFMAP DRAM BW: 16.000 words/cycle
Saving traces: Done!

Running Layer 28
Compute cycles: 72383
Stall cycles: 0
Overall utilization: 69.32%
Mapping efficiency: 94.23%
Average IFMAP DRAM BW: 7.975 words/cycle
Average Filter DRAM BW: 5.208 words/cycle
Average OFMAP DRAM BW: 16.000 words/cycle
Saving traces: Done!

Running Layer 29
Compute cycles: 195695
Stall cycles: 0
Overall utilization: 84.77%
Mapping efficiency: 100.00%
Average IFMAP DRAM BW: 3.987 words/cycle
Average Filter DRAM BW: 9.375 words/cycle
Average OFMAP DRAM BW: 17.329 words/cycle
Saving traces: Done!

Running Layer 30
Compute cycles: 29119
Stall cycles: 0
Overall utilization: 32.31%
Mapping efficiency: 94.23%
Average IFMAP DRAM BW: 7.975 words/cycle
Average Filter DRAM BW: 1.953 words/cycle
Average OFMAP DRAM BW: 16.000 words/cycle
Saving traces: Done!

Running Layer 31
Compute cycles: 2859
Stall cycles: 0
Overall utilization: 41.13%
Mapping efficiency: 70.67%
Average IFMAP DRAM BW: 0.748 words/cycle
Average Filter DRAM BW: 0.244 words/cycle
Average OFMAP DRAM BW: 16.000 words/cycle
Saving traces: Done!

Running Layer 32
Compute cycles: 45759
Stall cycles: 0
Overall utilization: 54.83%
Mapping efficiency: 94.23%
Average IFMAP DRAM BW: 7.975 words/cycle
Average Filter DRAM BW: 5.208 words/cycle
Average OFMAP DRAM BW: 16.000 words/cycle
Saving traces: Done!

Running Layer 33
Compute cycles: 65727
Stall cycles: 0
Overall utilization: 66.80%
Mapping efficiency: 94.23%
Average IFMAP DRAM BW: 7.975 words/cycle
Average Filter DRAM BW: 9.114 words/cycle
Average OFMAP DRAM BW: 16.000 words/cycle
Saving traces: Done!

Running Layer 34
Compute cycles: 79039
Stall cycles: 0
Overall utilization: 71.42%
Mapping efficiency: 94.23%
Average IFMAP DRAM BW: 7.975 words/cycle
Average Filter DRAM BW: 5.859 words/cycle
Average OFMAP DRAM BW: 16.000 words/cycle
Saving traces: Done!

Running Layer 35
Compute cycles: 243485
Stall cycles: 0
Overall utilization: 86.23%
Mapping efficiency: 100.00%
Average IFMAP DRAM BW: 4.486 words/cycle
Average Filter DRAM BW: 9.888 words/cycle
Average OFMAP DRAM BW: 18.578 words/cycle
Saving traces: Done!

Running Layer 36
Compute cycles: 32447
Stall cycles: 0
Overall utilization: 38.66%
Mapping efficiency: 94.23%
Average IFMAP DRAM BW: 7.975 words/cycle
Average Filter DRAM BW: 2.604 words/cycle
Average OFMAP DRAM BW: 16.000 words/cycle
Saving traces: Done!

Running Layer 37
Compute cycles: 38499
Stall cycles: 0
Overall utilization: 51.95%
Mapping efficiency: 89.29%
Average IFMAP DRAM BW: 0.997 words/cycle
Average Filter DRAM BW: 8.137 words/cycle
Average OFMAP DRAM BW: 16.000 words/cycle
Saving traces: Done!

Running Layer 38
Compute cycles: 45759
Stall cycles: 0
Overall utilization: 54.83%
Mapping efficiency: 94.23%
Average IFMAP DRAM BW: 7.975 words/cycle
Average Filter DRAM BW: 5.208 words/cycle
Average OFMAP DRAM BW: 16.000 words/cycle
Saving traces: Done!

Running Layer 39
Compute cycles: 129557
Stall cycles: 0
Overall utilization: 79.88%
Mapping efficiency: 94.23%
Average IFMAP DRAM BW: 8.224 words/cycle
Average Filter DRAM BW: 7.161 words/cycle
Average OFMAP DRAM BW: 18.364 words/cycle
Saving traces: Done!

Running Layer 40
Compute cycles: 88373
Stall cycles: 0
Overall utilization: 73.19%
Mapping efficiency: 94.23%
Average IFMAP DRAM BW: 8.224 words/cycle
Average Filter DRAM BW: 6.714 words/cycle
Average OFMAP DRAM BW: 16.000 words/cycle
Saving traces: Done!

Running Layer 41
Compute cycles: 296459
Stall cycles: 0
Overall utilization: 87.43%
Mapping efficiency: 100.00%
Average IFMAP DRAM BW: 4.984 words/cycle
Average Filter DRAM BW: 9.155 words/cycle
Average OFMAP DRAM BW: 14.598 words/cycle
Saving traces: Done!

Running Layer 42
Compute cycles: 33461
Stall cycles: 0
Overall utilization: 38.66%
Mapping efficiency: 94.23%
Average IFMAP DRAM BW: 8.224 words/cycle
Average Filter DRAM BW: 2.685 words/cycle
Average OFMAP DRAM BW: 16.000 words/cycle
Saving traces: Done!

Running Layer 43
Compute cycles: 60899
Stall cycles: 0
Overall utilization: 65.68%
Mapping efficiency: 89.29%
Average IFMAP DRAM BW: 0.997 words/cycle
Average Filter DRAM BW: 8.138 words/cycle
Average OFMAP DRAM BW: 16.000 words/cycle
Saving traces: Done!

Running Layer 44
Compute cycles: 74645
Stall cycles: 0
Overall utilization: 69.32%
Mapping efficiency: 94.23%
Average IFMAP DRAM BW: 8.224 words/cycle
Average Filter DRAM BW: 5.371 words/cycle
Average OFMAP DRAM BW: 16.000 words/cycle
Saving traces: Done!

Running Layer 45
Compute cycles: 62815
Stall cycles: 0
Overall utilization: 64.90%
Mapping efficiency: 76.56%
Average IFMAP DRAM BW: 6.479 words/cycle
Average Filter DRAM BW: 8.463 words/cycle
Average OFMAP DRAM BW: 16.000 words/cycle
Saving traces: Done!

Running Layer 46
Compute cycles: 28015
Stall cycles: 0
Overall utilization: 58.16%
Mapping efficiency: 74.87%
Average IFMAP DRAM BW: 4.143 words/cycle
Average Filter DRAM BW: 6.765 words/cycle
Average OFMAP DRAM BW: 16.000 words/cycle
Saving traces: Done!

Running Layer 47
Compute cycles: 65879
Stall cycles: 0
Overall utilization: 68.31%
Mapping efficiency: 78.12%
Average IFMAP DRAM BW: 1.246 words/cycle
Average Filter DRAM BW: 9.155 words/cycle
Average OFMAP DRAM BW: 16.000 words/cycle
Saving traces: Done!

Running Layer 48
Compute cycles: 16223
Stall cycles: 0
Overall utilization: 31.41%
Mapping efficiency: 76.56%
Average IFMAP DRAM BW: 6.479 words/cycle
Average Filter DRAM BW: 4.231 words/cycle
Average OFMAP DRAM BW: 16.000 words/cycle
Saving traces: Done!

Running Layer 49
Compute cycles: 8699
Stall cycles: 0
Overall utilization: 41.38%
Mapping efficiency: 56.25%
Average IFMAP DRAM BW: 0.249 words/cycle
Average Filter DRAM BW: 8.138 words/cycle
Average OFMAP DRAM BW: 16.000 words/cycle
Saving traces: Done!

Running Layer 50
Compute cycles: 36191
Stall cycles: 0
Overall utilization: 56.32%
Mapping efficiency: 76.56%
Average IFMAP DRAM BW: 6.479 words/cycle
Average Filter DRAM BW: 8.463 words/cycle
Average OFMAP DRAM BW: 16.000 words/cycle
Saving traces: Done!

Running Layer 51
Compute cycles: 89439
Stall cycles: 0
Overall utilization: 68.37%
Mapping efficiency: 76.56%
Average IFMAP DRAM BW: 6.479 words/cycle
Average Filter DRAM BW: 8.463 words/cycle
Average OFMAP DRAM BW: 16.000 words/cycle
Saving traces: Done!

Running Layer 52
Compute cycles: 49503
Stall cycles: 0
Overall utilization: 61.77%
Mapping efficiency: 76.56%
Average IFMAP DRAM BW: 6.479 words/cycle
Average Filter DRAM BW: 8.463 words/cycle
Average OFMAP DRAM BW: 16.000 words/cycle
Saving traces: Done!

Running Layer 53
Compute cycles: 92879
Stall cycles: 0
Overall utilization: 69.77%
Mapping efficiency: 78.12%
Average IFMAP DRAM BW: 1.495 words/cycle
Average Filter DRAM BW: 9.588 words/cycle
Average OFMAP DRAM BW: 16.000 words/cycle
Saving traces: Done!

Running Layer 54
Compute cycles: 19551
Stall cycles: 0
Overall utilization: 39.10%
Mapping efficiency: 76.56%
Average IFMAP DRAM BW: 6.479 words/cycle
Average Filter DRAM BW: 6.347 words/cycle
Average OFMAP DRAM BW: 16.000 words/cycle
Saving traces: Done!

Running Layer 55
Compute cycles: 8699
Stall cycles: 0
Overall utilization: 41.38%
Mapping efficiency: 56.25%
Average IFMAP DRAM BW: 0.249 words/cycle
Average Filter DRAM BW: 8.138 words/cycle
Average OFMAP DRAM BW: 16.000 words/cycle
Saving traces: Done!

Running Layer 56
Compute cycles: 36191
Stall cycles: 0
Overall utilization: 56.32%
Mapping efficiency: 76.56%
Average IFMAP DRAM BW: 6.479 words/cycle
Average Filter DRAM BW: 8.463 words/cycle
Average OFMAP DRAM BW: 16.000 words/cycle
Saving traces: Done!

Running Layer 57
Compute cycles: 66943
Stall cycles: 0
Overall utilization: 5.98%
Mapping efficiency: 6.25%
Average IFMAP DRAM BW: 0.163 words/cycle
Average Filter DRAM BW: 9.574 words/cycle
Average OFMAP DRAM BW: 16.000 words/cycle
Saving traces: Done!
************ SCALE SIM Run Complete ****************
