/home/grads/abv5402/cse530-labfiles/scale-sim-v2/configs/config_1_ws.cfg
Topology file: /home/grads/abv5402/cse530-labfiles/scale-sim-v2/topologies/conv_nets/Googlenet.csv
Googlenet
====================================================
******************* SCALE SIM **********************
====================================================
Array Size: 	128x128
SRAM IFMAP (kB): 	6144
SRAM Filter (kB): 	6144
SRAM OFMAP (kB): 	2048
Dataflow: 	Weight Stationary
CSV file path: 	/home/grads/abv5402/cse530-labfiles/scale-sim-v2/topologies/conv_nets/Googlenet.csv
Working in ESTIMATE BANDWIDTH mode.
====================================================

Running Layer 0
Compute cycles: 24963
Stall cycles: 0
Overall utilization: 27.83%
Mapping efficiency: 28.71%
Average IFMAP DRAM BW: 7.975 words/cycle
Average Filter DRAM BW: 1.495 words/cycle
Average OFMAP DRAM BW: 131.043 words/cycle
Saving traces: Done!

Running Layer 1
Compute cycles: 3517
Stall cycles: 0
Overall utilization: 22.29%
Mapping efficiency: 25.00%
Average IFMAP DRAM BW: 7.975 words/cycle
Average Filter DRAM BW: 0.651 words/cycle
Average OFMAP DRAM BW: 128.000 words/cycle
Saving traces: Done!

Running Layer 2
Compute cycles: 32979
Stall cycles: 0
Overall utilization: 59.68%
Mapping efficiency: 67.50%
Average IFMAP DRAM BW: 7.975 words/cycle
Average Filter DRAM BW: 8.789 words/cycle
Average OFMAP DRAM BW: 95.899 words/cycle
Saving traces: Done!

Running Layer 3
Compute cycles: 2331
Stall cycles: 0
Overall utilization: 25.23%
Mapping efficiency: 37.50%
Average IFMAP DRAM BW: 7.975 words/cycle
Average Filter DRAM BW: 1.953 words/cycle
Average OFMAP DRAM BW: 128.000 words/cycle
Saving traces: Done!

Running Layer 4
Compute cycles: 2331
Stall cycles: 0
Overall utilization: 37.84%
Mapping efficiency: 56.25%
Average IFMAP DRAM BW: 7.975 words/cycle
Average Filter DRAM BW: 2.929 words/cycle
Average OFMAP DRAM BW: 128.000 words/cycle
Saving traces: Done!

Running Layer 5
Compute cycles: 7405
Stall cycles: 0
Overall utilization: 61.62%
Mapping efficiency: 96.43%
Average IFMAP DRAM BW: 5.981 words/cycle
Average Filter DRAM BW: 8.789 words/cycle
Average OFMAP DRAM BW: 128.000 words/cycle
Saving traces: Done!

Running Layer 6
Compute cycles: 2331
Stall cycles: 0
Overall utilization: 6.31%
Mapping efficiency: 9.38%
Average IFMAP DRAM BW: 7.975 words/cycle
Average Filter DRAM BW: 0.488 words/cycle
Average OFMAP DRAM BW: 128.000 words/cycle
Saving traces: Done!

Running Layer 7
Compute cycles: 3831
Stall cycles: 0
Overall utilization: 11.75%
Mapping efficiency: 19.53%
Average IFMAP DRAM BW: 1.994 words/cycle
Average Filter DRAM BW: 2.034 words/cycle
Average OFMAP DRAM BW: 128.000 words/cycle
Saving traces: Done!

Running Layer 8
Compute cycles: 2331
Stall cycles: 0
Overall utilization: 12.61%
Mapping efficiency: 18.75%
Average IFMAP DRAM BW: 7.975 words/cycle
Average Filter DRAM BW: 0.976 words/cycle
Average OFMAP DRAM BW: 128.000 words/cycle
Saving traces: Done!

Running Layer 9
Compute cycles: 2331
Stall cycles: 0
Overall utilization: 67.27%
Mapping efficiency: 100.00%
Average IFMAP DRAM BW: 7.975 words/cycle
Average Filter DRAM BW: 5.208 words/cycle
Average OFMAP DRAM BW: 128.000 words/cycle
Saving traces: Done!

Running Layer 10
Compute cycles: 2331
Stall cycles: 0
Overall utilization: 67.27%
Mapping efficiency: 100.00%
Average IFMAP DRAM BW: 7.975 words/cycle
Average Filter DRAM BW: 5.208 words/cycle
Average OFMAP DRAM BW: 128.000 words/cycle
Saving traces: Done!

Running Layer 11
Compute cycles: 19043
Stall cycles: 0
Overall utilization: 47.92%
Mapping efficiency: 75.00%
Average IFMAP DRAM BW: 7.975 words/cycle
Average Filter DRAM BW: 8.789 words/cycle
Average OFMAP DRAM BW: 319.021 words/cycle
Saving traces: Done!

Running Layer 12
Compute cycles: 2331
Stall cycles: 0
Overall utilization: 16.82%
Mapping efficiency: 25.00%
Average IFMAP DRAM BW: 7.975 words/cycle
Average Filter DRAM BW: 1.302 words/cycle
Average OFMAP DRAM BW: 128.000 words/cycle
Saving traces: Done!

Running Layer 13
Compute cycles: 6705
Stall cycles: 0
Overall utilization: 40.27%
Mapping efficiency: 66.96%
Average IFMAP DRAM BW: 3.987 words/cycle
Average Filter DRAM BW: 6.103 words/cycle
Average OFMAP DRAM BW: 128.000 words/cycle
Saving traces: Done!

Running Layer 14
Compute cycles: 2331
Stall cycles: 0
Overall utilization: 33.63%
Mapping efficiency: 50.00%
Average IFMAP DRAM BW: 7.975 words/cycle
Average Filter DRAM BW: 2.604 words/cycle
Average OFMAP DRAM BW: 128.000 words/cycle
Saving traces: Done!

Running Layer 15
Compute cycles: 4623
Stall cycles: 0
Overall utilization: 23.85%
Mapping efficiency: 70.31%
Average IFMAP DRAM BW: 7.477 words/cycle
Average Filter DRAM BW: 7.324 words/cycle
Average OFMAP DRAM BW: 128.000 words/cycle
Saving traces: Done!

Running Layer 16
Compute cycles: 2311
Stall cycles: 0
Overall utilization: 23.85%
Mapping efficiency: 70.31%
Average IFMAP DRAM BW: 7.477 words/cycle
Average Filter DRAM BW: 7.324 words/cycle
Average OFMAP DRAM BW: 128.000 words/cycle
Saving traces: Done!

Running Layer 17
Compute cycles: 7363
Stall cycles: 0
Overall utilization: 21.45%
Mapping efficiency: 78.35%
Average IFMAP DRAM BW: 2.990 words/cycle
Average Filter DRAM BW: 9.521 words/cycle
Average OFMAP DRAM BW: 128.000 words/cycle
Saving traces: Done!

Running Layer 18
Compute cycles: 2311
Stall cycles: 0
Overall utilization: 3.98%
Mapping efficiency: 11.72%
Average IFMAP DRAM BW: 7.477 words/cycle
Average Filter DRAM BW: 1.221 words/cycle
Average OFMAP DRAM BW: 128.000 words/cycle
Saving traces: Done!

Running Layer 19
Compute cycles: 1927
Stall cycles: 0
Overall utilization: 6.08%
Mapping efficiency: 29.30%
Average IFMAP DRAM BW: 0.498 words/cycle
Average Filter DRAM BW: 3.051 words/cycle
Average OFMAP DRAM BW: 128.000 words/cycle
Saving traces: Done!

Running Layer 20
Compute cycles: 2311
Stall cycles: 0
Overall utilization: 15.90%
Mapping efficiency: 46.88%
Average IFMAP DRAM BW: 7.477 words/cycle
Average Filter DRAM BW: 4.882 words/cycle
Average OFMAP DRAM BW: 128.000 words/cycle
Saving traces: Done!

Running Layer 21
Compute cycles: 4623
Stall cycles: 0
Overall utilization: 21.20%
Mapping efficiency: 62.50%
Average IFMAP DRAM BW: 7.975 words/cycle
Average Filter DRAM BW: 6.510 words/cycle
Average OFMAP DRAM BW: 128.000 words/cycle
Saving traces: Done!

Running Layer 22
Compute cycles: 2311
Stall cycles: 0
Overall utilization: 29.68%
Mapping efficiency: 87.50%
Average IFMAP DRAM BW: 7.975 words/cycle
Average Filter DRAM BW: 9.114 words/cycle
Average OFMAP DRAM BW: 128.000 words/cycle
Saving traces: Done!

Running Layer 23
Compute cycles: 8415
Stall cycles: 0
Overall utilization: 23.58%
Mapping efficiency: 86.13%
Average IFMAP DRAM BW: 3.489 words/cycle
Average Filter DRAM BW: 8.972 words/cycle
Average OFMAP DRAM BW: 128.000 words/cycle
Saving traces: Done!

Running Layer 24
Compute cycles: 2311
Stall cycles: 0
Overall utilization: 6.36%
Mapping efficiency: 18.75%
Average IFMAP DRAM BW: 7.975 words/cycle
Average Filter DRAM BW: 1.953 words/cycle
Average OFMAP DRAM BW: 128.000 words/cycle
Saving traces: Done!

Running Layer 25
Compute cycles: 2409
Stall cycles: 0
Overall utilization: 9.73%
Mapping efficiency: 46.88%
Average IFMAP DRAM BW: 0.748 words/cycle
Average Filter DRAM BW: 6.103 words/cycle
Average OFMAP DRAM BW: 128.000 words/cycle
Saving traces: Done!

Running Layer 26
Compute cycles: 2311
Stall cycles: 0
Overall utilization: 16.96%
Mapping efficiency: 50.00%
Average IFMAP DRAM BW: 7.975 words/cycle
Average Filter DRAM BW: 5.208 words/cycle
Average OFMAP DRAM BW: 128.000 words/cycle
Saving traces: Done!

Running Layer 27
Compute cycles: 2311
Stall cycles: 0
Overall utilization: 33.92%
Mapping efficiency: 100.00%
Average IFMAP DRAM BW: 7.975 words/cycle
Average Filter DRAM BW: 5.208 words/cycle
Average OFMAP DRAM BW: 128.000 words/cycle
Saving traces: Done!

Running Layer 28
Compute cycles: 2311
Stall cycles: 0
Overall utilization: 33.92%
Mapping efficiency: 100.00%
Average IFMAP DRAM BW: 7.975 words/cycle
Average Filter DRAM BW: 5.208 words/cycle
Average OFMAP DRAM BW: 128.000 words/cycle
Saving traces: Done!

Running Layer 29
Compute cycles: 9467
Stall cycles: 0
Overall utilization: 27.38%
Mapping efficiency: 100.00%
Average IFMAP DRAM BW: 3.987 words/cycle
Average Filter DRAM BW: 9.375 words/cycle
Average OFMAP DRAM BW: 128.000 words/cycle
Saving traces: Done!

Running Layer 30
Compute cycles: 2311
Stall cycles: 0
Overall utilization: 6.36%
Mapping efficiency: 18.75%
Average IFMAP DRAM BW: 7.975 words/cycle
Average Filter DRAM BW: 1.953 words/cycle
Average OFMAP DRAM BW: 128.000 words/cycle
Saving traces: Done!

Running Layer 31
Compute cycles: 577
Stall cycles: 0
Overall utilization: 3.18%
Mapping efficiency: 9.38%
Average IFMAP DRAM BW: 0.748 words/cycle
Average Filter DRAM BW: 0.244 words/cycle
Average OFMAP DRAM BW: 128.000 words/cycle
Saving traces: Done!

Running Layer 32
Compute cycles: 2311
Stall cycles: 0
Overall utilization: 16.96%
Mapping efficiency: 50.00%
Average IFMAP DRAM BW: 7.975 words/cycle
Average Filter DRAM BW: 5.208 words/cycle
Average OFMAP DRAM BW: 128.000 words/cycle
Saving traces: Done!

Running Layer 33
Compute cycles: 2311
Stall cycles: 0
Overall utilization: 29.68%
Mapping efficiency: 87.50%
Average IFMAP DRAM BW: 7.975 words/cycle
Average Filter DRAM BW: 9.114 words/cycle
Average OFMAP DRAM BW: 128.000 words/cycle
Saving traces: Done!

Running Layer 34
Compute cycles: 4623
Stall cycles: 0
Overall utilization: 19.08%
Mapping efficiency: 56.25%
Average IFMAP DRAM BW: 7.975 words/cycle
Average Filter DRAM BW: 5.859 words/cycle
Average OFMAP DRAM BW: 128.000 words/cycle
Saving traces: Done!

Running Layer 35
Compute cycles: 17357
Stall cycles: 0
Overall utilization: 18.90%
Mapping efficiency: 69.03%
Average IFMAP DRAM BW: 4.486 words/cycle
Average Filter DRAM BW: 9.888 words/cycle
Average OFMAP DRAM BW: 128.000 words/cycle
Saving traces: Done!

Running Layer 36
Compute cycles: 2311
Stall cycles: 0
Overall utilization: 8.48%
Mapping efficiency: 25.00%
Average IFMAP DRAM BW: 7.975 words/cycle
Average Filter DRAM BW: 2.604 words/cycle
Average OFMAP DRAM BW: 128.000 words/cycle
Saving traces: Done!

Running Layer 37
Compute cycles: 3373
Stall cycles: 0
Overall utilization: 9.26%
Mapping efficiency: 44.64%
Average IFMAP DRAM BW: 0.997 words/cycle
Average Filter DRAM BW: 8.137 words/cycle
Average OFMAP DRAM BW: 128.000 words/cycle
Saving traces: Done!

Running Layer 38
Compute cycles: 2311
Stall cycles: 0
Overall utilization: 16.96%
Mapping efficiency: 50.00%
Average IFMAP DRAM BW: 7.975 words/cycle
Average Filter DRAM BW: 5.208 words/cycle
Average OFMAP DRAM BW: 128.000 words/cycle
Saving traces: Done!

Running Layer 39
Compute cycles: 5779
Stall cycles: 0
Overall utilization: 27.98%
Mapping efficiency: 82.50%
Average IFMAP DRAM BW: 8.224 words/cycle
Average Filter DRAM BW: 7.161 words/cycle
Average OFMAP DRAM BW: 128.000 words/cycle
Saving traces: Done!

Running Layer 40
Compute cycles: 5779
Stall cycles: 0
Overall utilization: 17.49%
Mapping efficiency: 51.56%
Average IFMAP DRAM BW: 8.224 words/cycle
Average Filter DRAM BW: 6.714 words/cycle
Average OFMAP DRAM BW: 128.000 words/cycle
Saving traces: Done!

Running Layer 41
Compute cycles: 18935
Stall cycles: 0
Overall utilization: 21.39%
Mapping efficiency: 78.12%
Average IFMAP DRAM BW: 4.984 words/cycle
Average Filter DRAM BW: 9.155 words/cycle
Average OFMAP DRAM BW: 128.000 words/cycle
Saving traces: Done!

Running Layer 42
Compute cycles: 2889
Stall cycles: 0
Overall utilization: 7.00%
Mapping efficiency: 20.62%
Average IFMAP DRAM BW: 8.224 words/cycle
Average Filter DRAM BW: 2.685 words/cycle
Average OFMAP DRAM BW: 128.000 words/cycle
Saving traces: Done!

Running Layer 43
Compute cycles: 3373
Stall cycles: 0
Overall utilization: 18.53%
Mapping efficiency: 89.29%
Average IFMAP DRAM BW: 0.997 words/cycle
Average Filter DRAM BW: 8.138 words/cycle
Average OFMAP DRAM BW: 128.000 words/cycle
Saving traces: Done!

Running Layer 44
Compute cycles: 2889
Stall cycles: 0
Overall utilization: 27.99%
Mapping efficiency: 82.50%
Average IFMAP DRAM BW: 8.224 words/cycle
Average Filter DRAM BW: 5.371 words/cycle
Average OFMAP DRAM BW: 128.000 words/cycle
Saving traces: Done!

Running Layer 45
Compute cycles: 6033
Stall cycles: 0
Overall utilization: 10.56%
Mapping efficiency: 92.86%
Average IFMAP DRAM BW: 6.479 words/cycle
Average Filter DRAM BW: 8.463 words/cycle
Average OFMAP DRAM BW: 128.000 words/cycle
Saving traces: Done!

Running Layer 46
Compute cycles: 4309
Stall cycles: 0
Overall utilization: 5.91%
Mapping efficiency: 51.95%
Average IFMAP DRAM BW: 4.143 words/cycle
Average Filter DRAM BW: 6.765 words/cycle
Average OFMAP DRAM BW: 127.687 words/cycle
Saving traces: Done!

Running Layer 47
Compute cycles: 14651
Stall cycles: 0
Overall utilization: 4.80%
Mapping efficiency: 78.12%
Average IFMAP DRAM BW: 1.246 words/cycle
Average Filter DRAM BW: 9.155 words/cycle
Average OFMAP DRAM BW: 128.000 words/cycle
Saving traces: Done!

Running Layer 48
Compute cycles: 3016
Stall cycles: 0
Overall utilization: 2.64%
Mapping efficiency: 23.21%
Average IFMAP DRAM BW: 6.479 words/cycle
Average Filter DRAM BW: 4.231 words/cycle
Average OFMAP DRAM BW: 127.628 words/cycle
Saving traces: Done!

Running Layer 49
Compute cycles: 2736
Stall cycles: 0
Overall utilization: 2.06%
Mapping efficiency: 89.29%
Average IFMAP DRAM BW: 0.249 words/cycle
Average Filter DRAM BW: 8.138 words/cycle
Average OFMAP DRAM BW: 128.000 words/cycle
Saving traces: Done!

Running Layer 50
Compute cycles: 3016
Stall cycles: 0
Overall utilization: 10.56%
Mapping efficiency: 92.86%
Average IFMAP DRAM BW: 6.479 words/cycle
Average Filter DRAM BW: 8.463 words/cycle
Average OFMAP DRAM BW: 128.000 words/cycle
Saving traces: Done!

Running Layer 51
Compute cycles: 9050
Stall cycles: 0
Overall utilization: 10.56%
Mapping efficiency: 92.86%
Average IFMAP DRAM BW: 6.479 words/cycle
Average Filter DRAM BW: 8.463 words/cycle
Average OFMAP DRAM BW: 128.000 words/cycle
Saving traces: Done!

Running Layer 52
Compute cycles: 6033
Stall cycles: 0
Overall utilization: 7.92%
Mapping efficiency: 69.64%
Average IFMAP DRAM BW: 6.479 words/cycle
Average Filter DRAM BW: 8.463 words/cycle
Average OFMAP DRAM BW: 127.876 words/cycle
Saving traces: Done!

Running Layer 53
Compute cycles: 17093
Stall cycles: 0
Overall utilization: 5.92%
Mapping efficiency: 96.43%
Average IFMAP DRAM BW: 1.495 words/cycle
Average Filter DRAM BW: 9.588 words/cycle
Average OFMAP DRAM BW: 128.000 words/cycle
Saving traces: Done!

Running Layer 54
Compute cycles: 3016
Stall cycles: 0
Overall utilization: 3.96%
Mapping efficiency: 34.82%
Average IFMAP DRAM BW: 6.479 words/cycle
Average Filter DRAM BW: 6.347 words/cycle
Average OFMAP DRAM BW: 127.628 words/cycle
Saving traces: Done!

Running Layer 55
Compute cycles: 2736
Stall cycles: 0
Overall utilization: 2.06%
Mapping efficiency: 89.29%
Average IFMAP DRAM BW: 0.249 words/cycle
Average Filter DRAM BW: 8.138 words/cycle
Average OFMAP DRAM BW: 128.000 words/cycle
Saving traces: Done!

Running Layer 56
Compute cycles: 3016
Stall cycles: 0
Overall utilization: 10.56%
Mapping efficiency: 92.86%
Average IFMAP DRAM BW: 6.479 words/cycle
Average Filter DRAM BW: 8.463 words/cycle
Average OFMAP DRAM BW: 128.000 words/cycle
Saving traces: Done!

Running Layer 57
Compute cycles: 24511
Stall cycles: 0
Overall utilization: 0.25%
Mapping efficiency: 97.66%
Average IFMAP DRAM BW: 0.163 words/cycle
Average Filter DRAM BW: 9.574 words/cycle
Average OFMAP DRAM BW: 126.984 words/cycle
Saving traces: Done!
************ SCALE SIM Run Complete ****************
