/home/grads/abv5402/cse530-labfiles/scale-sim-v2/configs/config_3_ws.cfg
Topology file: /home/grads/abv5402/cse530-labfiles/scale-sim-v2/topologies/conv_nets/Googlenet.csv
Googlenet
====================================================
******************* SCALE SIM **********************
====================================================
Array Size: 	32x32
SRAM IFMAP (kB): 	6144
SRAM Filter (kB): 	6144
SRAM OFMAP (kB): 	2048
Dataflow: 	Weight Stationary
CSV file path: 	/home/grads/abv5402/cse530-labfiles/scale-sim-v2/topologies/conv_nets/Googlenet.csv
Working in ESTIMATE BANDWIDTH mode.
====================================================

Running Layer 0
Compute cycles: 121939
Stall cycles: 0
Overall utilization: 91.17%
Mapping efficiency: 91.88%
Average IFMAP DRAM BW: 7.975 words/cycle
Average Filter DRAM BW: 1.495 words/cycle
Average OFMAP DRAM BW: 34.695 words/cycle
Saving traces: Done!

Running Layer 1
Compute cycles: 12919
Stall cycles: 0
Overall utilization: 97.10%
Mapping efficiency: 100.00%
Average IFMAP DRAM BW: 7.975 words/cycle
Average Filter DRAM BW: 0.651 words/cycle
Average OFMAP DRAM BW: 32.000 words/cycle
Saving traces: Done!

Running Layer 2
Compute cycles: 325079
Stall cycles: 0
Overall utilization: 96.88%
Mapping efficiency: 100.00%
Average IFMAP DRAM BW: 7.975 words/cycle
Average Filter DRAM BW: 8.789 words/cycle
Average OFMAP DRAM BW: 32.382 words/cycle
Saving traces: Done!

Running Layer 3
Compute cycles: 10535
Stall cycles: 0
Overall utilization: 89.30%
Mapping efficiency: 100.00%
Average IFMAP DRAM BW: 7.975 words/cycle
Average Filter DRAM BW: 1.953 words/cycle
Average OFMAP DRAM BW: 32.000 words/cycle
Saving traces: Done!

Running Layer 4
Compute cycles: 15803
Stall cycles: 0
Overall utilization: 89.30%
Mapping efficiency: 100.00%
Average IFMAP DRAM BW: 7.975 words/cycle
Average Filter DRAM BW: 2.929 words/cycle
Average OFMAP DRAM BW: 32.000 words/cycle
Saving traces: Done!

Running Layer 5
Compute cycles: 83159
Stall cycles: 0
Overall utilization: 87.79%
Mapping efficiency: 100.00%
Average IFMAP DRAM BW: 5.981 words/cycle
Average Filter DRAM BW: 8.789 words/cycle
Average OFMAP DRAM BW: 43.854 words/cycle
Saving traces: Done!

Running Layer 6
Compute cycles: 5267
Stall cycles: 0
Overall utilization: 44.66%
Mapping efficiency: 50.00%
Average IFMAP DRAM BW: 7.975 words/cycle
Average Filter DRAM BW: 0.488 words/cycle
Average OFMAP DRAM BW: 32.000 words/cycle
Saving traces: Done!

Running Layer 7
Compute cycles: 8709
Stall cycles: 0
Overall utilization: 82.67%
Mapping efficiency: 96.15%
Average IFMAP DRAM BW: 1.994 words/cycle
Average Filter DRAM BW: 2.034 words/cycle
Average OFMAP DRAM BW: 32.000 words/cycle
Saving traces: Done!

Running Layer 8
Compute cycles: 5267
Stall cycles: 0
Overall utilization: 89.31%
Mapping efficiency: 100.00%
Average IFMAP DRAM BW: 7.975 words/cycle
Average Filter DRAM BW: 0.976 words/cycle
Average OFMAP DRAM BW: 32.000 words/cycle
Saving traces: Done!

Running Layer 9
Compute cycles: 28095
Stall cycles: 0
Overall utilization: 89.30%
Mapping efficiency: 100.00%
Average IFMAP DRAM BW: 7.975 words/cycle
Average Filter DRAM BW: 5.208 words/cycle
Average OFMAP DRAM BW: 32.000 words/cycle
Saving traces: Done!

Running Layer 10
Compute cycles: 28095
Stall cycles: 0
Overall utilization: 89.30%
Mapping efficiency: 100.00%
Average IFMAP DRAM BW: 7.975 words/cycle
Average Filter DRAM BW: 5.208 words/cycle
Average OFMAP DRAM BW: 32.000 words/cycle
Saving traces: Done!

Running Layer 11
Compute cycles: 166319
Stall cycles: 0
Overall utilization: 87.79%
Mapping efficiency: 100.00%
Average IFMAP DRAM BW: 7.975 words/cycle
Average Filter DRAM BW: 8.789 words/cycle
Average OFMAP DRAM BW: 32.469 words/cycle
Saving traces: Done!

Running Layer 12
Compute cycles: 7023
Stall cycles: 0
Overall utilization: 89.31%
Mapping efficiency: 100.00%
Average IFMAP DRAM BW: 7.975 words/cycle
Average Filter DRAM BW: 1.302 words/cycle
Average OFMAP DRAM BW: 32.000 words/cycle
Saving traces: Done!

Running Layer 13
Compute cycles: 50249
Stall cycles: 0
Overall utilization: 85.97%
Mapping efficiency: 100.00%
Average IFMAP DRAM BW: 3.987 words/cycle
Average Filter DRAM BW: 6.103 words/cycle
Average OFMAP DRAM BW: 61.245 words/cycle
Saving traces: Done!

Running Layer 14
Compute cycles: 14047
Stall cycles: 0
Overall utilization: 89.30%
Mapping efficiency: 100.00%
Average IFMAP DRAM BW: 7.975 words/cycle
Average Filter DRAM BW: 2.604 words/cycle
Average OFMAP DRAM BW: 32.000 words/cycle
Saving traces: Done!

Running Layer 15
Compute cycles: 26099
Stall cycles: 0
Overall utilization: 67.59%
Mapping efficiency: 100.00%
Average IFMAP DRAM BW: 7.477 words/cycle
Average Filter DRAM BW: 7.324 words/cycle
Average OFMAP DRAM BW: 32.000 words/cycle
Saving traces: Done!

Running Layer 16
Compute cycles: 13049
Stall cycles: 0
Overall utilization: 67.59%
Mapping efficiency: 100.00%
Average IFMAP DRAM BW: 7.477 words/cycle
Average Filter DRAM BW: 7.324 words/cycle
Average OFMAP DRAM BW: 32.000 words/cycle
Saving traces: Done!

Running Layer 17
Compute cycles: 44981
Stall cycles: 0
Overall utilization: 56.18%
Mapping efficiency: 92.86%
Average IFMAP DRAM BW: 2.990 words/cycle
Average Filter DRAM BW: 9.521 words/cycle
Average OFMAP DRAM BW: 32.000 words/cycle
Saving traces: Done!

Running Layer 18
Compute cycles: 4349
Stall cycles: 0
Overall utilization: 33.80%
Mapping efficiency: 50.00%
Average IFMAP DRAM BW: 7.477 words/cycle
Average Filter DRAM BW: 1.221 words/cycle
Average OFMAP DRAM BW: 32.000 words/cycle
Saving traces: Done!

Running Layer 19
Compute cycles: 5043
Stall cycles: 0
Overall utilization: 37.18%
Mapping efficiency: 72.12%
Average IFMAP DRAM BW: 0.498 words/cycle
Average Filter DRAM BW: 3.051 words/cycle
Average OFMAP DRAM BW: 32.000 words/cycle
Saving traces: Done!

Running Layer 20
Compute cycles: 8699
Stall cycles: 0
Overall utilization: 67.59%
Mapping efficiency: 100.00%
Average IFMAP DRAM BW: 7.477 words/cycle
Average Filter DRAM BW: 4.882 words/cycle
Average OFMAP DRAM BW: 32.000 words/cycle
Saving traces: Done!

Running Layer 21
Compute cycles: 23199
Stall cycles: 0
Overall utilization: 67.59%
Mapping efficiency: 100.00%
Average IFMAP DRAM BW: 7.975 words/cycle
Average Filter DRAM BW: 6.510 words/cycle
Average OFMAP DRAM BW: 32.000 words/cycle
Saving traces: Done!

Running Layer 22
Compute cycles: 18559
Stall cycles: 0
Overall utilization: 59.14%
Mapping efficiency: 87.50%
Average IFMAP DRAM BW: 7.975 words/cycle
Average Filter DRAM BW: 9.114 words/cycle
Average OFMAP DRAM BW: 32.000 words/cycle
Saving traces: Done!

Running Layer 23
Compute cycles: 53311
Stall cycles: 0
Overall utilization: 59.56%
Mapping efficiency: 98.44%
Average IFMAP DRAM BW: 3.489 words/cycle
Average Filter DRAM BW: 8.972 words/cycle
Average OFMAP DRAM BW: 32.000 words/cycle
Saving traces: Done!

Running Layer 24
Compute cycles: 4639
Stall cycles: 0
Overall utilization: 50.70%
Mapping efficiency: 75.00%
Average IFMAP DRAM BW: 7.975 words/cycle
Average Filter DRAM BW: 1.953 words/cycle
Average OFMAP DRAM BW: 32.000 words/cycle
Saving traces: Done!

Running Layer 25
Compute cycles: 7371
Stall cycles: 0
Overall utilization: 50.88%
Mapping efficiency: 98.68%
Average IFMAP DRAM BW: 0.748 words/cycle
Average Filter DRAM BW: 6.103 words/cycle
Average OFMAP DRAM BW: 32.000 words/cycle
Saving traces: Done!

Running Layer 26
Compute cycles: 9279
Stall cycles: 0
Overall utilization: 67.59%
Mapping efficiency: 100.00%
Average IFMAP DRAM BW: 7.975 words/cycle
Average Filter DRAM BW: 5.208 words/cycle
Average OFMAP DRAM BW: 32.000 words/cycle
Saving traces: Done!

Running Layer 27
Compute cycles: 18559
Stall cycles: 0
Overall utilization: 67.59%
Mapping efficiency: 100.00%
Average IFMAP DRAM BW: 7.975 words/cycle
Average Filter DRAM BW: 5.208 words/cycle
Average OFMAP DRAM BW: 32.000 words/cycle
Saving traces: Done!

Running Layer 28
Compute cycles: 18559
Stall cycles: 0
Overall utilization: 67.59%
Mapping efficiency: 100.00%
Average IFMAP DRAM BW: 7.975 words/cycle
Average Filter DRAM BW: 5.208 words/cycle
Average OFMAP DRAM BW: 32.000 words/cycle
Saving traces: Done!

Running Layer 29
Compute cycles: 68543
Stall cycles: 0
Overall utilization: 60.51%
Mapping efficiency: 100.00%
Average IFMAP DRAM BW: 3.987 words/cycle
Average Filter DRAM BW: 9.375 words/cycle
Average OFMAP DRAM BW: 57.541 words/cycle
Saving traces: Done!

Running Layer 30
Compute cycles: 4639
Stall cycles: 0
Overall utilization: 50.70%
Mapping efficiency: 75.00%
Average IFMAP DRAM BW: 7.975 words/cycle
Average Filter DRAM BW: 1.953 words/cycle
Average OFMAP DRAM BW: 32.000 words/cycle
Saving traces: Done!

Running Layer 31
Compute cycles: 579
Stall cycles: 0
Overall utilization: 50.78%
Mapping efficiency: 75.00%
Average IFMAP DRAM BW: 0.748 words/cycle
Average Filter DRAM BW: 0.244 words/cycle
Average OFMAP DRAM BW: 32.000 words/cycle
Saving traces: Done!

Running Layer 32
Compute cycles: 9279
Stall cycles: 0
Overall utilization: 67.59%
Mapping efficiency: 100.00%
Average IFMAP DRAM BW: 7.975 words/cycle
Average Filter DRAM BW: 5.208 words/cycle
Average OFMAP DRAM BW: 32.000 words/cycle
Saving traces: Done!

Running Layer 33
Compute cycles: 18559
Stall cycles: 0
Overall utilization: 59.14%
Mapping efficiency: 87.50%
Average IFMAP DRAM BW: 7.975 words/cycle
Average Filter DRAM BW: 9.114 words/cycle
Average OFMAP DRAM BW: 32.000 words/cycle
Saving traces: Done!

Running Layer 34
Compute cycles: 23199
Stall cycles: 0
Overall utilization: 60.83%
Mapping efficiency: 90.00%
Average IFMAP DRAM BW: 7.975 words/cycle
Average Filter DRAM BW: 5.859 words/cycle
Average OFMAP DRAM BW: 32.000 words/cycle
Saving traces: Done!

Running Layer 35
Compute cycles: 87821
Stall cycles: 0
Overall utilization: 59.77%
Mapping efficiency: 98.78%
Average IFMAP DRAM BW: 4.486 words/cycle
Average Filter DRAM BW: 9.888 words/cycle
Average OFMAP DRAM BW: 31.485 words/cycle
Saving traces: Done!

Running Layer 36
Compute cycles: 4639
Stall cycles: 0
Overall utilization: 67.60%
Mapping efficiency: 100.00%
Average IFMAP DRAM BW: 7.975 words/cycle
Average Filter DRAM BW: 2.604 words/cycle
Average OFMAP DRAM BW: 32.000 words/cycle
Saving traces: Done!

Running Layer 37
Compute cycles: 9699
Stall cycles: 0
Overall utilization: 51.55%
Mapping efficiency: 100.00%
Average IFMAP DRAM BW: 0.997 words/cycle
Average Filter DRAM BW: 8.137 words/cycle
Average OFMAP DRAM BW: 32.000 words/cycle
Saving traces: Done!

Running Layer 38
Compute cycles: 9279
Stall cycles: 0
Overall utilization: 67.59%
Mapping efficiency: 100.00%
Average IFMAP DRAM BW: 7.975 words/cycle
Average Filter DRAM BW: 5.208 words/cycle
Average OFMAP DRAM BW: 32.000 words/cycle
Saving traces: Done!

Running Layer 39
Compute cycles: 39439
Stall cycles: 0
Overall utilization: 65.60%
Mapping efficiency: 97.06%
Average IFMAP DRAM BW: 8.224 words/cycle
Average Filter DRAM BW: 7.161 words/cycle
Average OFMAP DRAM BW: 32.000 words/cycle
Saving traces: Done!

Running Layer 40
Compute cycles: 24649
Stall cycles: 0
Overall utilization: 65.60%
Mapping efficiency: 97.06%
Average IFMAP DRAM BW: 8.224 words/cycle
Average Filter DRAM BW: 6.714 words/cycle
Average OFMAP DRAM BW: 32.000 words/cycle
Saving traces: Done!

Running Layer 41
Compute cycles: 107099
Stall cycles: 0
Overall utilization: 60.50%
Mapping efficiency: 100.00%
Average IFMAP DRAM BW: 4.984 words/cycle
Average Filter DRAM BW: 9.155 words/cycle
Average OFMAP DRAM BW: 24.411 words/cycle
Saving traces: Done!

Running Layer 42
Compute cycles: 4929
Stall cycles: 0
Overall utilization: 65.61%
Mapping efficiency: 97.06%
Average IFMAP DRAM BW: 8.224 words/cycle
Average Filter DRAM BW: 2.685 words/cycle
Average OFMAP DRAM BW: 32.000 words/cycle
Saving traces: Done!

Running Layer 43
Compute cycles: 19399
Stall cycles: 0
Overall utilization: 51.55%
Mapping efficiency: 100.00%
Average IFMAP DRAM BW: 0.997 words/cycle
Average Filter DRAM BW: 8.138 words/cycle
Average OFMAP DRAM BW: 32.000 words/cycle
Saving traces: Done!

Running Layer 44
Compute cycles: 19719
Stall cycles: 0
Overall utilization: 65.60%
Mapping efficiency: 97.06%
Average IFMAP DRAM BW: 8.224 words/cycle
Average Filter DRAM BW: 5.371 words/cycle
Average OFMAP DRAM BW: 32.000 words/cycle
Saving traces: Done!

Running Layer 45
Compute cycles: 29743
Stall cycles: 0
Overall utilization: 34.27%
Mapping efficiency: 100.00%
Average IFMAP DRAM BW: 6.479 words/cycle
Average Filter DRAM BW: 8.463 words/cycle
Average OFMAP DRAM BW: 32.000 words/cycle
Saving traces: Done!

Running Layer 46
Compute cycles: 12154
Stall cycles: 0
Overall utilization: 33.51%
Mapping efficiency: 97.79%
Average IFMAP DRAM BW: 4.143 words/cycle
Average Filter DRAM BW: 6.765 words/cycle
Average OFMAP DRAM BW: 32.000 words/cycle
Saving traces: Done!

Running Layer 47
Compute cycles: 53549
Stall cycles: 0
Overall utilization: 21.01%
Mapping efficiency: 100.00%
Average IFMAP DRAM BW: 1.246 words/cycle
Average Filter DRAM BW: 9.155 words/cycle
Average OFMAP DRAM BW: 32.000 words/cycle
Saving traces: Done!

Running Layer 48
Compute cycles: 3717
Stall cycles: 0
Overall utilization: 34.27%
Mapping efficiency: 100.00%
Average IFMAP DRAM BW: 6.479 words/cycle
Average Filter DRAM BW: 4.231 words/cycle
Average OFMAP DRAM BW: 32.000 words/cycle
Saving traces: Done!

Running Layer 49
Compute cycles: 10299
Stall cycles: 0
Overall utilization: 8.74%
Mapping efficiency: 100.00%
Average IFMAP DRAM BW: 0.249 words/cycle
Average Filter DRAM BW: 8.138 words/cycle
Average OFMAP DRAM BW: 32.000 words/cycle
Saving traces: Done!

Running Layer 50
Compute cycles: 14871
Stall cycles: 0
Overall utilization: 34.27%
Mapping efficiency: 100.00%
Average IFMAP DRAM BW: 6.479 words/cycle
Average Filter DRAM BW: 8.463 words/cycle
Average OFMAP DRAM BW: 32.000 words/cycle
Saving traces: Done!

Running Layer 51
Compute cycles: 44615
Stall cycles: 0
Overall utilization: 34.27%
Mapping efficiency: 100.00%
Average IFMAP DRAM BW: 6.479 words/cycle
Average Filter DRAM BW: 8.463 words/cycle
Average OFMAP DRAM BW: 32.000 words/cycle
Saving traces: Done!

Running Layer 52
Compute cycles: 22307
Stall cycles: 0
Overall utilization: 34.27%
Mapping efficiency: 100.00%
Average IFMAP DRAM BW: 6.479 words/cycle
Average Filter DRAM BW: 8.463 words/cycle
Average OFMAP DRAM BW: 32.000 words/cycle
Saving traces: Done!

Running Layer 53
Compute cycles: 77111
Stall cycles: 0
Overall utilization: 21.01%
Mapping efficiency: 100.00%
Average IFMAP DRAM BW: 1.495 words/cycle
Average Filter DRAM BW: 9.588 words/cycle
Average OFMAP DRAM BW: 32.000 words/cycle
Saving traces: Done!

Running Layer 54
Compute cycles: 7435
Stall cycles: 0
Overall utilization: 25.70%
Mapping efficiency: 75.00%
Average IFMAP DRAM BW: 6.479 words/cycle
Average Filter DRAM BW: 6.347 words/cycle
Average OFMAP DRAM BW: 32.000 words/cycle
Saving traces: Done!

Running Layer 55
Compute cycles: 10299
Stall cycles: 0
Overall utilization: 8.74%
Mapping efficiency: 100.00%
Average IFMAP DRAM BW: 0.249 words/cycle
Average Filter DRAM BW: 8.138 words/cycle
Average OFMAP DRAM BW: 32.000 words/cycle
Saving traces: Done!

Running Layer 56
Compute cycles: 14871
Stall cycles: 0
Overall utilization: 34.27%
Mapping efficiency: 100.00%
Average IFMAP DRAM BW: 6.479 words/cycle
Average Filter DRAM BW: 8.463 words/cycle
Average OFMAP DRAM BW: 32.000 words/cycle
Saving traces: Done!

Running Layer 57
Compute cycles: 97279
Stall cycles: 0
Overall utilization: 1.03%
Mapping efficiency: 97.66%
Average IFMAP DRAM BW: 0.163 words/cycle
Average Filter DRAM BW: 9.574 words/cycle
Average OFMAP DRAM BW: 32.000 words/cycle
Saving traces: Done!
************ SCALE SIM Run Complete ****************
