/home/grads/abv5402/cse530-labfiles/scale-sim-v2/configs/google_is.cfg
Topology file: /home/grads/abv5402/cse530-labfiles/scale-sim-v2/topologies/conv_nets/Googlenet.csv
Googlenet
====================================================
******************* SCALE SIM **********************
====================================================
Array Size: 	256x256
SRAM IFMAP (kB): 	6144
SRAM Filter (kB): 	6144
SRAM OFMAP (kB): 	2048
Dataflow: 	Input Stationary
CSV file path: 	/home/grads/abv5402/cse530-labfiles/scale-sim-v2/topologies/conv_nets/Googlenet.csv
Working in ESTIMATE BANDWIDTH mode.
====================================================

Running Layer 0
Compute cycles: 39839
Stall cycles: 0
Overall utilization: 4.36%
Mapping efficiency: 56.54%
Average IFMAP DRAM BW: 7.975 words/cycle
Average Filter DRAM BW: 1.495 words/cycle
Average OFMAP DRAM BW: 256.000 words/cycle
Saving traces: Done!

Running Layer 1
Compute cycles: 10789
Stall cycles: 0
Overall utilization: 1.82%
Mapping efficiency: 23.56%
Average IFMAP DRAM BW: 7.975 words/cycle
Average Filter DRAM BW: 0.651 words/cycle
Average OFMAP DRAM BW: 256.000 words/cycle
Saving traces: Done!

Running Layer 2
Compute cycles: 34487
Stall cycles: 0
Overall utilization: 14.27%
Mapping efficiency: 71.19%
Average IFMAP DRAM BW: 7.975 words/cycle
Average Filter DRAM BW: 8.789 words/cycle
Average OFMAP DRAM BW: 104.055 words/cycle
Saving traces: Done!

Running Layer 3
Compute cycles: 3319
Stall cycles: 0
Overall utilization: 4.43%
Mapping efficiency: 57.42%
Average IFMAP DRAM BW: 7.975 words/cycle
Average Filter DRAM BW: 1.953 words/cycle
Average OFMAP DRAM BW: 256.000 words/cycle
Saving traces: Done!

Running Layer 4
Compute cycles: 3447
Stall cycles: 0
Overall utilization: 6.40%
Mapping efficiency: 57.42%
Average IFMAP DRAM BW: 7.975 words/cycle
Average Filter DRAM BW: 2.929 words/cycle
Average OFMAP DRAM BW: 256.000 words/cycle
Saving traces: Done!

Running Layer 5
Compute cycles: 10727
Stall cycles: 0
Overall utilization: 10.63%
Mapping efficiency: 74.27%
Average IFMAP DRAM BW: 5.981 words/cycle
Average Filter DRAM BW: 8.789 words/cycle
Average OFMAP DRAM BW: 256.000 words/cycle
Saving traces: Done!

Running Layer 6
Compute cycles: 3127
Stall cycles: 0
Overall utilization: 1.18%
Mapping efficiency: 57.42%
Average IFMAP DRAM BW: 7.975 words/cycle
Average Filter DRAM BW: 0.488 words/cycle
Average OFMAP DRAM BW: 256.000 words/cycle
Saving traces: Done!

Running Layer 7
Compute cycles: 4787
Stall cycles: 0
Overall utilization: 2.35%
Mapping efficiency: 58.59%
Average IFMAP DRAM BW: 1.994 words/cycle
Average Filter DRAM BW: 2.034 words/cycle
Average OFMAP DRAM BW: 256.000 words/cycle
Saving traces: Done!

Running Layer 8
Compute cycles: 3191
Stall cycles: 0
Overall utilization: 2.30%
Mapping efficiency: 57.42%
Average IFMAP DRAM BW: 7.975 words/cycle
Average Filter DRAM BW: 0.976 words/cycle
Average OFMAP DRAM BW: 256.000 words/cycle
Saving traces: Done!

Running Layer 9
Compute cycles: 3575
Stall cycles: 0
Overall utilization: 10.97%
Mapping efficiency: 76.56%
Average IFMAP DRAM BW: 7.975 words/cycle
Average Filter DRAM BW: 5.208 words/cycle
Average OFMAP DRAM BW: 256.000 words/cycle
Saving traces: Done!

Running Layer 10
Compute cycles: 3575
Stall cycles: 0
Overall utilization: 10.97%
Mapping efficiency: 76.56%
Average IFMAP DRAM BW: 7.975 words/cycle
Average Filter DRAM BW: 5.208 words/cycle
Average OFMAP DRAM BW: 256.000 words/cycle
Saving traces: Done!

Running Layer 11
Compute cycles: 14369
Stall cycles: 0
Overall utilization: 15.88%
Mapping efficiency: 79.22%
Average IFMAP DRAM BW: 7.975 words/cycle
Average Filter DRAM BW: 8.789 words/cycle
Average OFMAP DRAM BW: 256.000 words/cycle
Saving traces: Done!

Running Layer 12
Compute cycles: 3191
Stall cycles: 0
Overall utilization: 3.07%
Mapping efficiency: 76.56%
Average IFMAP DRAM BW: 7.975 words/cycle
Average Filter DRAM BW: 1.302 words/cycle
Average OFMAP DRAM BW: 256.000 words/cycle
Saving traces: Done!

Running Layer 13
Compute cycles: 10343
Stall cycles: 0
Overall utilization: 6.53%
Mapping efficiency: 58.59%
Average IFMAP DRAM BW: 3.987 words/cycle
Average Filter DRAM BW: 6.103 words/cycle
Average OFMAP DRAM BW: 256.000 words/cycle
Saving traces: Done!

Running Layer 14
Compute cycles: 3319
Stall cycles: 0
Overall utilization: 5.91%
Mapping efficiency: 76.56%
Average IFMAP DRAM BW: 7.975 words/cycle
Average Filter DRAM BW: 2.604 words/cycle
Average OFMAP DRAM BW: 256.000 words/cycle
Saving traces: Done!

Running Layer 15
Compute cycles: 1915
Stall cycles: 0
Overall utilization: 14.39%
Mapping efficiency: 71.78%
Average IFMAP DRAM BW: 7.477 words/cycle
Average Filter DRAM BW: 7.324 words/cycle
Average OFMAP DRAM BW: 256.000 words/cycle
Saving traces: Done!

Running Layer 16
Compute cycles: 1723
Stall cycles: 0
Overall utilization: 8.00%
Mapping efficiency: 71.78%
Average IFMAP DRAM BW: 7.477 words/cycle
Average Filter DRAM BW: 7.324 words/cycle
Average OFMAP DRAM BW: 256.000 words/cycle
Saving traces: Done!

Running Layer 17
Compute cycles: 3895
Stall cycles: 0
Overall utilization: 10.14%
Mapping efficiency: 47.46%
Average IFMAP DRAM BW: 2.990 words/cycle
Average Filter DRAM BW: 9.521 words/cycle
Average OFMAP DRAM BW: 256.000 words/cycle
Saving traces: Done!

Running Layer 18
Compute cycles: 1563
Stall cycles: 0
Overall utilization: 1.47%
Mapping efficiency: 71.78%
Average IFMAP DRAM BW: 7.477 words/cycle
Average Filter DRAM BW: 1.221 words/cycle
Average OFMAP DRAM BW: 250.880 words/cycle
Saving traces: Done!

Running Layer 19
Compute cycles: 1627
Stall cycles: 0
Overall utilization: 1.80%
Mapping efficiency: 30.52%
Average IFMAP DRAM BW: 0.498 words/cycle
Average Filter DRAM BW: 3.051 words/cycle
Average OFMAP DRAM BW: 252.632 words/cycle
Saving traces: Done!

Running Layer 20
Compute cycles: 1659
Stall cycles: 0
Overall utilization: 5.54%
Mapping efficiency: 71.78%
Average IFMAP DRAM BW: 7.477 words/cycle
Average Filter DRAM BW: 4.882 words/cycle
Average OFMAP DRAM BW: 256.000 words/cycle
Saving traces: Done!

Running Layer 21
Compute cycles: 1851
Stall cycles: 0
Overall utilization: 13.24%
Mapping efficiency: 76.56%
Average IFMAP DRAM BW: 7.975 words/cycle
Average Filter DRAM BW: 6.510 words/cycle
Average OFMAP DRAM BW: 256.000 words/cycle
Saving traces: Done!

Running Layer 22
Compute cycles: 1755
Stall cycles: 0
Overall utilization: 9.77%
Mapping efficiency: 76.56%
Average IFMAP DRAM BW: 7.975 words/cycle
Average Filter DRAM BW: 9.114 words/cycle
Average OFMAP DRAM BW: 255.256 words/cycle
Saving traces: Done!

Running Layer 23
Compute cycles: 3959
Stall cycles: 0
Overall utilization: 12.53%
Mapping efficiency: 55.37%
Average IFMAP DRAM BW: 3.489 words/cycle
Average Filter DRAM BW: 8.972 words/cycle
Average OFMAP DRAM BW: 256.000 words/cycle
Saving traces: Done!

Running Layer 24
Compute cycles: 1579
Stall cycles: 0
Overall utilization: 2.33%
Mapping efficiency: 76.56%
Average IFMAP DRAM BW: 7.975 words/cycle
Average Filter DRAM BW: 1.953 words/cycle
Average OFMAP DRAM BW: 254.270 words/cycle
Saving traces: Done!

Running Layer 25
Compute cycles: 2489
Stall cycles: 0
Overall utilization: 2.35%
Mapping efficiency: 30.52%
Average IFMAP DRAM BW: 0.748 words/cycle
Average Filter DRAM BW: 6.103 words/cycle
Average OFMAP DRAM BW: 256.000 words/cycle
Saving traces: Done!

Running Layer 26
Compute cycles: 1659
Stall cycles: 0
Overall utilization: 5.91%
Mapping efficiency: 76.56%
Average IFMAP DRAM BW: 7.975 words/cycle
Average Filter DRAM BW: 5.208 words/cycle
Average OFMAP DRAM BW: 256.000 words/cycle
Saving traces: Done!

Running Layer 27
Compute cycles: 1787
Stall cycles: 0
Overall utilization: 10.97%
Mapping efficiency: 76.56%
Average IFMAP DRAM BW: 7.975 words/cycle
Average Filter DRAM BW: 5.208 words/cycle
Average OFMAP DRAM BW: 256.000 words/cycle
Saving traces: Done!

Running Layer 28
Compute cycles: 1787
Stall cycles: 0
Overall utilization: 10.97%
Mapping efficiency: 76.56%
Average IFMAP DRAM BW: 7.975 words/cycle
Average Filter DRAM BW: 5.208 words/cycle
Average OFMAP DRAM BW: 256.000 words/cycle
Saving traces: Done!

Running Layer 29
Compute cycles: 5109
Stall cycles: 0
Overall utilization: 12.68%
Mapping efficiency: 50.62%
Average IFMAP DRAM BW: 3.987 words/cycle
Average Filter DRAM BW: 9.375 words/cycle
Average OFMAP DRAM BW: 256.000 words/cycle
Saving traces: Done!

Running Layer 30
Compute cycles: 1579
Stall cycles: 0
Overall utilization: 2.33%
Mapping efficiency: 76.56%
Average IFMAP DRAM BW: 7.975 words/cycle
Average Filter DRAM BW: 1.953 words/cycle
Average OFMAP DRAM BW: 254.270 words/cycle
Saving traces: Done!

Running Layer 31
Compute cycles: 829
Stall cycles: 0
Overall utilization: 0.55%
Mapping efficiency: 7.18%
Average IFMAP DRAM BW: 0.748 words/cycle
Average Filter DRAM BW: 0.244 words/cycle
Average OFMAP DRAM BW: 256.000 words/cycle
Saving traces: Done!

Running Layer 32
Compute cycles: 1659
Stall cycles: 0
Overall utilization: 5.91%
Mapping efficiency: 76.56%
Average IFMAP DRAM BW: 7.975 words/cycle
Average Filter DRAM BW: 5.208 words/cycle
Average OFMAP DRAM BW: 256.000 words/cycle
Saving traces: Done!

Running Layer 33
Compute cycles: 1755
Stall cycles: 0
Overall utilization: 9.77%
Mapping efficiency: 76.56%
Average IFMAP DRAM BW: 7.975 words/cycle
Average Filter DRAM BW: 9.114 words/cycle
Average OFMAP DRAM BW: 255.256 words/cycle
Saving traces: Done!

Running Layer 34
Compute cycles: 1819
Stall cycles: 0
Overall utilization: 12.12%
Mapping efficiency: 76.56%
Average IFMAP DRAM BW: 7.975 words/cycle
Average Filter DRAM BW: 5.859 words/cycle
Average OFMAP DRAM BW: 255.421 words/cycle
Saving traces: Done!

Running Layer 35
Compute cycles: 6323
Stall cycles: 0
Overall utilization: 12.97%
Mapping efficiency: 47.46%
Average IFMAP DRAM BW: 4.486 words/cycle
Average Filter DRAM BW: 9.888 words/cycle
Average OFMAP DRAM BW: 256.000 words/cycle
Saving traces: Done!

Running Layer 36
Compute cycles: 1595
Stall cycles: 0
Overall utilization: 3.07%
Mapping efficiency: 76.56%
Average IFMAP DRAM BW: 7.975 words/cycle
Average Filter DRAM BW: 2.604 words/cycle
Average OFMAP DRAM BW: 256.000 words/cycle
Saving traces: Done!

Running Layer 37
Compute cycles: 3319
Stall cycles: 0
Overall utilization: 2.35%
Mapping efficiency: 30.52%
Average IFMAP DRAM BW: 0.997 words/cycle
Average Filter DRAM BW: 8.137 words/cycle
Average OFMAP DRAM BW: 256.000 words/cycle
Saving traces: Done!

Running Layer 38
Compute cycles: 1659
Stall cycles: 0
Overall utilization: 5.91%
Mapping efficiency: 76.56%
Average IFMAP DRAM BW: 7.975 words/cycle
Average Filter DRAM BW: 5.208 words/cycle
Average OFMAP DRAM BW: 256.000 words/cycle
Saving traces: Done!

Running Layer 39
Compute cycles: 3065
Stall cycles: 0
Overall utilization: 13.19%
Mapping efficiency: 52.64%
Average IFMAP DRAM BW: 8.224 words/cycle
Average Filter DRAM BW: 7.161 words/cycle
Average OFMAP DRAM BW: 256.000 words/cycle
Saving traces: Done!

Running Layer 40
Compute cycles: 2777
Stall cycles: 0
Overall utilization: 9.10%
Mapping efficiency: 52.64%
Average IFMAP DRAM BW: 8.224 words/cycle
Average Filter DRAM BW: 6.714 words/cycle
Average OFMAP DRAM BW: 255.652 words/cycle
Saving traces: Done!

Running Layer 41
Compute cycles: 6515
Stall cycles: 0
Overall utilization: 15.54%
Mapping efficiency: 52.73%
Average IFMAP DRAM BW: 4.984 words/cycle
Average Filter DRAM BW: 9.155 words/cycle
Average OFMAP DRAM BW: 256.000 words/cycle
Saving traces: Done!

Running Layer 42
Compute cycles: 2393
Stall cycles: 0
Overall utilization: 2.11%
Mapping efficiency: 52.64%
Average IFMAP DRAM BW: 8.224 words/cycle
Average Filter DRAM BW: 2.685 words/cycle
Average OFMAP DRAM BW: 254.270 words/cycle
Saving traces: Done!

Running Layer 43
Compute cycles: 3575
Stall cycles: 0
Overall utilization: 4.37%
Mapping efficiency: 30.52%
Average IFMAP DRAM BW: 0.997 words/cycle
Average Filter DRAM BW: 8.138 words/cycle
Average OFMAP DRAM BW: 256.000 words/cycle
Saving traces: Done!

Running Layer 44
Compute cycles: 2681
Stall cycles: 0
Overall utilization: 7.54%
Mapping efficiency: 52.64%
Average IFMAP DRAM BW: 8.224 words/cycle
Average Filter DRAM BW: 5.371 words/cycle
Average OFMAP DRAM BW: 256.000 words/cycle
Saving traces: Done!

Running Layer 45
Compute cycles: 4087
Stall cycles: 0
Overall utilization: 3.90%
Mapping efficiency: 15.55%
Average IFMAP DRAM BW: 6.479 words/cycle
Average Filter DRAM BW: 8.463 words/cycle
Average OFMAP DRAM BW: 256.000 words/cycle
Saving traces: Done!

Running Layer 46
Compute cycles: 2777
Stall cycles: 0
Overall utilization: 2.29%
Mapping efficiency: 13.26%
Average IFMAP DRAM BW: 4.143 words/cycle
Average Filter DRAM BW: 6.765 words/cycle
Average OFMAP DRAM BW: 255.652 words/cycle
Saving traces: Done!

Running Layer 47
Compute cycles: 6515
Stall cycles: 0
Overall utilization: 2.70%
Mapping efficiency: 9.16%
Average IFMAP DRAM BW: 1.246 words/cycle
Average Filter DRAM BW: 9.155 words/cycle
Average OFMAP DRAM BW: 255.319 words/cycle
Saving traces: Done!

Running Layer 48
Compute cycles: 3191
Stall cycles: 0
Overall utilization: 0.62%
Mapping efficiency: 15.55%
Average IFMAP DRAM BW: 6.479 words/cycle
Average Filter DRAM BW: 4.231 words/cycle
Average OFMAP DRAM BW: 250.880 words/cycle
Saving traces: Done!

Running Layer 49
Compute cycles: 3575
Stall cycles: 0
Overall utilization: 0.39%
Mapping efficiency: 2.75%
Average IFMAP DRAM BW: 0.249 words/cycle
Average Filter DRAM BW: 8.138 words/cycle
Average OFMAP DRAM BW: 256.000 words/cycle
Saving traces: Done!

Running Layer 50
Compute cycles: 3575
Stall cycles: 0
Overall utilization: 2.23%
Mapping efficiency: 15.55%
Average IFMAP DRAM BW: 6.479 words/cycle
Average Filter DRAM BW: 8.463 words/cycle
Average OFMAP DRAM BW: 256.000 words/cycle
Saving traces: Done!

Running Layer 51
Compute cycles: 4599
Stall cycles: 0
Overall utilization: 5.19%
Mapping efficiency: 15.55%
Average IFMAP DRAM BW: 6.479 words/cycle
Average Filter DRAM BW: 8.463 words/cycle
Average OFMAP DRAM BW: 256.000 words/cycle
Saving traces: Done!

Running Layer 52
Compute cycles: 3831
Stall cycles: 0
Overall utilization: 3.12%
Mapping efficiency: 15.55%
Average IFMAP DRAM BW: 6.479 words/cycle
Average Filter DRAM BW: 8.463 words/cycle
Average OFMAP DRAM BW: 256.000 words/cycle
Saving traces: Done!

Running Layer 53
Compute cycles: 8049
Stall cycles: 0
Overall utilization: 3.14%
Mapping efficiency: 9.42%
Average IFMAP DRAM BW: 1.495 words/cycle
Average Filter DRAM BW: 9.588 words/cycle
Average OFMAP DRAM BW: 255.513 words/cycle
Saving traces: Done!

Running Layer 54
Compute cycles: 3255
Stall cycles: 0
Overall utilization: 0.92%
Mapping efficiency: 15.55%
Average IFMAP DRAM BW: 6.479 words/cycle
Average Filter DRAM BW: 6.347 words/cycle
Average OFMAP DRAM BW: 254.270 words/cycle
Saving traces: Done!

Running Layer 55
Compute cycles: 3575
Stall cycles: 0
Overall utilization: 0.39%
Mapping efficiency: 2.75%
Average IFMAP DRAM BW: 0.249 words/cycle
Average Filter DRAM BW: 8.138 words/cycle
Average OFMAP DRAM BW: 256.000 words/cycle
Saving traces: Done!

Running Layer 56
Compute cycles: 3575
Stall cycles: 0
Overall utilization: 2.23%
Mapping efficiency: 15.55%
Average IFMAP DRAM BW: 6.479 words/cycle
Average Filter DRAM BW: 8.463 words/cycle
Average OFMAP DRAM BW: 256.000 words/cycle
Saving traces: Done!

Running Layer 57
Compute cycles: 7063
Stall cycles: 0
Overall utilization: 0.22%
Mapping efficiency: 0.39%
Average IFMAP DRAM BW: 0.163 words/cycle
Average Filter DRAM BW: 9.574 words/cycle
Average OFMAP DRAM BW: 250.000 words/cycle
Saving traces: Done!
************ SCALE SIM Run Complete ****************
