/home/grads/abv5402/cse530-labfiles/scale-sim-v2/configs/config_2_is.cfg
Topology file: /home/grads/abv5402/cse530-labfiles/scale-sim-v2/topologies/conv_nets/mobilenet.csv
mobilenet
====================================================
******************* SCALE SIM **********************
====================================================
Array Size: 	64x64
SRAM IFMAP (kB): 	6144
SRAM Filter (kB): 	6144
SRAM OFMAP (kB): 	2048
Dataflow: 	Input Stationary
CSV file path: 	/home/grads/abv5402/cse530-labfiles/scale-sim-v2/topologies/conv_nets/mobilenet.csv
Working in ESTIMATE BANDWIDTH mode.
====================================================

Running Layer 0
Compute cycles: 43511
Stall cycles: 0
Overall utilization: 6.08%
Mapping efficiency: 42.19%
Average IFMAP DRAM BW: 7.975 words/cycle
Average Filter DRAM BW: 0.137 words/cycle
Average OFMAP DRAM BW: 64.000 words/cycle
Saving traces: Done!

Running Layer 1
Compute cycles: 181449
Stall cycles: 0
Overall utilization: 0.47%
Mapping efficiency: 89.56%
Average IFMAP DRAM BW: 9.115 words/cycle
Average Filter DRAM BW: 0.046 words/cycle
Average OFMAP DRAM BW: 63.953 words/cycle
Saving traces: Done!

Running Layer 2
Compute cycles: 49783
Stall cycles: 0
Overall utilization: 12.60%
Mapping efficiency: 50.00%
Average IFMAP DRAM BW: 9.115 words/cycle
Average Filter DRAM BW: 0.325 words/cycle
Average OFMAP DRAM BW: 64.000 words/cycle
Saving traces: Done!

Running Layer 3
Compute cycles: 84230
Stall cycles: 0
Overall utilization: 0.52%
Mapping efficiency: 100.00%
Average IFMAP DRAM BW: 9.816 words/cycle
Average Filter DRAM BW: 0.092 words/cycle
Average OFMAP DRAM BW: 64.000 words/cycle
Saving traces: Done!

Running Layer 4
Compute cycles: 15581
Stall cycles: 0
Overall utilization: 40.25%
Mapping efficiency: 100.00%
Average IFMAP DRAM BW: 7.975 words/cycle
Average Filter DRAM BW: 1.302 words/cycle
Average OFMAP DRAM BW: 64.000 words/cycle
Saving traces: Done!

Running Layer 5
Compute cycles: 158147
Stall cycles: 0
Overall utilization: 0.52%
Mapping efficiency: 99.05%
Average IFMAP DRAM BW: 9.115 words/cycle
Average Filter DRAM BW: 0.183 words/cycle
Average OFMAP DRAM BW: 63.932 words/cycle
Saving traces: Done!

Running Layer 6
Compute cycles: 31163
Stall cycles: 0
Overall utilization: 40.25%
Mapping efficiency: 100.00%
Average IFMAP DRAM BW: 9.115 words/cycle
Average Filter DRAM BW: 2.604 words/cycle
Average OFMAP DRAM BW: 64.000 words/cycle
Saving traces: Done!

Running Layer 7
Compute cycles: 44693
Stall cycles: 0
Overall utilization: 0.49%
Mapping efficiency: 94.23%
Average IFMAP DRAM BW: 9.115 words/cycle
Average Filter DRAM BW: 0.183 words/cycle
Average OFMAP DRAM BW: 63.855 words/cycle
Saving traces: Done!

Running Layer 8
Compute cycles: 11595
Stall cycles: 0
Overall utilization: 54.09%
Mapping efficiency: 94.23%
Average IFMAP DRAM BW: 7.975 words/cycle
Average Filter DRAM BW: 5.208 words/cycle
Average OFMAP DRAM BW: 64.000 words/cycle
Saving traces: Done!

Running Layer 9
Compute cycles: 75635
Stall cycles: 0
Overall utilization: 0.50%
Mapping efficiency: 96.02%
Average IFMAP DRAM BW: 7.975 words/cycle
Average Filter DRAM BW: 0.366 words/cycle
Average OFMAP DRAM BW: 63.874 words/cycle
Saving traces: Done!

Running Layer 10
Compute cycles: 23191
Stall cycles: 0
Overall utilization: 54.09%
Mapping efficiency: 94.23%
Average IFMAP DRAM BW: 7.975 words/cycle
Average Filter DRAM BW: 5.208 words/cycle
Average OFMAP DRAM BW: 64.000 words/cycle
Saving traces: Done!

Running Layer 11
Compute cycles: 27503
Stall cycles: 0
Overall utilization: 0.40%
Mapping efficiency: 76.56%
Average IFMAP DRAM BW: 7.975 words/cycle
Average Filter DRAM BW: 0.366 words/cycle
Average OFMAP DRAM BW: 63.568 words/cycle
Saving traces: Done!

Running Layer 12
Compute cycles: 11231
Stall cycles: 0
Overall utilization: 55.85%
Mapping efficiency: 76.56%
Average IFMAP DRAM BW: 7.975 words/cycle
Average Filter DRAM BW: 6.944 words/cycle
Average OFMAP DRAM BW: 64.000 words/cycle
Saving traces: Done!

Running Layer 13
Compute cycles: 41255
Stall cycles: 0
Overall utilization: 0.39%
Mapping efficiency: 75.00%
Average IFMAP DRAM BW: 7.975 words/cycle
Average Filter DRAM BW: 0.732 words/cycle
Average OFMAP DRAM BW: 64.000 words/cycle
Saving traces: Done!

Running Layer 14
Compute cycles: 22463
Stall cycles: 0
Overall utilization: 55.84%
Mapping efficiency: 76.56%
Average IFMAP DRAM BW: 7.975 words/cycle
Average Filter DRAM BW: 8.333 words/cycle
Average OFMAP DRAM BW: 64.000 words/cycle
Saving traces: Done!

Running Layer 15
Compute cycles: 41255
Stall cycles: 0
Overall utilization: 0.39%
Mapping efficiency: 75.00%
Average IFMAP DRAM BW: 7.975 words/cycle
Average Filter DRAM BW: 0.732 words/cycle
Average OFMAP DRAM BW: 64.000 words/cycle
Saving traces: Done!

Running Layer 16
Compute cycles: 22463
Stall cycles: 0
Overall utilization: 55.84%
Mapping efficiency: 76.56%
Average IFMAP DRAM BW: 7.975 words/cycle
Average Filter DRAM BW: 8.333 words/cycle
Average OFMAP DRAM BW: 64.000 words/cycle
Saving traces: Done!

Running Layer 17
Compute cycles: 41255
Stall cycles: 0
Overall utilization: 0.39%
Mapping efficiency: 75.00%
Average IFMAP DRAM BW: 7.975 words/cycle
Average Filter DRAM BW: 0.732 words/cycle
Average OFMAP DRAM BW: 64.000 words/cycle
Saving traces: Done!

Running Layer 18
Compute cycles: 22463
Stall cycles: 0
Overall utilization: 55.84%
Mapping efficiency: 76.56%
Average IFMAP DRAM BW: 7.975 words/cycle
Average Filter DRAM BW: 8.333 words/cycle
Average OFMAP DRAM BW: 64.000 words/cycle
Saving traces: Done!

Running Layer 19
Compute cycles: 41255
Stall cycles: 0
Overall utilization: 0.39%
Mapping efficiency: 75.00%
Average IFMAP DRAM BW: 7.975 words/cycle
Average Filter DRAM BW: 0.732 words/cycle
Average OFMAP DRAM BW: 64.000 words/cycle
Saving traces: Done!

Running Layer 20
Compute cycles: 22463
Stall cycles: 0
Overall utilization: 55.84%
Mapping efficiency: 76.56%
Average IFMAP DRAM BW: 7.975 words/cycle
Average Filter DRAM BW: 8.333 words/cycle
Average OFMAP DRAM BW: 64.000 words/cycle
Saving traces: Done!

Running Layer 21
Compute cycles: 41255
Stall cycles: 0
Overall utilization: 0.39%
Mapping efficiency: 75.00%
Average IFMAP DRAM BW: 7.975 words/cycle
Average Filter DRAM BW: 0.732 words/cycle
Average OFMAP DRAM BW: 64.000 words/cycle
Saving traces: Done!

Running Layer 22
Compute cycles: 22463
Stall cycles: 0
Overall utilization: 55.84%
Mapping efficiency: 76.56%
Average IFMAP DRAM BW: 7.975 words/cycle
Average Filter DRAM BW: 8.333 words/cycle
Average OFMAP DRAM BW: 64.000 words/cycle
Saving traces: Done!

Running Layer 23
Compute cycles: 13751
Stall cycles: 0
Overall utilization: 0.40%
Mapping efficiency: 76.56%
Average IFMAP DRAM BW: 7.975 words/cycle
Average Filter DRAM BW: 0.732 words/cycle
Average OFMAP DRAM BW: 63.000 words/cycle
Saving traces: Done!

Running Layer 24
Compute cycles: 9711
Stall cycles: 0
Overall utilization: 64.59%
Mapping efficiency: 76.56%
Average IFMAP DRAM BW: 3.987 words/cycle
Average Filter DRAM BW: 9.259 words/cycle
Average OFMAP DRAM BW: 64.000 words/cycle
Saving traces: Done!

Running Layer 25
Compute cycles: 27503
Stall cycles: 0
Overall utilization: 0.07%
Mapping efficiency: 14.06%
Average IFMAP DRAM BW: 7.975 words/cycle
Average Filter DRAM BW: 1.465 words/cycle
Average OFMAP DRAM BW: 61.714 words/cycle
Saving traces: Done!

Running Layer 26
Compute cycles: 19423
Stall cycles: 0
Overall utilization: 64.58%
Mapping efficiency: 76.56%
Average IFMAP DRAM BW: 7.975 words/cycle
Average Filter DRAM BW: 9.804 words/cycle
Average OFMAP DRAM BW: 64.000 words/cycle
Saving traces: Done!
************ SCALE SIM Run Complete ****************
