/home/grads/abv5402/cse530-labfiles/scale-sim-v2/configs/config_1_is.cfg
Topology file: /home/grads/abv5402/cse530-labfiles/scale-sim-v2/topologies/conv_nets/mobilenet.csv
mobilenet
====================================================
******************* SCALE SIM **********************
====================================================
Array Size: 	128x128
SRAM IFMAP (kB): 	6144
SRAM Filter (kB): 	6144
SRAM OFMAP (kB): 	2048
Dataflow: 	Input Stationary
CSV file path: 	/home/grads/abv5402/cse530-labfiles/scale-sim-v2/topologies/conv_nets/mobilenet.csv
Working in ESTIMATE BANDWIDTH mode.
====================================================

Running Layer 0
Compute cycles: 40571
Stall cycles: 0
Overall utilization: 1.63%
Mapping efficiency: 21.09%
Average IFMAP DRAM BW: 7.975 words/cycle
Average Filter DRAM BW: 0.137 words/cycle
Average OFMAP DRAM BW: 128.000 words/cycle
Saving traces: Done!

Running Layer 1
Compute cycles: 109154
Stall cycles: 0
Overall utilization: 0.19%
Mapping efficiency: 74.63%
Average IFMAP DRAM BW: 9.115 words/cycle
Average Filter DRAM BW: 0.046 words/cycle
Average OFMAP DRAM BW: 127.817 words/cycle
Saving traces: Done!

Running Layer 2
Compute cycles: 43707
Stall cycles: 0
Overall utilization: 3.59%
Mapping efficiency: 25.00%
Average IFMAP DRAM BW: 9.115 words/cycle
Average Filter DRAM BW: 0.325 words/cycle
Average OFMAP DRAM BW: 128.000 words/cycle
Saving traces: Done!

Running Layer 3
Compute cycles: 47874
Stall cycles: 0
Overall utilization: 0.23%
Mapping efficiency: 88.20%
Average IFMAP DRAM BW: 9.816 words/cycle
Average Filter DRAM BW: 0.092 words/cycle
Average OFMAP DRAM BW: 127.480 words/cycle
Saving traces: Done!

Running Layer 4
Compute cycles: 12749
Stall cycles: 0
Overall utilization: 12.30%
Mapping efficiency: 49.00%
Average IFMAP DRAM BW: 7.975 words/cycle
Average Filter DRAM BW: 1.302 words/cycle
Average OFMAP DRAM BW: 128.000 words/cycle
Saving traces: Done!

Running Layer 5
Compute cycles: 79280
Stall cycles: 0
Overall utilization: 0.26%
Mapping efficiency: 99.05%
Average IFMAP DRAM BW: 9.115 words/cycle
Average Filter DRAM BW: 0.183 words/cycle
Average OFMAP DRAM BW: 127.398 words/cycle
Saving traces: Done!

Running Layer 6
Compute cycles: 12749
Stall cycles: 0
Overall utilization: 24.60%
Mapping efficiency: 98.00%
Average IFMAP DRAM BW: 9.115 words/cycle
Average Filter DRAM BW: 2.604 words/cycle
Average OFMAP DRAM BW: 128.000 words/cycle
Saving traces: Done!

Running Layer 7
Compute cycles: 24128
Stall cycles: 0
Overall utilization: 0.23%
Mapping efficiency: 87.50%
Average IFMAP DRAM BW: 9.115 words/cycle
Average Filter DRAM BW: 0.183 words/cycle
Average OFMAP DRAM BW: 126.000 words/cycle
Saving traces: Done!

Running Layer 8
Compute cycles: 4465
Stall cycles: 0
Overall utilization: 35.12%
Mapping efficiency: 87.50%
Average IFMAP DRAM BW: 7.975 words/cycle
Average Filter DRAM BW: 5.208 words/cycle
Average OFMAP DRAM BW: 128.000 words/cycle
Saving traces: Done!

Running Layer 9
Compute cycles: 41363
Stall cycles: 0
Overall utilization: 0.23%
Mapping efficiency: 88.02%
Average IFMAP DRAM BW: 7.975 words/cycle
Average Filter DRAM BW: 0.366 words/cycle
Average OFMAP DRAM BW: 126.750 words/cycle
Saving traces: Done!

Running Layer 10
Compute cycles: 8931
Stall cycles: 0
Overall utilization: 35.11%
Mapping efficiency: 87.50%
Average IFMAP DRAM BW: 7.975 words/cycle
Average Filter DRAM BW: 5.208 words/cycle
Average OFMAP DRAM BW: 128.000 words/cycle
Saving traces: Done!

Running Layer 11
Compute cycles: 13787
Stall cycles: 0
Overall utilization: 0.20%
Mapping efficiency: 76.56%
Average IFMAP DRAM BW: 7.975 words/cycle
Average Filter DRAM BW: 0.366 words/cycle
Average OFMAP DRAM BW: 126.000 words/cycle
Saving traces: Done!

Running Layer 12
Compute cycles: 3575
Stall cycles: 0
Overall utilization: 43.86%
Mapping efficiency: 76.56%
Average IFMAP DRAM BW: 7.975 words/cycle
Average Filter DRAM BW: 6.944 words/cycle
Average OFMAP DRAM BW: 128.000 words/cycle
Saving traces: Done!

Running Layer 13
Compute cycles: 27575
Stall cycles: 0
Overall utilization: 0.15%
Mapping efficiency: 56.25%
Average IFMAP DRAM BW: 7.975 words/cycle
Average Filter DRAM BW: 0.732 words/cycle
Average OFMAP DRAM BW: 126.439 words/cycle
Saving traces: Done!

Running Layer 14
Compute cycles: 7151
Stall cycles: 0
Overall utilization: 43.85%
Mapping efficiency: 76.56%
Average IFMAP DRAM BW: 7.975 words/cycle
Average Filter DRAM BW: 8.333 words/cycle
Average OFMAP DRAM BW: 128.000 words/cycle
Saving traces: Done!

Running Layer 15
Compute cycles: 27575
Stall cycles: 0
Overall utilization: 0.15%
Mapping efficiency: 56.25%
Average IFMAP DRAM BW: 7.975 words/cycle
Average Filter DRAM BW: 0.732 words/cycle
Average OFMAP DRAM BW: 126.439 words/cycle
Saving traces: Done!

Running Layer 16
Compute cycles: 7151
Stall cycles: 0
Overall utilization: 43.85%
Mapping efficiency: 76.56%
Average IFMAP DRAM BW: 7.975 words/cycle
Average Filter DRAM BW: 8.333 words/cycle
Average OFMAP DRAM BW: 128.000 words/cycle
Saving traces: Done!

Running Layer 17
Compute cycles: 27575
Stall cycles: 0
Overall utilization: 0.15%
Mapping efficiency: 56.25%
Average IFMAP DRAM BW: 7.975 words/cycle
Average Filter DRAM BW: 0.732 words/cycle
Average OFMAP DRAM BW: 126.439 words/cycle
Saving traces: Done!

Running Layer 18
Compute cycles: 7151
Stall cycles: 0
Overall utilization: 43.85%
Mapping efficiency: 76.56%
Average IFMAP DRAM BW: 7.975 words/cycle
Average Filter DRAM BW: 8.333 words/cycle
Average OFMAP DRAM BW: 128.000 words/cycle
Saving traces: Done!

Running Layer 19
Compute cycles: 27575
Stall cycles: 0
Overall utilization: 0.15%
Mapping efficiency: 56.25%
Average IFMAP DRAM BW: 7.975 words/cycle
Average Filter DRAM BW: 0.732 words/cycle
Average OFMAP DRAM BW: 126.439 words/cycle
Saving traces: Done!

Running Layer 20
Compute cycles: 7151
Stall cycles: 0
Overall utilization: 43.85%
Mapping efficiency: 76.56%
Average IFMAP DRAM BW: 7.975 words/cycle
Average Filter DRAM BW: 8.333 words/cycle
Average OFMAP DRAM BW: 128.000 words/cycle
Saving traces: Done!

Running Layer 21
Compute cycles: 27575
Stall cycles: 0
Overall utilization: 0.15%
Mapping efficiency: 56.25%
Average IFMAP DRAM BW: 7.975 words/cycle
Average Filter DRAM BW: 0.732 words/cycle
Average OFMAP DRAM BW: 126.439 words/cycle
Saving traces: Done!

Running Layer 22
Compute cycles: 7151
Stall cycles: 0
Overall utilization: 43.85%
Mapping efficiency: 76.56%
Average IFMAP DRAM BW: 7.975 words/cycle
Average Filter DRAM BW: 8.333 words/cycle
Average OFMAP DRAM BW: 128.000 words/cycle
Saving traces: Done!

Running Layer 23
Compute cycles: 13787
Stall cycles: 0
Overall utilization: 0.10%
Mapping efficiency: 38.28%
Average IFMAP DRAM BW: 7.975 words/cycle
Average Filter DRAM BW: 0.732 words/cycle
Average OFMAP DRAM BW: 126.000 words/cycle
Saving traces: Done!

Running Layer 24
Compute cycles: 5623
Stall cycles: 0
Overall utilization: 27.89%
Mapping efficiency: 38.28%
Average IFMAP DRAM BW: 3.987 words/cycle
Average Filter DRAM BW: 9.259 words/cycle
Average OFMAP DRAM BW: 128.000 words/cycle
Saving traces: Done!

Running Layer 25
Compute cycles: 27575
Stall cycles: 0
Overall utilization: 0.02%
Mapping efficiency: 7.03%
Average IFMAP DRAM BW: 7.975 words/cycle
Average Filter DRAM BW: 1.465 words/cycle
Average OFMAP DRAM BW: 108.000 words/cycle
Saving traces: Done!

Running Layer 26
Compute cycles: 11247
Stall cycles: 0
Overall utilization: 27.88%
Mapping efficiency: 38.28%
Average IFMAP DRAM BW: 7.975 words/cycle
Average Filter DRAM BW: 9.804 words/cycle
Average OFMAP DRAM BW: 128.000 words/cycle
Saving traces: Done!
************ SCALE SIM Run Complete ****************
