/home/grads/abv5402/cse530-labfiles/scale-sim-v2/configs/config_4_os.cfg
Topology file: /home/grads/abv5402/cse530-labfiles/scale-sim-v2/topologies/conv_nets/mobilenet.csv
mobilenet
====================================================
******************* SCALE SIM **********************
====================================================
Array Size: 	16x16
SRAM IFMAP (kB): 	6144
SRAM Filter (kB): 	6144
SRAM OFMAP (kB): 	2048
Dataflow: 	Output Stationary
CSV file path: 	/home/grads/abv5402/cse530-labfiles/scale-sim-v2/topologies/conv_nets/mobilenet.csv
Working in ESTIMATE BANDWIDTH mode.
====================================================

Running Layer 0
Compute cycles: 89375
Stall cycles: 0
Overall utilization: 47.37%
Mapping efficiency: 100.00%
Average IFMAP DRAM BW: 7.975 words/cycle
Average Filter DRAM BW: 0.137 words/cycle
Average OFMAP DRAM BW: 16.000 words/cycle
Saving traces: Done!

Running Layer 1
Compute cycles: 240725
Stall cycles: 0
Overall utilization: 5.65%
Mapping efficiency: 6.24%
Average IFMAP DRAM BW: 9.115 words/cycle
Average Filter DRAM BW: 0.046 words/cycle
Average OFMAP DRAM BW: 15.984 words/cycle
Saving traces: Done!

Running Layer 2
Compute cycles: 194431
Stall cycles: 0
Overall utilization: 51.61%
Mapping efficiency: 100.00%
Average IFMAP DRAM BW: 9.115 words/cycle
Average Filter DRAM BW: 0.325 words/cycle
Average OFMAP DRAM BW: 16.000 words/cycle
Saving traces: Done!

Running Layer 3
Compute cycles: 118775
Stall cycles: 0
Overall utilization: 5.94%
Mapping efficiency: 6.25%
Average IFMAP DRAM BW: 9.816 words/cycle
Average Filter DRAM BW: 0.092 words/cycle
Average OFMAP DRAM BW: 16.000 words/cycle
Saving traces: Done!

Running Layer 4
Compute cycles: 147391
Stall cycles: 0
Overall utilization: 68.09%
Mapping efficiency: 100.00%
Average IFMAP DRAM BW: 7.975 words/cycle
Average Filter DRAM BW: 1.302 words/cycle
Average OFMAP DRAM BW: 16.000 words/cycle
Saving traces: Done!

Running Layer 5
Compute cycles: 216305
Stall cycles: 0
Overall utilization: 6.07%
Mapping efficiency: 6.22%
Average IFMAP DRAM BW: 9.115 words/cycle
Average Filter DRAM BW: 0.183 words/cycle
Average OFMAP DRAM BW: 15.934 words/cycle
Saving traces: Done!

Running Layer 6
Compute cycles: 247743
Stall cycles: 0
Overall utilization: 81.01%
Mapping efficiency: 100.00%
Average IFMAP DRAM BW: 9.115 words/cycle
Average Filter DRAM BW: 2.604 words/cycle
Average OFMAP DRAM BW: 16.000 words/cycle
Saving traces: Done!

Running Layer 7
Compute cycles: 57917
Stall cycles: 0
Overall utilization: 6.09%
Mapping efficiency: 6.25%
Average IFMAP DRAM BW: 9.115 words/cycle
Average Filter DRAM BW: 0.183 words/cycle
Average OFMAP DRAM BW: 16.000 words/cycle
Saving traces: Done!

Running Layer 8
Compute cycles: 123871
Stall cycles: 0
Overall utilization: 81.01%
Mapping efficiency: 100.00%
Average IFMAP DRAM BW: 7.975 words/cycle
Average Filter DRAM BW: 5.208 words/cycle
Average OFMAP DRAM BW: 16.000 words/cycle
Saving traces: Done!

Running Layer 9
Compute cycles: 100361
Stall cycles: 0
Overall utilization: 6.06%
Mapping efficiency: 6.14%
Average IFMAP DRAM BW: 7.975 words/cycle
Average Filter DRAM BW: 0.366 words/cycle
Average OFMAP DRAM BW: 15.721 words/cycle
Saving traces: Done!

Running Layer 10
Compute cycles: 224223
Stall cycles: 0
Overall utilization: 89.51%
Mapping efficiency: 100.00%
Average IFMAP DRAM BW: 7.975 words/cycle
Average Filter DRAM BW: 5.208 words/cycle
Average OFMAP DRAM BW: 16.000 words/cycle
Saving traces: Done!

Running Layer 11
Compute cycles: 30341
Stall cycles: 0
Overall utilization: 5.81%
Mapping efficiency: 5.89%
Average IFMAP DRAM BW: 7.975 words/cycle
Average Filter DRAM BW: 0.366 words/cycle
Average OFMAP DRAM BW: 15.077 words/cycle
Saving traces: Done!

Running Layer 12
Compute cycles: 118975
Stall cycles: 0
Overall utilization: 84.35%
Mapping efficiency: 94.23%
Average IFMAP DRAM BW: 7.975 words/cycle
Average Filter DRAM BW: 6.944 words/cycle
Average OFMAP DRAM BW: 16.000 words/cycle
Saving traces: Done!

Running Layer 13
Compute cycles: 41741
Stall cycles: 0
Overall utilization: 6.21%
Mapping efficiency: 6.25%
Average IFMAP DRAM BW: 7.975 words/cycle
Average Filter DRAM BW: 0.732 words/cycle
Average OFMAP DRAM BW: 16.000 words/cycle
Saving traces: Done!

Running Layer 14
Compute cycles: 225471
Stall cycles: 0
Overall utilization: 89.02%
Mapping efficiency: 94.23%
Average IFMAP DRAM BW: 7.975 words/cycle
Average Filter DRAM BW: 8.333 words/cycle
Average OFMAP DRAM BW: 16.000 words/cycle
Saving traces: Done!

Running Layer 15
Compute cycles: 41741
Stall cycles: 0
Overall utilization: 6.21%
Mapping efficiency: 6.25%
Average IFMAP DRAM BW: 7.975 words/cycle
Average Filter DRAM BW: 0.732 words/cycle
Average OFMAP DRAM BW: 16.000 words/cycle
Saving traces: Done!

Running Layer 16
Compute cycles: 225471
Stall cycles: 0
Overall utilization: 89.02%
Mapping efficiency: 94.23%
Average IFMAP DRAM BW: 7.975 words/cycle
Average Filter DRAM BW: 8.333 words/cycle
Average OFMAP DRAM BW: 16.000 words/cycle
Saving traces: Done!

Running Layer 17
Compute cycles: 41741
Stall cycles: 0
Overall utilization: 6.21%
Mapping efficiency: 6.25%
Average IFMAP DRAM BW: 7.975 words/cycle
Average Filter DRAM BW: 0.732 words/cycle
Average OFMAP DRAM BW: 16.000 words/cycle
Saving traces: Done!

Running Layer 18
Compute cycles: 225471
Stall cycles: 0
Overall utilization: 89.02%
Mapping efficiency: 94.23%
Average IFMAP DRAM BW: 7.975 words/cycle
Average Filter DRAM BW: 8.333 words/cycle
Average OFMAP DRAM BW: 16.000 words/cycle
Saving traces: Done!

Running Layer 19
Compute cycles: 41741
Stall cycles: 0
Overall utilization: 6.21%
Mapping efficiency: 6.25%
Average IFMAP DRAM BW: 7.975 words/cycle
Average Filter DRAM BW: 0.732 words/cycle
Average OFMAP DRAM BW: 16.000 words/cycle
Saving traces: Done!

Running Layer 20
Compute cycles: 225471
Stall cycles: 0
Overall utilization: 89.02%
Mapping efficiency: 94.23%
Average IFMAP DRAM BW: 7.975 words/cycle
Average Filter DRAM BW: 8.333 words/cycle
Average OFMAP DRAM BW: 16.000 words/cycle
Saving traces: Done!

Running Layer 21
Compute cycles: 41741
Stall cycles: 0
Overall utilization: 6.21%
Mapping efficiency: 6.25%
Average IFMAP DRAM BW: 7.975 words/cycle
Average Filter DRAM BW: 0.732 words/cycle
Average OFMAP DRAM BW: 16.000 words/cycle
Saving traces: Done!

Running Layer 22
Compute cycles: 225471
Stall cycles: 0
Overall utilization: 89.02%
Mapping efficiency: 94.23%
Average IFMAP DRAM BW: 7.975 words/cycle
Average Filter DRAM BW: 8.333 words/cycle
Average OFMAP DRAM BW: 16.000 words/cycle
Saving traces: Done!

Running Layer 23
Compute cycles: 18551
Stall cycles: 0
Overall utilization: 4.75%
Mapping efficiency: 4.79%
Average IFMAP DRAM BW: 7.975 words/cycle
Average Filter DRAM BW: 0.732 words/cycle
Average OFMAP DRAM BW: 12.250 words/cycle
Saving traces: Done!

Running Layer 24
Compute cycles: 138751
Stall cycles: 0
Overall utilization: 72.33%
Mapping efficiency: 76.56%
Average IFMAP DRAM BW: 3.987 words/cycle
Average Filter DRAM BW: 9.259 words/cycle
Average OFMAP DRAM BW: 16.000 words/cycle
Saving traces: Done!

Running Layer 25
Compute cycles: 9245
Stall cycles: 0
Overall utilization: 3.50%
Mapping efficiency: 3.52%
Average IFMAP DRAM BW: 7.975 words/cycle
Average Filter DRAM BW: 1.465 words/cycle
Average OFMAP DRAM BW: 9.000 words/cycle
Saving traces: Done!

Running Layer 26
Compute cycles: 269823
Stall cycles: 0
Overall utilization: 74.38%
Mapping efficiency: 76.56%
Average IFMAP DRAM BW: 7.975 words/cycle
Average Filter DRAM BW: 9.804 words/cycle
Average OFMAP DRAM BW: 16.000 words/cycle
Saving traces: Done!
************ SCALE SIM Run Complete ****************
