/home/grads/abv5402/cse530-labfiles/scale-sim-v2/configs/config_3_ws.cfg
Topology file: /home/grads/abv5402/cse530-labfiles/scale-sim-v2/topologies/conv_nets/mobilenet.csv
mobilenet
====================================================
******************* SCALE SIM **********************
====================================================
Array Size: 	32x32
SRAM IFMAP (kB): 	6144
SRAM Filter (kB): 	6144
SRAM OFMAP (kB): 	2048
Dataflow: 	Weight Stationary
CSV file path: 	/home/grads/abv5402/cse530-labfiles/scale-sim-v2/topologies/conv_nets/mobilenet.csv
Working in ESTIMATE BANDWIDTH mode.
====================================================

Running Layer 0
Compute cycles: 12637
Stall cycles: 0
Overall utilization: 83.75%
Mapping efficiency: 84.38%
Average IFMAP DRAM BW: 7.975 words/cycle
Average Filter DRAM BW: 0.137 words/cycle
Average OFMAP DRAM BW: 32.000 words/cycle
Saving traces: Done!

Running Layer 1
Compute cycles: 109745
Stall cycles: 0
Overall utilization: 3.10%
Mapping efficiency: 3.12%
Average IFMAP DRAM BW: 9.115 words/cycle
Average Filter DRAM BW: 0.046 words/cycle
Average OFMAP DRAM BW: 31.992 words/cycle
Saving traces: Done!

Running Layer 2
Compute cycles: 25275
Stall cycles: 0
Overall utilization: 99.26%
Mapping efficiency: 100.00%
Average IFMAP DRAM BW: 9.115 words/cycle
Average Filter DRAM BW: 0.325 words/cycle
Average OFMAP DRAM BW: 32.000 words/cycle
Saving traces: Done!

Running Layer 3
Compute cycles: 58139
Stall cycles: 0
Overall utilization: 3.03%
Mapping efficiency: 3.12%
Average IFMAP DRAM BW: 9.816 words/cycle
Average Filter DRAM BW: 0.092 words/cycle
Average OFMAP DRAM BW: 32.000 words/cycle
Saving traces: Done!

Running Layer 4
Compute cycles: 25839
Stall cycles: 0
Overall utilization: 97.09%
Mapping efficiency: 100.00%
Average IFMAP DRAM BW: 7.975 words/cycle
Average Filter DRAM BW: 1.302 words/cycle
Average OFMAP DRAM BW: 32.000 words/cycle
Saving traces: Done!

Running Layer 5
Compute cycles: 108359
Stall cycles: 0
Overall utilization: 3.03%
Mapping efficiency: 3.12%
Average IFMAP DRAM BW: 9.115 words/cycle
Average Filter DRAM BW: 0.183 words/cycle
Average OFMAP DRAM BW: 31.995 words/cycle
Saving traces: Done!

Running Layer 6
Compute cycles: 51679
Stall cycles: 0
Overall utilization: 97.09%
Mapping efficiency: 100.00%
Average IFMAP DRAM BW: 9.115 words/cycle
Average Filter DRAM BW: 2.604 words/cycle
Average OFMAP DRAM BW: 45.484 words/cycle
Saving traces: Done!

Running Layer 7
Compute cycles: 31607
Stall cycles: 0
Overall utilization: 2.79%
Mapping efficiency: 3.12%
Average IFMAP DRAM BW: 9.115 words/cycle
Average Filter DRAM BW: 0.183 words/cycle
Average OFMAP DRAM BW: 32.000 words/cycle
Saving traces: Done!

Running Layer 8
Compute cycles: 28095
Stall cycles: 0
Overall utilization: 89.30%
Mapping efficiency: 100.00%
Average IFMAP DRAM BW: 7.975 words/cycle
Average Filter DRAM BW: 5.208 words/cycle
Average OFMAP DRAM BW: 32.000 words/cycle
Saving traces: Done!

Running Layer 9
Compute cycles: 55439
Stall cycles: 0
Overall utilization: 2.74%
Mapping efficiency: 3.12%
Average IFMAP DRAM BW: 7.975 words/cycle
Average Filter DRAM BW: 0.366 words/cycle
Average OFMAP DRAM BW: 32.000 words/cycle
Saving traces: Done!

Running Layer 10
Compute cycles: 56191
Stall cycles: 0
Overall utilization: 89.30%
Mapping efficiency: 100.00%
Average IFMAP DRAM BW: 7.975 words/cycle
Average Filter DRAM BW: 5.208 words/cycle
Average OFMAP DRAM BW: 43.514 words/cycle
Saving traces: Done!

Running Layer 11
Compute cycles: 20879
Stall cycles: 0
Overall utilization: 2.11%
Mapping efficiency: 3.12%
Average IFMAP DRAM BW: 7.975 words/cycle
Average Filter DRAM BW: 0.366 words/cycle
Average OFMAP DRAM BW: 32.000 words/cycle
Saving traces: Done!

Running Layer 12
Compute cycles: 37119
Stall cycles: 0
Overall utilization: 67.59%
Mapping efficiency: 100.00%
Average IFMAP DRAM BW: 7.975 words/cycle
Average Filter DRAM BW: 6.944 words/cycle
Average OFMAP DRAM BW: 32.000 words/cycle
Saving traces: Done!

Running Layer 13
Compute cycles: 34271
Stall cycles: 0
Overall utilization: 1.89%
Mapping efficiency: 3.12%
Average IFMAP DRAM BW: 7.975 words/cycle
Average Filter DRAM BW: 0.732 words/cycle
Average OFMAP DRAM BW: 32.000 words/cycle
Saving traces: Done!

Running Layer 14
Compute cycles: 74239
Stall cycles: 0
Overall utilization: 67.59%
Mapping efficiency: 100.00%
Average IFMAP DRAM BW: 7.975 words/cycle
Average Filter DRAM BW: 8.333 words/cycle
Average OFMAP DRAM BW: 37.251 words/cycle
Saving traces: Done!

Running Layer 15
Compute cycles: 34271
Stall cycles: 0
Overall utilization: 1.89%
Mapping efficiency: 3.12%
Average IFMAP DRAM BW: 7.975 words/cycle
Average Filter DRAM BW: 0.732 words/cycle
Average OFMAP DRAM BW: 32.000 words/cycle
Saving traces: Done!

Running Layer 16
Compute cycles: 74239
Stall cycles: 0
Overall utilization: 67.59%
Mapping efficiency: 100.00%
Average IFMAP DRAM BW: 7.975 words/cycle
Average Filter DRAM BW: 8.333 words/cycle
Average OFMAP DRAM BW: 37.251 words/cycle
Saving traces: Done!

Running Layer 17
Compute cycles: 34271
Stall cycles: 0
Overall utilization: 1.89%
Mapping efficiency: 3.12%
Average IFMAP DRAM BW: 7.975 words/cycle
Average Filter DRAM BW: 0.732 words/cycle
Average OFMAP DRAM BW: 32.000 words/cycle
Saving traces: Done!

Running Layer 18
Compute cycles: 74239
Stall cycles: 0
Overall utilization: 67.59%
Mapping efficiency: 100.00%
Average IFMAP DRAM BW: 7.975 words/cycle
Average Filter DRAM BW: 8.333 words/cycle
Average OFMAP DRAM BW: 37.251 words/cycle
Saving traces: Done!

Running Layer 19
Compute cycles: 34271
Stall cycles: 0
Overall utilization: 1.89%
Mapping efficiency: 3.12%
Average IFMAP DRAM BW: 7.975 words/cycle
Average Filter DRAM BW: 0.732 words/cycle
Average OFMAP DRAM BW: 32.000 words/cycle
Saving traces: Done!

Running Layer 20
Compute cycles: 74239
Stall cycles: 0
Overall utilization: 67.59%
Mapping efficiency: 100.00%
Average IFMAP DRAM BW: 7.975 words/cycle
Average Filter DRAM BW: 8.333 words/cycle
Average OFMAP DRAM BW: 37.251 words/cycle
Saving traces: Done!

Running Layer 21
Compute cycles: 34271
Stall cycles: 0
Overall utilization: 1.89%
Mapping efficiency: 3.12%
Average IFMAP DRAM BW: 7.975 words/cycle
Average Filter DRAM BW: 0.732 words/cycle
Average OFMAP DRAM BW: 32.000 words/cycle
Saving traces: Done!

Running Layer 22
Compute cycles: 74239
Stall cycles: 0
Overall utilization: 67.59%
Mapping efficiency: 100.00%
Average IFMAP DRAM BW: 7.975 words/cycle
Average Filter DRAM BW: 8.333 words/cycle
Average OFMAP DRAM BW: 37.251 words/cycle
Saving traces: Done!

Running Layer 23
Compute cycles: 20591
Stall cycles: 0
Overall utilization: 1.07%
Mapping efficiency: 3.12%
Average IFMAP DRAM BW: 7.975 words/cycle
Average Filter DRAM BW: 0.732 words/cycle
Average OFMAP DRAM BW: 31.928 words/cycle
Saving traces: Done!

Running Layer 24
Compute cycles: 73215
Stall cycles: 0
Overall utilization: 34.27%
Mapping efficiency: 100.00%
Average IFMAP DRAM BW: 3.987 words/cycle
Average Filter DRAM BW: 9.259 words/cycle
Average OFMAP DRAM BW: 32.000 words/cycle
Saving traces: Done!

Running Layer 25
Compute cycles: 29663
Stall cycles: 0
Overall utilization: 0.27%
Mapping efficiency: 3.12%
Average IFMAP DRAM BW: 7.975 words/cycle
Average Filter DRAM BW: 1.465 words/cycle
Average OFMAP DRAM BW: 32.000 words/cycle
Saving traces: Done!

Running Layer 26
Compute cycles: 146431
Stall cycles: 0
Overall utilization: 34.27%
Mapping efficiency: 100.00%
Average IFMAP DRAM BW: 7.975 words/cycle
Average Filter DRAM BW: 9.804 words/cycle
Average OFMAP DRAM BW: 23.543 words/cycle
Saving traces: Done!
************ SCALE SIM Run Complete ****************
