/home/grads/abv5402/cse530-labfiles/scale-sim-v2/configs/config_3_5_is.cfg
Topology file: /home/grads/abv5402/cse530-labfiles/scale-sim-v2/topologies/conv_nets/mobilenet.csv
mobilenet
====================================================
******************* SCALE SIM **********************
====================================================
Array Size: 	20x20
SRAM IFMAP (kB): 	6144
SRAM Filter (kB): 	6144
SRAM OFMAP (kB): 	2048
Dataflow: 	Input Stationary
CSV file path: 	/home/grads/abv5402/cse530-labfiles/scale-sim-v2/topologies/conv_nets/mobilenet.csv
Working in ESTIMATE BANDWIDTH mode.
====================================================

Running Layer 0
Compute cycles: 113039
Stall cycles: 0
Overall utilization: 23.97%
Mapping efficiency: 67.41%
Average IFMAP DRAM BW: 7.975 words/cycle
Average Filter DRAM BW: 0.137 words/cycle
Average OFMAP DRAM BW: 20.000 words/cycle
Saving traces: Done!

Running Layer 1
Compute cycles: 535424
Stall cycles: 0
Overall utilization: 1.63%
Mapping efficiency: 96.00%
Average IFMAP DRAM BW: 9.115 words/cycle
Average Filter DRAM BW: 0.046 words/cycle
Average OFMAP DRAM BW: 20.000 words/cycle
Saving traces: Done!

Running Layer 2
Compute cycles: 153231
Stall cycles: 0
Overall utilization: 41.91%
Mapping efficiency: 79.90%
Average IFMAP DRAM BW: 9.115 words/cycle
Average Filter DRAM BW: 0.325 words/cycle
Average OFMAP DRAM BW: 19.797 words/cycle
Saving traces: Done!

Running Layer 3
Compute cycles: 268626
Stall cycles: 0
Overall utilization: 1.68%
Mapping efficiency: 99.18%
Average IFMAP DRAM BW: 9.816 words/cycle
Average Filter DRAM BW: 0.092 words/cycle
Average OFMAP DRAM BW: 19.996 words/cycle
Saving traces: Done!

Running Layer 4
Compute cycles: 116807
Stall cycles: 0
Overall utilization: 54.98%
Mapping efficiency: 79.90%
Average IFMAP DRAM BW: 7.975 words/cycle
Average Filter DRAM BW: 1.302 words/cycle
Average OFMAP DRAM BW: 23.453 words/cycle
Saving traces: Done!

Running Layer 5
Compute cycles: 499611
Stall cycles: 0
Overall utilization: 1.68%
Mapping efficiency: 99.17%
Average IFMAP DRAM BW: 9.115 words/cycle
Average Filter DRAM BW: 0.183 words/cycle
Average OFMAP DRAM BW: 19.999 words/cycle
Saving traces: Done!

Running Layer 6
Compute cycles: 204413
Stall cycles: 0
Overall utilization: 62.84%
Mapping efficiency: 91.31%
Average IFMAP DRAM BW: 9.115 words/cycle
Average Filter DRAM BW: 2.604 words/cycle
Average OFMAP DRAM BW: 17.149 words/cycle
Saving traces: Done!

Running Layer 7
Compute cycles: 136879
Stall cycles: 0
Overall utilization: 1.65%
Mapping efficiency: 97.32%
Average IFMAP DRAM BW: 9.115 words/cycle
Average Filter DRAM BW: 0.183 words/cycle
Average OFMAP DRAM BW: 19.996 words/cycle
Saving traces: Done!

Running Layer 8
Compute cycles: 87919
Stall cycles: 0
Overall utilization: 73.05%
Mapping efficiency: 89.60%
Average IFMAP DRAM BW: 7.975 words/cycle
Average Filter DRAM BW: 5.208 words/cycle
Average OFMAP DRAM BW: 33.913 words/cycle
Saving traces: Done!

Running Layer 9
Compute cycles: 232695
Stall cycles: 0
Overall utilization: 1.67%
Mapping efficiency: 98.73%
Average IFMAP DRAM BW: 7.975 words/cycle
Average Filter DRAM BW: 0.366 words/cycle
Average OFMAP DRAM BW: 19.999 words/cycle
Saving traces: Done!

Running Layer 10
Compute cycles: 163279
Stall cycles: 0
Overall utilization: 78.67%
Mapping efficiency: 96.49%
Average IFMAP DRAM BW: 7.975 words/cycle
Average Filter DRAM BW: 5.208 words/cycle
Average OFMAP DRAM BW: 20.945 words/cycle
Saving traces: Done!

Running Layer 11
Compute cycles: 68439
Stall cycles: 0
Overall utilization: 1.65%
Mapping efficiency: 97.32%
Average IFMAP DRAM BW: 7.975 words/cycle
Average Filter DRAM BW: 0.366 words/cycle
Average OFMAP DRAM BW: 19.996 words/cycle
Saving traces: Done!

Running Layer 12
Compute cycles: 74099
Stall cycles: 0
Overall utilization: 86.67%
Mapping efficiency: 96.49%
Average IFMAP DRAM BW: 7.975 words/cycle
Average Filter DRAM BW: 6.944 words/cycle
Average OFMAP DRAM BW: 45.765 words/cycle
Saving traces: Done!

Running Layer 13
Compute cycles: 109031
Stall cycles: 0
Overall utilization: 1.52%
Mapping efficiency: 89.77%
Average IFMAP DRAM BW: 7.975 words/cycle
Average Filter DRAM BW: 0.732 words/cycle
Average OFMAP DRAM BW: 19.990 words/cycle
Saving traces: Done!

Running Layer 14
Compute cycles: 148199
Stall cycles: 0
Overall utilization: 86.67%
Mapping efficiency: 96.49%
Average IFMAP DRAM BW: 7.975 words/cycle
Average Filter DRAM BW: 8.333 words/cycle
Average OFMAP DRAM BW: 22.608 words/cycle
Saving traces: Done!

Running Layer 15
Compute cycles: 109031
Stall cycles: 0
Overall utilization: 1.52%
Mapping efficiency: 89.77%
Average IFMAP DRAM BW: 7.975 words/cycle
Average Filter DRAM BW: 0.732 words/cycle
Average OFMAP DRAM BW: 19.990 words/cycle
Saving traces: Done!

Running Layer 16
Compute cycles: 148199
Stall cycles: 0
Overall utilization: 86.67%
Mapping efficiency: 96.49%
Average IFMAP DRAM BW: 7.975 words/cycle
Average Filter DRAM BW: 8.333 words/cycle
Average OFMAP DRAM BW: 22.608 words/cycle
Saving traces: Done!

Running Layer 17
Compute cycles: 109031
Stall cycles: 0
Overall utilization: 1.52%
Mapping efficiency: 89.77%
Average IFMAP DRAM BW: 7.975 words/cycle
Average Filter DRAM BW: 0.732 words/cycle
Average OFMAP DRAM BW: 19.990 words/cycle
Saving traces: Done!

Running Layer 18
Compute cycles: 148199
Stall cycles: 0
Overall utilization: 86.67%
Mapping efficiency: 96.49%
Average IFMAP DRAM BW: 7.975 words/cycle
Average Filter DRAM BW: 8.333 words/cycle
Average OFMAP DRAM BW: 22.608 words/cycle
Saving traces: Done!

Running Layer 19
Compute cycles: 109031
Stall cycles: 0
Overall utilization: 1.52%
Mapping efficiency: 89.77%
Average IFMAP DRAM BW: 7.975 words/cycle
Average Filter DRAM BW: 0.732 words/cycle
Average OFMAP DRAM BW: 19.990 words/cycle
Saving traces: Done!

Running Layer 20
Compute cycles: 148199
Stall cycles: 0
Overall utilization: 86.67%
Mapping efficiency: 96.49%
Average IFMAP DRAM BW: 7.975 words/cycle
Average Filter DRAM BW: 8.333 words/cycle
Average OFMAP DRAM BW: 22.608 words/cycle
Saving traces: Done!

Running Layer 21
Compute cycles: 109031
Stall cycles: 0
Overall utilization: 1.52%
Mapping efficiency: 89.77%
Average IFMAP DRAM BW: 7.975 words/cycle
Average Filter DRAM BW: 0.732 words/cycle
Average OFMAP DRAM BW: 19.990 words/cycle
Saving traces: Done!

Running Layer 22
Compute cycles: 148199
Stall cycles: 0
Overall utilization: 86.67%
Mapping efficiency: 96.49%
Average IFMAP DRAM BW: 7.975 words/cycle
Average Filter DRAM BW: 8.333 words/cycle
Average OFMAP DRAM BW: 22.608 words/cycle
Saving traces: Done!

Running Layer 23
Compute cycles: 40886
Stall cycles: 0
Overall utilization: 1.38%
Mapping efficiency: 81.45%
Average IFMAP DRAM BW: 7.975 words/cycle
Average Filter DRAM BW: 0.732 words/cycle
Average OFMAP DRAM BW: 19.998 words/cycle
Saving traces: Done!

Running Layer 24
Compute cycles: 84395
Stall cycles: 0
Overall utilization: 76.10%
Mapping efficiency: 80.41%
Average IFMAP DRAM BW: 3.987 words/cycle
Average Filter DRAM BW: 9.259 words/cycle
Average OFMAP DRAM BW: 31.240 words/cycle
Saving traces: Done!

Running Layer 25
Compute cycles: 27198
Stall cycles: 0
Overall utilization: 0.76%
Mapping efficiency: 44.98%
Average IFMAP DRAM BW: 7.975 words/cycle
Average Filter DRAM BW: 1.465 words/cycle
Average OFMAP DRAM BW: 19.947 words/cycle
Saving traces: Done!

Running Layer 26
Compute cycles: 168791
Stall cycles: 0
Overall utilization: 76.10%
Mapping efficiency: 80.41%
Average IFMAP DRAM BW: 7.975 words/cycle
Average Filter DRAM BW: 9.804 words/cycle
Average OFMAP DRAM BW: 18.777 words/cycle
Saving traces: Done!
************ SCALE SIM Run Complete ****************
