/home/grads/abv5402/cse530-labfiles/scale-sim-v2/configs/config_4_ws.cfg
Topology file: /home/grads/abv5402/cse530-labfiles/scale-sim-v2/topologies/conv_nets/mobilenet.csv
mobilenet
====================================================
******************* SCALE SIM **********************
====================================================
Array Size: 	16x16
SRAM IFMAP (kB): 	6144
SRAM Filter (kB): 	6144
SRAM OFMAP (kB): 	2048
Dataflow: 	Weight Stationary
CSV file path: 	/home/grads/abv5402/cse530-labfiles/scale-sim-v2/topologies/conv_nets/mobilenet.csv
Working in ESTIMATE BANDWIDTH mode.
====================================================

Running Layer 0
Compute cycles: 50359
Stall cycles: 0
Overall utilization: 84.07%
Mapping efficiency: 84.38%
Average IFMAP DRAM BW: 7.975 words/cycle
Average Filter DRAM BW: 0.137 words/cycle
Average OFMAP DRAM BW: 16.000 words/cycle
Saving traces: Done!

Running Layer 1
Compute cycles: 218627
Stall cycles: 0
Overall utilization: 6.23%
Mapping efficiency: 6.25%
Average IFMAP DRAM BW: 9.115 words/cycle
Average Filter DRAM BW: 0.046 words/cycle
Average OFMAP DRAM BW: 15.999 words/cycle
Saving traces: Done!

Running Layer 2
Compute cycles: 100719
Stall cycles: 0
Overall utilization: 99.64%
Mapping efficiency: 100.00%
Average IFMAP DRAM BW: 9.115 words/cycle
Average Filter DRAM BW: 0.325 words/cycle
Average OFMAP DRAM BW: 23.026 words/cycle
Saving traces: Done!

Running Layer 3
Compute cycles: 114551
Stall cycles: 0
Overall utilization: 6.16%
Mapping efficiency: 6.25%
Average IFMAP DRAM BW: 9.816 words/cycle
Average Filter DRAM BW: 0.092 words/cycle
Average OFMAP DRAM BW: 16.000 words/cycle
Saving traces: Done!

Running Layer 4
Compute cycles: 101823
Stall cycles: 0
Overall utilization: 98.56%
Mapping efficiency: 100.00%
Average IFMAP DRAM BW: 7.975 words/cycle
Average Filter DRAM BW: 1.302 words/cycle
Average OFMAP DRAM BW: 22.890 words/cycle
Saving traces: Done!

Running Layer 5
Compute cycles: 213263
Stall cycles: 0
Overall utilization: 6.15%
Mapping efficiency: 6.25%
Average IFMAP DRAM BW: 9.115 words/cycle
Average Filter DRAM BW: 0.183 words/cycle
Average OFMAP DRAM BW: 16.000 words/cycle
Saving traces: Done!

Running Layer 6
Compute cycles: 203647
Stall cycles: 0
Overall utilization: 98.55%
Mapping efficiency: 100.00%
Average IFMAP DRAM BW: 9.115 words/cycle
Average Filter DRAM BW: 2.604 words/cycle
Average OFMAP DRAM BW: 22.735 words/cycle
Saving traces: Done!

Running Layer 7
Compute cycles: 59759
Stall cycles: 0
Overall utilization: 5.90%
Mapping efficiency: 6.25%
Average IFMAP DRAM BW: 9.115 words/cycle
Average Filter DRAM BW: 0.183 words/cycle
Average OFMAP DRAM BW: 16.000 words/cycle
Saving traces: Done!

Running Layer 8
Compute cycles: 106239
Stall cycles: 0
Overall utilization: 94.46%
Mapping efficiency: 100.00%
Average IFMAP DRAM BW: 7.975 words/cycle
Average Filter DRAM BW: 5.208 words/cycle
Average OFMAP DRAM BW: 22.405 words/cycle
Saving traces: Done!

Running Layer 9
Compute cycles: 103967
Stall cycles: 0
Overall utilization: 5.85%
Mapping efficiency: 6.25%
Average IFMAP DRAM BW: 7.975 words/cycle
Average Filter DRAM BW: 0.366 words/cycle
Average OFMAP DRAM BW: 16.000 words/cycle
Saving traces: Done!

Running Layer 10
Compute cycles: 212479
Stall cycles: 0
Overall utilization: 94.46%
Mapping efficiency: 100.00%
Average IFMAP DRAM BW: 7.975 words/cycle
Average Filter DRAM BW: 5.208 words/cycle
Average OFMAP DRAM BW: 21.818 words/cycle
Saving traces: Done!

Running Layer 11
Compute cycles: 34847
Stall cycles: 0
Overall utilization: 5.06%
Mapping efficiency: 6.25%
Average IFMAP DRAM BW: 7.975 words/cycle
Average Filter DRAM BW: 0.366 words/cycle
Average OFMAP DRAM BW: 16.000 words/cycle
Saving traces: Done!

Running Layer 12
Compute cycles: 123903
Stall cycles: 0
Overall utilization: 80.99%
Mapping efficiency: 100.00%
Average IFMAP DRAM BW: 7.975 words/cycle
Average Filter DRAM BW: 6.944 words/cycle
Average OFMAP DRAM BW: 20.643 words/cycle
Saving traces: Done!

Running Layer 13
Compute cycles: 54719
Stall cycles: 0
Overall utilization: 4.74%
Mapping efficiency: 6.25%
Average IFMAP DRAM BW: 7.975 words/cycle
Average Filter DRAM BW: 0.732 words/cycle
Average OFMAP DRAM BW: 16.000 words/cycle
Saving traces: Done!

Running Layer 14
Compute cycles: 247807
Stall cycles: 0
Overall utilization: 80.99%
Mapping efficiency: 100.00%
Average IFMAP DRAM BW: 7.975 words/cycle
Average Filter DRAM BW: 8.333 words/cycle
Average OFMAP DRAM BW: 18.783 words/cycle
Saving traces: Done!

Running Layer 15
Compute cycles: 54719
Stall cycles: 0
Overall utilization: 4.74%
Mapping efficiency: 6.25%
Average IFMAP DRAM BW: 7.975 words/cycle
Average Filter DRAM BW: 0.732 words/cycle
Average OFMAP DRAM BW: 16.000 words/cycle
Saving traces: Done!

Running Layer 16
Compute cycles: 247807
Stall cycles: 0
Overall utilization: 80.99%
Mapping efficiency: 100.00%
Average IFMAP DRAM BW: 7.975 words/cycle
Average Filter DRAM BW: 8.333 words/cycle
Average OFMAP DRAM BW: 18.783 words/cycle
Saving traces: Done!

Running Layer 17
Compute cycles: 54719
Stall cycles: 0
Overall utilization: 4.74%
Mapping efficiency: 6.25%
Average IFMAP DRAM BW: 7.975 words/cycle
Average Filter DRAM BW: 0.732 words/cycle
Average OFMAP DRAM BW: 16.000 words/cycle
Saving traces: Done!

Running Layer 18
Compute cycles: 247807
Stall cycles: 0
Overall utilization: 80.99%
Mapping efficiency: 100.00%
Average IFMAP DRAM BW: 7.975 words/cycle
Average Filter DRAM BW: 8.333 words/cycle
Average OFMAP DRAM BW: 18.783 words/cycle
Saving traces: Done!

Running Layer 19
Compute cycles: 54719
Stall cycles: 0
Overall utilization: 4.74%
Mapping efficiency: 6.25%
Average IFMAP DRAM BW: 7.975 words/cycle
Average Filter DRAM BW: 0.732 words/cycle
Average OFMAP DRAM BW: 16.000 words/cycle
Saving traces: Done!

Running Layer 20
Compute cycles: 247807
Stall cycles: 0
Overall utilization: 80.99%
Mapping efficiency: 100.00%
Average IFMAP DRAM BW: 7.975 words/cycle
Average Filter DRAM BW: 8.333 words/cycle
Average OFMAP DRAM BW: 18.783 words/cycle
Saving traces: Done!

Running Layer 21
Compute cycles: 54719
Stall cycles: 0
Overall utilization: 4.74%
Mapping efficiency: 6.25%
Average IFMAP DRAM BW: 7.975 words/cycle
Average Filter DRAM BW: 0.732 words/cycle
Average OFMAP DRAM BW: 16.000 words/cycle
Saving traces: Done!

Running Layer 22
Compute cycles: 247807
Stall cycles: 0
Overall utilization: 80.99%
Mapping efficiency: 100.00%
Average IFMAP DRAM BW: 7.975 words/cycle
Average Filter DRAM BW: 8.333 words/cycle
Average OFMAP DRAM BW: 18.783 words/cycle
Saving traces: Done!

Running Layer 23
Compute cycles: 27359
Stall cycles: 0
Overall utilization: 3.22%
Mapping efficiency: 6.25%
Average IFMAP DRAM BW: 7.975 words/cycle
Average Filter DRAM BW: 0.732 words/cycle
Average OFMAP DRAM BW: 16.000 words/cycle
Saving traces: Done!

Running Layer 24
Compute cycles: 194559
Stall cycles: 0
Overall utilization: 51.58%
Mapping efficiency: 100.00%
Average IFMAP DRAM BW: 3.987 words/cycle
Average Filter DRAM BW: 9.259 words/cycle
Average OFMAP DRAM BW: 15.695 words/cycle
Saving traces: Done!

Running Layer 25
Compute cycles: 31679
Stall cycles: 0
Overall utilization: 1.02%
Mapping efficiency: 6.25%
Average IFMAP DRAM BW: 7.975 words/cycle
Average Filter DRAM BW: 1.465 words/cycle
Average OFMAP DRAM BW: 16.000 words/cycle
Saving traces: Done!

Running Layer 26
Compute cycles: 389119
Stall cycles: 0
Overall utilization: 51.58%
Mapping efficiency: 100.00%
Average IFMAP DRAM BW: 7.975 words/cycle
Average Filter DRAM BW: 9.804 words/cycle
Average OFMAP DRAM BW: 12.066 words/cycle
Saving traces: Done!
************ SCALE SIM Run Complete ****************
