/home/grads/abv5402/cse530-labfiles/scale-sim-v2/configs/config_4_is.cfg
Topology file: /home/grads/abv5402/cse530-labfiles/scale-sim-v2/topologies/conv_nets/mobilenet.csv
mobilenet
====================================================
******************* SCALE SIM **********************
====================================================
Array Size: 	16x16
SRAM IFMAP (kB): 	6144
SRAM Filter (kB): 	6144
SRAM OFMAP (kB): 	2048
Dataflow: 	Input Stationary
CSV file path: 	/home/grads/abv5402/cse530-labfiles/scale-sim-v2/topologies/conv_nets/mobilenet.csv
Working in ESTIMATE BANDWIDTH mode.
====================================================

Running Layer 0
Compute cycles: 122303
Stall cycles: 0
Overall utilization: 34.62%
Mapping efficiency: 84.38%
Average IFMAP DRAM BW: 7.975 words/cycle
Average Filter DRAM BW: 0.137 words/cycle
Average OFMAP DRAM BW: 16.000 words/cycle
Saving traces: Done!

Running Layer 1
Compute cycles: 640421
Stall cycles: 0
Overall utilization: 2.13%
Mapping efficiency: 99.90%
Average IFMAP DRAM BW: 9.115 words/cycle
Average Filter DRAM BW: 0.046 words/cycle
Average OFMAP DRAM BW: 15.999 words/cycle
Saving traces: Done!

Running Layer 2
Compute cycles: 172479
Stall cycles: 0
Overall utilization: 58.18%
Mapping efficiency: 100.00%
Average IFMAP DRAM BW: 9.115 words/cycle
Average Filter DRAM BW: 0.325 words/cycle
Average OFMAP DRAM BW: 16.969 words/cycle
Saving traces: Done!

Running Layer 3
Compute cycles: 331631
Stall cycles: 0
Overall utilization: 2.13%
Mapping efficiency: 100.00%
Average IFMAP DRAM BW: 9.816 words/cycle
Average Filter DRAM BW: 0.092 words/cycle
Average OFMAP DRAM BW: 16.000 words/cycle
Saving traces: Done!

Running Layer 4
Compute cycles: 136415
Stall cycles: 0
Overall utilization: 73.56%
Mapping efficiency: 100.00%
Average IFMAP DRAM BW: 7.975 words/cycle
Average Filter DRAM BW: 1.302 words/cycle
Average OFMAP DRAM BW: 19.554 words/cycle
Saving traces: Done!

Running Layer 5
Compute cycles: 619271
Stall cycles: 0
Overall utilization: 2.12%
Mapping efficiency: 99.59%
Average IFMAP DRAM BW: 9.115 words/cycle
Average Filter DRAM BW: 0.183 words/cycle
Average OFMAP DRAM BW: 16.000 words/cycle
Saving traces: Done!

Running Layer 6
Compute cycles: 272831
Stall cycles: 0
Overall utilization: 73.56%
Mapping efficiency: 100.00%
Average IFMAP DRAM BW: 9.115 words/cycle
Average Filter DRAM BW: 2.604 words/cycle
Average OFMAP DRAM BW: 17.099 words/cycle
Saving traces: Done!

Running Layer 7
Compute cycles: 165815
Stall cycles: 0
Overall utilization: 2.13%
Mapping efficiency: 100.00%
Average IFMAP DRAM BW: 9.115 words/cycle
Average Filter DRAM BW: 0.183 words/cycle
Average OFMAP DRAM BW: 16.000 words/cycle
Saving traces: Done!

Running Layer 8
Compute cycles: 118383
Stall cycles: 0
Overall utilization: 84.77%
Mapping efficiency: 100.00%
Average IFMAP DRAM BW: 7.975 words/cycle
Average Filter DRAM BW: 5.208 words/cycle
Average OFMAP DRAM BW: 21.167 words/cycle
Saving traces: Done!

Running Layer 9
Compute cycles: 291023
Stall cycles: 0
Overall utilization: 2.09%
Mapping efficiency: 98.26%
Average IFMAP DRAM BW: 7.975 words/cycle
Average Filter DRAM BW: 0.366 words/cycle
Average OFMAP DRAM BW: 16.000 words/cycle
Saving traces: Done!

Running Layer 10
Compute cycles: 236767
Stall cycles: 0
Overall utilization: 84.77%
Mapping efficiency: 100.00%
Average IFMAP DRAM BW: 7.975 words/cycle
Average Filter DRAM BW: 5.208 words/cycle
Average OFMAP DRAM BW: 19.638 words/cycle
Saving traces: Done!

Running Layer 11
Compute cycles: 87983
Stall cycles: 0
Overall utilization: 2.00%
Mapping efficiency: 94.23%
Average IFMAP DRAM BW: 7.975 words/cycle
Average Filter DRAM BW: 0.366 words/cycle
Average OFMAP DRAM BW: 16.000 words/cycle
Saving traces: Done!

Running Layer 12
Compute cycles: 116063
Stall cycles: 0
Overall utilization: 86.46%
Mapping efficiency: 94.23%
Average IFMAP DRAM BW: 7.975 words/cycle
Average Filter DRAM BW: 6.944 words/cycle
Average OFMAP DRAM BW: 20.216 words/cycle
Saving traces: Done!

Running Layer 13
Compute cycles: 121823
Stall cycles: 0
Overall utilization: 2.13%
Mapping efficiency: 100.00%
Average IFMAP DRAM BW: 7.975 words/cycle
Average Filter DRAM BW: 0.732 words/cycle
Average OFMAP DRAM BW: 16.000 words/cycle
Saving traces: Done!

Running Layer 14
Compute cycles: 232127
Stall cycles: 0
Overall utilization: 86.46%
Mapping efficiency: 94.23%
Average IFMAP DRAM BW: 7.975 words/cycle
Average Filter DRAM BW: 8.333 words/cycle
Average OFMAP DRAM BW: 19.490 words/cycle
Saving traces: Done!

Running Layer 15
Compute cycles: 121823
Stall cycles: 0
Overall utilization: 2.13%
Mapping efficiency: 100.00%
Average IFMAP DRAM BW: 7.975 words/cycle
Average Filter DRAM BW: 0.732 words/cycle
Average OFMAP DRAM BW: 16.000 words/cycle
Saving traces: Done!

Running Layer 16
Compute cycles: 232127
Stall cycles: 0
Overall utilization: 86.46%
Mapping efficiency: 94.23%
Average IFMAP DRAM BW: 7.975 words/cycle
Average Filter DRAM BW: 8.333 words/cycle
Average OFMAP DRAM BW: 19.490 words/cycle
Saving traces: Done!

Running Layer 17
Compute cycles: 121823
Stall cycles: 0
Overall utilization: 2.13%
Mapping efficiency: 100.00%
Average IFMAP DRAM BW: 7.975 words/cycle
Average Filter DRAM BW: 0.732 words/cycle
Average OFMAP DRAM BW: 16.000 words/cycle
Saving traces: Done!

Running Layer 18
Compute cycles: 232127
Stall cycles: 0
Overall utilization: 86.46%
Mapping efficiency: 94.23%
Average IFMAP DRAM BW: 7.975 words/cycle
Average Filter DRAM BW: 8.333 words/cycle
Average OFMAP DRAM BW: 19.490 words/cycle
Saving traces: Done!

Running Layer 19
Compute cycles: 121823
Stall cycles: 0
Overall utilization: 2.13%
Mapping efficiency: 100.00%
Average IFMAP DRAM BW: 7.975 words/cycle
Average Filter DRAM BW: 0.732 words/cycle
Average OFMAP DRAM BW: 16.000 words/cycle
Saving traces: Done!

Running Layer 20
Compute cycles: 232127
Stall cycles: 0
Overall utilization: 86.46%
Mapping efficiency: 94.23%
Average IFMAP DRAM BW: 7.975 words/cycle
Average Filter DRAM BW: 8.333 words/cycle
Average OFMAP DRAM BW: 19.490 words/cycle
Saving traces: Done!

Running Layer 21
Compute cycles: 121823
Stall cycles: 0
Overall utilization: 2.13%
Mapping efficiency: 100.00%
Average IFMAP DRAM BW: 7.975 words/cycle
Average Filter DRAM BW: 0.732 words/cycle
Average OFMAP DRAM BW: 16.000 words/cycle
Saving traces: Done!

Running Layer 22
Compute cycles: 232127
Stall cycles: 0
Overall utilization: 86.46%
Mapping efficiency: 94.23%
Average IFMAP DRAM BW: 7.975 words/cycle
Average Filter DRAM BW: 8.333 words/cycle
Average OFMAP DRAM BW: 19.490 words/cycle
Saving traces: Done!

Running Layer 23
Compute cycles: 54143
Stall cycles: 0
Overall utilization: 1.63%
Mapping efficiency: 76.56%
Average IFMAP DRAM BW: 7.975 words/cycle
Average Filter DRAM BW: 0.732 words/cycle
Average OFMAP DRAM BW: 16.000 words/cycle
Saving traces: Done!

Running Layer 24
Compute cycles: 136959
Stall cycles: 0
Overall utilization: 73.27%
Mapping efficiency: 76.56%
Average IFMAP DRAM BW: 3.987 words/cycle
Average Filter DRAM BW: 9.259 words/cycle
Average OFMAP DRAM BW: 15.549 words/cycle
Saving traces: Done!

Running Layer 25
Compute cycles: 27071
Stall cycles: 0
Overall utilization: 1.20%
Mapping efficiency: 56.25%
Average IFMAP DRAM BW: 7.975 words/cycle
Average Filter DRAM BW: 1.465 words/cycle
Average OFMAP DRAM BW: 16.000 words/cycle
Saving traces: Done!

Running Layer 26
Compute cycles: 273919
Stall cycles: 0
Overall utilization: 73.27%
Mapping efficiency: 76.56%
Average IFMAP DRAM BW: 7.975 words/cycle
Average Filter DRAM BW: 9.804 words/cycle
Average OFMAP DRAM BW: 15.328 words/cycle
Saving traces: Done!
************ SCALE SIM Run Complete ****************
