/home/grads/abv5402/cse530-labfiles/scale-sim-v2/configs/google.cfg
Topology file: /home/grads/abv5402/cse530-labfiles/scale-sim-v2/topologies/conv_nets/mobilenet.csv
mobilenet
====================================================
******************* SCALE SIM **********************
====================================================
Array Size: 	256x256
SRAM IFMAP (kB): 	6144
SRAM Filter (kB): 	6144
SRAM OFMAP (kB): 	2048
Dataflow: 	Weight Stationary
CSV file path: 	/home/grads/abv5402/cse530-labfiles/scale-sim-v2/topologies/conv_nets/mobilenet.csv
Working in ESTIMATE BANDWIDTH mode.
====================================================

Running Layer 0
Compute cycles: 13309
Stall cycles: 0
Overall utilization: 1.24%
Mapping efficiency: 1.32%
Average IFMAP DRAM BW: 7.975 words/cycle
Average Filter DRAM BW: 0.137 words/cycle
Average OFMAP DRAM BW: 256.000 words/cycle
Saving traces: Done!

Running Layer 1
Compute cycles: 25731
Stall cycles: 0
Overall utilization: 0.21%
Mapping efficiency: 0.22%
Average IFMAP DRAM BW: 9.115 words/cycle
Average Filter DRAM BW: 0.046 words/cycle
Average OFMAP DRAM BW: 254.737 words/cycle
Saving traces: Done!

Running Layer 2
Compute cycles: 13309
Stall cycles: 0
Overall utilization: 2.95%
Mapping efficiency: 3.12%
Average IFMAP DRAM BW: 9.115 words/cycle
Average Filter DRAM BW: 0.325 words/cycle
Average OFMAP DRAM BW: 256.000 words/cycle
Saving traces: Done!

Running Layer 3
Compute cycles: 11705
Stall cycles: 0
Overall utilization: 0.24%
Mapping efficiency: 0.29%
Average IFMAP DRAM BW: 9.816 words/cycle
Average Filter DRAM BW: 0.092 words/cycle
Average OFMAP DRAM BW: 254.270 words/cycle
Saving traces: Done!

Running Layer 4
Compute cycles: 3901
Stall cycles: 0
Overall utilization: 10.05%
Mapping efficiency: 12.50%
Average IFMAP DRAM BW: 7.975 words/cycle
Average Filter DRAM BW: 1.302 words/cycle
Average OFMAP DRAM BW: 256.000 words/cycle
Saving traces: Done!

Running Layer 5
Compute cycles: 18409
Stall cycles: 0
Overall utilization: 0.28%
Mapping efficiency: 0.35%
Average IFMAP DRAM BW: 9.115 words/cycle
Average Filter DRAM BW: 0.183 words/cycle
Average OFMAP DRAM BW: 255.789 words/cycle
Saving traces: Done!

Running Layer 6
Compute cycles: 3901
Stall cycles: 0
Overall utilization: 20.10%
Mapping efficiency: 25.00%
Average IFMAP DRAM BW: 9.115 words/cycle
Average Filter DRAM BW: 2.604 words/cycle
Average OFMAP DRAM BW: 256.000 words/cycle
Saving traces: Done!

Running Layer 7
Compute cycles: 7749
Stall cycles: 0
Overall utilization: 0.18%
Mapping efficiency: 0.35%
Average IFMAP DRAM BW: 9.115 words/cycle
Average Filter DRAM BW: 0.183 words/cycle
Average OFMAP DRAM BW: 245.000 words/cycle
Saving traces: Done!

Running Layer 8
Compute cycles: 1549
Stall cycles: 0
Overall utilization: 25.31%
Mapping efficiency: 50.00%
Average IFMAP DRAM BW: 7.975 words/cycle
Average Filter DRAM BW: 5.208 words/cycle
Average OFMAP DRAM BW: 256.000 words/cycle
Saving traces: Done!

Running Layer 9
Compute cycles: 12977
Stall cycles: 0
Overall utilization: 0.18%
Mapping efficiency: 0.39%
Average IFMAP DRAM BW: 7.975 words/cycle
Average Filter DRAM BW: 0.366 words/cycle
Average OFMAP DRAM BW: 253.500 words/cycle
Saving traces: Done!

Running Layer 10
Compute cycles: 1549
Stall cycles: 0
Overall utilization: 50.61%
Mapping efficiency: 100.00%
Average IFMAP DRAM BW: 7.975 words/cycle
Average Filter DRAM BW: 5.208 words/cycle
Average OFMAP DRAM BW: 256.000 words/cycle
Saving traces: Done!

Running Layer 11
Compute cycles: 8657
Stall cycles: 0
Overall utilization: 0.08%
Mapping efficiency: 0.39%
Average IFMAP DRAM BW: 7.975 words/cycle
Average Filter DRAM BW: 0.366 words/cycle
Average OFMAP DRAM BW: 252.000 words/cycle
Saving traces: Done!

Running Layer 12
Compute cycles: 1923
Stall cycles: 0
Overall utilization: 20.38%
Mapping efficiency: 100.00%
Average IFMAP DRAM BW: 7.975 words/cycle
Average Filter DRAM BW: 6.944 words/cycle
Average OFMAP DRAM BW: 256.000 words/cycle
Saving traces: Done!

Running Layer 13
Compute cycles: 16379
Stall cycles: 0
Overall utilization: 0.06%
Mapping efficiency: 0.39%
Average IFMAP DRAM BW: 7.975 words/cycle
Average Filter DRAM BW: 0.732 words/cycle
Average OFMAP DRAM BW: 235.636 words/cycle
Saving traces: Done!

Running Layer 14
Compute cycles: 3847
Stall cycles: 0
Overall utilization: 20.38%
Mapping efficiency: 100.00%
Average IFMAP DRAM BW: 7.975 words/cycle
Average Filter DRAM BW: 8.333 words/cycle
Average OFMAP DRAM BW: 256.000 words/cycle
Saving traces: Done!

Running Layer 15
Compute cycles: 16379
Stall cycles: 0
Overall utilization: 0.06%
Mapping efficiency: 0.39%
Average IFMAP DRAM BW: 7.975 words/cycle
Average Filter DRAM BW: 0.732 words/cycle
Average OFMAP DRAM BW: 235.636 words/cycle
Saving traces: Done!

Running Layer 16
Compute cycles: 3847
Stall cycles: 0
Overall utilization: 20.38%
Mapping efficiency: 100.00%
Average IFMAP DRAM BW: 7.975 words/cycle
Average Filter DRAM BW: 8.333 words/cycle
Average OFMAP DRAM BW: 256.000 words/cycle
Saving traces: Done!

Running Layer 17
Compute cycles: 16379
Stall cycles: 0
Overall utilization: 0.06%
Mapping efficiency: 0.39%
Average IFMAP DRAM BW: 7.975 words/cycle
Average Filter DRAM BW: 0.732 words/cycle
Average OFMAP DRAM BW: 235.636 words/cycle
Saving traces: Done!

Running Layer 18
Compute cycles: 3847
Stall cycles: 0
Overall utilization: 20.38%
Mapping efficiency: 100.00%
Average IFMAP DRAM BW: 7.975 words/cycle
Average Filter DRAM BW: 8.333 words/cycle
Average OFMAP DRAM BW: 256.000 words/cycle
Saving traces: Done!

Running Layer 19
Compute cycles: 16379
Stall cycles: 0
Overall utilization: 0.06%
Mapping efficiency: 0.39%
Average IFMAP DRAM BW: 7.975 words/cycle
Average Filter DRAM BW: 0.732 words/cycle
Average OFMAP DRAM BW: 235.636 words/cycle
Saving traces: Done!

Running Layer 20
Compute cycles: 3847
Stall cycles: 0
Overall utilization: 20.38%
Mapping efficiency: 100.00%
Average IFMAP DRAM BW: 7.975 words/cycle
Average Filter DRAM BW: 8.333 words/cycle
Average OFMAP DRAM BW: 256.000 words/cycle
Saving traces: Done!

Running Layer 21
Compute cycles: 16379
Stall cycles: 0
Overall utilization: 0.06%
Mapping efficiency: 0.39%
Average IFMAP DRAM BW: 7.975 words/cycle
Average Filter DRAM BW: 0.732 words/cycle
Average OFMAP DRAM BW: 235.636 words/cycle
Saving traces: Done!

Running Layer 22
Compute cycles: 3847
Stall cycles: 0
Overall utilization: 20.38%
Mapping efficiency: 100.00%
Average IFMAP DRAM BW: 7.975 words/cycle
Average Filter DRAM BW: 8.333 words/cycle
Average OFMAP DRAM BW: 256.000 words/cycle
Saving traces: Done!

Running Layer 23
Compute cycles: 14669
Stall cycles: 0
Overall utilization: 0.02%
Mapping efficiency: 0.39%
Average IFMAP DRAM BW: 7.975 words/cycle
Average Filter DRAM BW: 0.732 words/cycle
Average OFMAP DRAM BW: 220.500 words/cycle
Saving traces: Done!

Running Layer 24
Compute cycles: 6519
Stall cycles: 0
Overall utilization: 6.01%
Mapping efficiency: 100.00%
Average IFMAP DRAM BW: 3.987 words/cycle
Average Filter DRAM BW: 9.259 words/cycle
Average OFMAP DRAM BW: 256.000 words/cycle
Saving traces: Done!

Running Layer 25
Compute cycles: 27899
Stall cycles: 0
Overall utilization: 0.00%
Mapping efficiency: 0.39%
Average IFMAP DRAM BW: 7.975 words/cycle
Average Filter DRAM BW: 1.465 words/cycle
Average OFMAP DRAM BW: 162.000 words/cycle
Saving traces: Done!

Running Layer 26
Compute cycles: 13039
Stall cycles: 0
Overall utilization: 6.01%
Mapping efficiency: 100.00%
Average IFMAP DRAM BW: 7.975 words/cycle
Average Filter DRAM BW: 9.804 words/cycle
Average OFMAP DRAM BW: 256.000 words/cycle
Saving traces: Done!
************ SCALE SIM Run Complete ****************
