/home/grads/abv5402/cse530-labfiles/scale-sim-v2/configs/google_is.cfg
Topology file: /home/grads/abv5402/cse530-labfiles/scale-sim-v2/topologies/conv_nets/mobilenet.csv
mobilenet
====================================================
******************* SCALE SIM **********************
====================================================
Array Size: 	256x256
SRAM IFMAP (kB): 	6144
SRAM Filter (kB): 	6144
SRAM OFMAP (kB): 	2048
Dataflow: 	Input Stationary
CSV file path: 	/home/grads/abv5402/cse530-labfiles/scale-sim-v2/topologies/conv_nets/mobilenet.csv
Working in ESTIMATE BANDWIDTH mode.
====================================================

Running Layer 0
Compute cycles: 39101
Stall cycles: 0
Overall utilization: 0.42%
Mapping efficiency: 10.55%
Average IFMAP DRAM BW: 7.975 words/cycle
Average Filter DRAM BW: 0.137 words/cycle
Average OFMAP DRAM BW: 256.000 words/cycle
Saving traces: Done!

Running Layer 1
Compute cycles: 73631
Stall cycles: 0
Overall utilization: 0.07%
Mapping efficiency: 55.39%
Average IFMAP DRAM BW: 9.115 words/cycle
Average Filter DRAM BW: 0.046 words/cycle
Average OFMAP DRAM BW: 254.737 words/cycle
Saving traces: Done!

Running Layer 2
Compute cycles: 40669
Stall cycles: 0
Overall utilization: 0.96%
Mapping efficiency: 12.50%
Average IFMAP DRAM BW: 9.115 words/cycle
Average Filter DRAM BW: 0.325 words/cycle
Average OFMAP DRAM BW: 256.000 words/cycle
Saving traces: Done!

Running Layer 3
Compute cycles: 29912
Stall cycles: 0
Overall utilization: 0.09%
Mapping efficiency: 70.67%
Average IFMAP DRAM BW: 9.816 words/cycle
Average Filter DRAM BW: 0.092 words/cycle
Average OFMAP DRAM BW: 254.270 words/cycle
Saving traces: Done!

Running Layer 4
Compute cycles: 11621
Stall cycles: 0
Overall utilization: 3.37%
Mapping efficiency: 23.56%
Average IFMAP DRAM BW: 7.975 words/cycle
Average Filter DRAM BW: 1.302 words/cycle
Average OFMAP DRAM BW: 256.000 words/cycle
Saving traces: Done!

Running Layer 5
Compute cycles: 46019
Stall cycles: 0
Overall utilization: 0.11%
Mapping efficiency: 85.43%
Average IFMAP DRAM BW: 9.115 words/cycle
Average Filter DRAM BW: 0.183 words/cycle
Average OFMAP DRAM BW: 255.789 words/cycle
Saving traces: Done!

Running Layer 6
Compute cycles: 11621
Stall cycles: 0
Overall utilization: 6.75%
Mapping efficiency: 47.12%
Average IFMAP DRAM BW: 9.115 words/cycle
Average Filter DRAM BW: 2.604 words/cycle
Average OFMAP DRAM BW: 256.000 words/cycle
Saving traces: Done!

Running Layer 7
Compute cycles: 15339
Stall cycles: 0
Overall utilization: 0.09%
Mapping efficiency: 68.91%
Average IFMAP DRAM BW: 9.115 words/cycle
Average Filter DRAM BW: 0.183 words/cycle
Average OFMAP DRAM BW: 245.000 words/cycle
Saving traces: Done!

Running Layer 8
Compute cycles: 4087
Stall cycles: 0
Overall utilization: 9.59%
Mapping efficiency: 38.28%
Average IFMAP DRAM BW: 7.975 words/cycle
Average Filter DRAM BW: 5.208 words/cycle
Average OFMAP DRAM BW: 256.000 words/cycle
Saving traces: Done!

Running Layer 9
Compute cycles: 20708
Stall cycles: 0
Overall utilization: 0.11%
Mapping efficiency: 88.02%
Average IFMAP DRAM BW: 7.975 words/cycle
Average Filter DRAM BW: 0.366 words/cycle
Average OFMAP DRAM BW: 253.500 words/cycle
Saving traces: Done!

Running Layer 10
Compute cycles: 4087
Stall cycles: 0
Overall utilization: 19.18%
Mapping efficiency: 76.56%
Average IFMAP DRAM BW: 7.975 words/cycle
Average Filter DRAM BW: 5.208 words/cycle
Average OFMAP DRAM BW: 256.000 words/cycle
Saving traces: Done!

Running Layer 11
Compute cycles: 6902
Stall cycles: 0
Overall utilization: 0.10%
Mapping efficiency: 76.56%
Average IFMAP DRAM BW: 7.975 words/cycle
Average Filter DRAM BW: 0.366 words/cycle
Average OFMAP DRAM BW: 252.000 words/cycle
Saving traces: Done!

Running Layer 12
Compute cycles: 1277
Stall cycles: 0
Overall utilization: 30.70%
Mapping efficiency: 76.56%
Average IFMAP DRAM BW: 7.975 words/cycle
Average Filter DRAM BW: 6.944 words/cycle
Average OFMAP DRAM BW: 256.000 words/cycle
Saving traces: Done!

Running Layer 13
Compute cycles: 13805
Stall cycles: 0
Overall utilization: 0.07%
Mapping efficiency: 56.25%
Average IFMAP DRAM BW: 7.975 words/cycle
Average Filter DRAM BW: 0.732 words/cycle
Average OFMAP DRAM BW: 235.636 words/cycle
Saving traces: Done!

Running Layer 14
Compute cycles: 2555
Stall cycles: 0
Overall utilization: 30.68%
Mapping efficiency: 76.56%
Average IFMAP DRAM BW: 7.975 words/cycle
Average Filter DRAM BW: 8.333 words/cycle
Average OFMAP DRAM BW: 256.000 words/cycle
Saving traces: Done!

Running Layer 15
Compute cycles: 13805
Stall cycles: 0
Overall utilization: 0.07%
Mapping efficiency: 56.25%
Average IFMAP DRAM BW: 7.975 words/cycle
Average Filter DRAM BW: 0.732 words/cycle
Average OFMAP DRAM BW: 235.636 words/cycle
Saving traces: Done!

Running Layer 16
Compute cycles: 2555
Stall cycles: 0
Overall utilization: 30.68%
Mapping efficiency: 76.56%
Average IFMAP DRAM BW: 7.975 words/cycle
Average Filter DRAM BW: 8.333 words/cycle
Average OFMAP DRAM BW: 256.000 words/cycle
Saving traces: Done!

Running Layer 17
Compute cycles: 13805
Stall cycles: 0
Overall utilization: 0.07%
Mapping efficiency: 56.25%
Average IFMAP DRAM BW: 7.975 words/cycle
Average Filter DRAM BW: 0.732 words/cycle
Average OFMAP DRAM BW: 235.636 words/cycle
Saving traces: Done!

Running Layer 18
Compute cycles: 2555
Stall cycles: 0
Overall utilization: 30.68%
Mapping efficiency: 76.56%
Average IFMAP DRAM BW: 7.975 words/cycle
Average Filter DRAM BW: 8.333 words/cycle
Average OFMAP DRAM BW: 256.000 words/cycle
Saving traces: Done!

Running Layer 19
Compute cycles: 13805
Stall cycles: 0
Overall utilization: 0.07%
Mapping efficiency: 56.25%
Average IFMAP DRAM BW: 7.975 words/cycle
Average Filter DRAM BW: 0.732 words/cycle
Average OFMAP DRAM BW: 235.636 words/cycle
Saving traces: Done!

Running Layer 20
Compute cycles: 2555
Stall cycles: 0
Overall utilization: 30.68%
Mapping efficiency: 76.56%
Average IFMAP DRAM BW: 7.975 words/cycle
Average Filter DRAM BW: 8.333 words/cycle
Average OFMAP DRAM BW: 256.000 words/cycle
Saving traces: Done!

Running Layer 21
Compute cycles: 13805
Stall cycles: 0
Overall utilization: 0.07%
Mapping efficiency: 56.25%
Average IFMAP DRAM BW: 7.975 words/cycle
Average Filter DRAM BW: 0.732 words/cycle
Average OFMAP DRAM BW: 235.636 words/cycle
Saving traces: Done!

Running Layer 22
Compute cycles: 2555
Stall cycles: 0
Overall utilization: 30.68%
Mapping efficiency: 76.56%
Average IFMAP DRAM BW: 7.975 words/cycle
Average Filter DRAM BW: 8.333 words/cycle
Average OFMAP DRAM BW: 256.000 words/cycle
Saving traces: Done!

Running Layer 23
Compute cycles: 13805
Stall cycles: 0
Overall utilization: 0.02%
Mapping efficiency: 19.14%
Average IFMAP DRAM BW: 7.975 words/cycle
Average Filter DRAM BW: 0.732 words/cycle
Average OFMAP DRAM BW: 220.500 words/cycle
Saving traces: Done!

Running Layer 24
Compute cycles: 3579
Stall cycles: 0
Overall utilization: 10.95%
Mapping efficiency: 19.14%
Average IFMAP DRAM BW: 3.987 words/cycle
Average Filter DRAM BW: 9.259 words/cycle
Average OFMAP DRAM BW: 256.000 words/cycle
Saving traces: Done!

Running Layer 25
Compute cycles: 27611
Stall cycles: 0
Overall utilization: 0.00%
Mapping efficiency: 3.52%
Average IFMAP DRAM BW: 7.975 words/cycle
Average Filter DRAM BW: 1.465 words/cycle
Average OFMAP DRAM BW: 162.000 words/cycle
Saving traces: Done!

Running Layer 26
Compute cycles: 7159
Stall cycles: 0
Overall utilization: 10.95%
Mapping efficiency: 19.14%
Average IFMAP DRAM BW: 7.975 words/cycle
Average Filter DRAM BW: 9.804 words/cycle
Average OFMAP DRAM BW: 256.000 words/cycle
Saving traces: Done!
************ SCALE SIM Run Complete ****************
